2025-05-05 16:44:59,833 - INFO - ========================================
2025-05-05 16:44:59,834 - INFO - Blur Detection Script started at 20250505_164459
2025-05-05 16:44:59,834 - INFO - ========================================
2025-05-05 16:44:59,834 - INFO - Starting video analysis on: /home/ubuntu/code/drew/e2e_sam2/data/Scenes 001-020__5B14-5a- only_20230816051800694.mp4
2025-05-05 16:44:59,847 - INFO - Video dimensions: 960x540
2025-05-05 16:44:59,847 - INFO - FPS: 24.00
2025-05-05 16:44:59,847 - INFO - Total frames: 848
2025-05-05 16:44:59,847 - INFO - Duration: 35.33 seconds
2025-05-05 16:45:44,660 - INFO - Processed 848 frames
2025-05-05 16:45:44,661 - INFO - Average processing times per frame:
2025-05-05 16:45:44,661 - INFO -   Laplacian: 0.0070 seconds
2025-05-05 16:45:44,661 - INFO -   Tenengrad: 0.0102 seconds
2025-05-05 16:45:44,661 - INFO -   FFT: 0.0345 seconds
2025-05-05 16:45:44,661 - INFO - Starting temporal analysis
2025-05-05 16:45:44,661 - INFO - Frame 0000: Sharp=False | Lap=560.76 | Ten=14.37 | FFT=3.56
2025-05-05 16:45:44,661 - INFO - Frame 0001: Sharp=False | Lap=558.65 | Ten=14.33 | FFT=3.56
2025-05-05 16:45:44,661 - INFO - Frame 0002: Sharp=False | Lap=553.70 | Ten=14.29 | FFT=3.55
2025-05-05 16:45:44,661 - INFO - Frame 0003: Sharp=False | Lap=557.92 | Ten=14.33 | FFT=3.56
2025-05-05 16:45:44,661 - INFO - Frame 0004: Sharp=False | Lap=556.59 | Ten=14.28 | FFT=3.55
2025-05-05 16:45:44,661 - INFO - Frame 0005: Sharp=False | Lap=552.00 | Ten=14.27 | FFT=3.54
2025-05-05 16:45:44,662 - INFO - Frame 0006: Sharp=False | Lap=562.53 | Ten=14.30 | FFT=3.56
2025-05-05 16:45:44,662 - INFO - Frame 0007: Sharp=False | Lap=556.67 | Ten=14.27 | FFT=3.55
2025-05-05 16:45:44,662 - INFO - Frame 0008: Sharp=False | Lap=544.52 | Ten=14.27 | FFT=3.54
2025-05-05 16:45:44,662 - INFO - Frame 0009: Sharp=False | Lap=532.75 | Ten=14.25 | FFT=3.53
2025-05-05 16:45:44,662 - INFO - Frame 0010: Sharp=False | Lap=545.82 | Ten=14.41 | FFT=3.55
2025-05-05 16:45:44,662 - INFO - Frame 0011: Sharp=False | Lap=546.53 | Ten=14.58 | FFT=3.57
2025-05-05 16:45:44,662 - INFO - Frame 0012: Sharp=False | Lap=542.82 | Ten=14.67 | FFT=3.59
2025-05-05 16:45:44,662 - INFO - Frame 0013: Sharp=False | Lap=547.66 | Ten=14.81 | FFT=3.61
2025-05-05 16:45:44,662 - INFO - Frame 0014: Sharp=False | Lap=546.07 | Ten=14.77 | FFT=3.61
2025-05-05 16:45:44,662 - INFO - Frame 0015: Sharp=False | Lap=541.35 | Ten=14.75 | FFT=3.60
2025-05-05 16:45:44,662 - INFO - Frame 0016: Sharp=False | Lap=551.78 | Ten=14.82 | FFT=3.62
2025-05-05 16:45:44,662 - INFO - Frame 0017: Sharp=False | Lap=546.49 | Ten=14.81 | FFT=3.62
2025-05-05 16:45:44,662 - INFO - Frame 0018: Sharp=False | Lap=561.87 | Ten=14.61 | FFT=3.61
2025-05-05 16:45:44,662 - INFO - Frame 0019: Sharp=False | Lap=548.25 | Ten=14.56 | FFT=3.59
2025-05-05 16:45:44,662 - INFO - Frame 0020: Sharp=False | Lap=560.45 | Ten=14.61 | FFT=3.60
2025-05-05 16:45:44,662 - INFO - Frame 0021: Sharp=False | Lap=559.83 | Ten=14.63 | FFT=3.61
2025-05-05 16:45:44,662 - INFO - Frame 0022: Sharp=False | Lap=560.95 | Ten=14.67 | FFT=3.63
2025-05-05 16:45:44,662 - INFO - Frame 0023: Sharp=False | Lap=546.88 | Ten=14.62 | FFT=3.61
2025-05-05 16:45:44,662 - INFO - Frame 0024: Sharp=False | Lap=559.37 | Ten=14.68 | FFT=3.62
2025-05-05 16:45:44,662 - INFO - Frame 0025: Sharp=False | Lap=559.13 | Ten=14.68 | FFT=3.62
2025-05-05 16:45:44,662 - INFO - Frame 0026: Sharp=False | Lap=554.43 | Ten=14.66 | FFT=3.62
2025-05-05 16:45:44,663 - INFO - Frame 0027: Sharp=False | Lap=559.05 | Ten=14.76 | FFT=3.63
2025-05-05 16:45:44,663 - INFO - Frame 0028: Sharp=False | Lap=559.10 | Ten=14.80 | FFT=3.64
2025-05-05 16:45:44,663 - INFO - Frame 0029: Sharp=False | Lap=554.31 | Ten=15.05 | FFT=3.57
2025-05-05 16:45:44,663 - INFO - Frame 0030: Sharp=False | Lap=564.56 | Ten=15.39 | FFT=3.60
2025-05-05 16:45:44,663 - INFO - Frame 0031: Sharp=False | Lap=558.26 | Ten=15.63 | FFT=3.58
2025-05-05 16:45:44,663 - INFO - Frame 0032: Sharp=False | Lap=546.89 | Ten=15.99 | FFT=3.61
2025-05-05 16:45:44,663 - INFO - Frame 0033: Sharp=False | Lap=535.00 | Ten=16.17 | FFT=3.61
2025-05-05 16:45:44,663 - INFO - Frame 0034: Sharp=False | Lap=547.32 | Ten=16.52 | FFT=3.72
2025-05-05 16:45:44,663 - INFO - Frame 0035: Sharp=False | Lap=546.01 | Ten=16.42 | FFT=3.70
2025-05-05 16:45:44,663 - INFO - Frame 0036: Sharp=False | Lap=542.54 | Ten=16.03 | FFT=3.73
2025-05-05 16:45:44,663 - INFO - Frame 0037: Sharp=False | Lap=545.48 | Ten=16.09 | FFT=3.79
2025-05-05 16:45:44,663 - INFO - Frame 0038: Sharp=False | Lap=544.26 | Ten=16.04 | FFT=3.85
2025-05-05 16:45:44,663 - INFO - Frame 0039: Sharp=False | Lap=538.81 | Ten=15.79 | FFT=3.87
2025-05-05 16:45:44,663 - INFO - Frame 0040: Sharp=False | Lap=548.00 | Ten=15.66 | FFT=3.84
2025-05-05 16:45:44,663 - INFO - Frame 0041: Sharp=False | Lap=541.75 | Ten=15.48 | FFT=3.84
2025-05-05 16:45:44,663 - INFO - Frame 0042: Sharp=False | Lap=556.44 | Ten=15.60 | FFT=3.88
2025-05-05 16:45:44,663 - INFO - Frame 0043: Sharp=False | Lap=543.37 | Ten=15.37 | FFT=3.87
2025-05-05 16:45:44,663 - INFO - Frame 0044: Sharp=False | Lap=555.73 | Ten=15.45 | FFT=3.87
2025-05-05 16:45:44,663 - INFO - Frame 0045: Sharp=False | Lap=555.12 | Ten=16.48 | FFT=4.13
2025-05-05 16:45:44,663 - INFO - Frame 0046: Sharp=False | Lap=552.62 | Ten=17.87 | FFT=4.53
2025-05-05 16:45:44,663 - INFO - Frame 0047: Sharp=False | Lap=538.77 | Ten=17.81 | FFT=4.52
2025-05-05 16:45:44,664 - INFO - Frame 0048: Sharp=False | Lap=551.51 | Ten=18.01 | FFT=4.56
2025-05-05 16:45:44,664 - INFO - Frame 0049: Sharp=False | Lap=552.00 | Ten=18.09 | FFT=4.59
2025-05-05 16:45:44,664 - INFO - Frame 0050: Sharp=False | Lap=548.12 | Ten=18.14 | FFT=4.61
2025-05-05 16:45:44,664 - INFO - Frame 0051: Sharp=False | Lap=553.12 | Ten=18.65 | FFT=4.75
2025-05-05 16:45:44,664 - INFO - Frame 0052: Sharp=False | Lap=553.02 | Ten=19.25 | FFT=4.95
2025-05-05 16:45:44,664 - INFO - Frame 0053: Sharp=False | Lap=549.34 | Ten=19.67 | FFT=5.09
2025-05-05 16:45:44,664 - INFO - Frame 0054: Sharp=False | Lap=556.79 | Ten=19.75 | FFT=5.25
2025-05-05 16:45:44,664 - INFO - Frame 0055: Sharp=False | Lap=551.95 | Ten=20.08 | FFT=5.34
2025-05-05 16:45:44,664 - INFO - Frame 0056: Sharp=False | Lap=541.20 | Ten=20.26 | FFT=5.40
2025-05-05 16:45:44,664 - INFO - Frame 0057: Sharp=False | Lap=531.00 | Ten=20.19 | FFT=5.40
2025-05-05 16:45:44,664 - INFO - Frame 0058: Sharp=False | Lap=544.14 | Ten=20.39 | FFT=5.49
2025-05-05 16:45:44,664 - INFO - Frame 0059: Sharp=False | Lap=544.70 | Ten=20.34 | FFT=5.50
2025-05-05 16:45:44,664 - INFO - Frame 0060: Sharp=False | Lap=540.69 | Ten=20.27 | FFT=5.49
2025-05-05 16:45:44,664 - INFO - Frame 0061: Sharp=False | Lap=547.96 | Ten=20.62 | FFT=5.63
2025-05-05 16:45:44,664 - INFO - Frame 0062: Sharp=False | Lap=547.85 | Ten=20.53 | FFT=5.63
2025-05-05 16:45:44,664 - INFO - Frame 0063: Sharp=False | Lap=545.22 | Ten=20.39 | FFT=5.59
2025-05-05 16:45:44,664 - INFO - Frame 0064: Sharp=False | Lap=557.51 | Ten=20.71 | FFT=5.71
2025-05-05 16:45:44,664 - INFO - Frame 0065: Sharp=False | Lap=557.28 | Ten=20.61 | FFT=5.72
2025-05-05 16:45:44,664 - INFO - Frame 0066: Sharp=False | Lap=573.45 | Ten=20.80 | FFT=5.78
2025-05-05 16:45:44,664 - INFO - Frame 0067: Sharp=False | Lap=559.33 | Ten=20.34 | FFT=5.65
2025-05-05 16:45:44,664 - INFO - Frame 0068: Sharp=False | Lap=570.74 | Ten=20.34 | FFT=5.64
2025-05-05 16:45:44,664 - INFO - Frame 0069: Sharp=False | Lap=568.56 | Ten=20.14 | FFT=5.59
2025-05-05 16:45:44,665 - INFO - Frame 0070: Sharp=False | Lap=571.61 | Ten=20.38 | FFT=5.65
2025-05-05 16:45:44,665 - INFO - Frame 0071: Sharp=False | Lap=559.13 | Ten=20.18 | FFT=5.60
2025-05-05 16:45:44,665 - INFO - Frame 0072: Sharp=False | Lap=572.77 | Ten=20.07 | FFT=5.62
2025-05-05 16:45:44,665 - INFO - Frame 0073: Sharp=False | Lap=571.05 | Ten=20.16 | FFT=5.64
2025-05-05 16:45:44,665 - INFO - Frame 0074: Sharp=False | Lap=574.30 | Ten=20.47 | FFT=5.73
2025-05-05 16:45:44,665 - INFO - Frame 0075: Sharp=False | Lap=582.64 | Ten=20.68 | FFT=5.78
2025-05-05 16:45:44,665 - INFO - Frame 0076: Sharp=False | Lap=582.51 | Ten=20.70 | FFT=5.80
2025-05-05 16:45:44,665 - INFO - Frame 0077: Sharp=False | Lap=574.97 | Ten=20.53 | FFT=5.72
2025-05-05 16:45:44,665 - INFO - Frame 0078: Sharp=False | Lap=592.15 | Ten=20.85 | FFT=5.84
2025-05-05 16:45:44,665 - INFO - Frame 0079: Sharp=False | Lap=591.38 | Ten=20.85 | FFT=5.83
2025-05-05 16:45:44,665 - INFO - Frame 0080: Sharp=False | Lap=579.94 | Ten=20.79 | FFT=5.80
2025-05-05 16:45:44,665 - INFO - Frame 0081: Sharp=False | Lap=568.40 | Ten=20.50 | FFT=5.73
2025-05-05 16:45:44,665 - INFO - Frame 0082: Sharp=False | Lap=583.69 | Ten=20.76 | FFT=5.80
2025-05-05 16:45:44,665 - INFO - Frame 0083: Sharp=False | Lap=583.15 | Ten=20.70 | FFT=5.79
2025-05-05 16:45:44,665 - INFO - Frame 0084: Sharp=False | Lap=577.20 | Ten=20.60 | FFT=5.76
2025-05-05 16:45:44,665 - INFO - Frame 0085: Sharp=False | Lap=582.56 | Ten=20.76 | FFT=5.81
2025-05-05 16:45:44,665 - INFO - Frame 0086: Sharp=False | Lap=582.62 | Ten=20.92 | FFT=5.87
2025-05-05 16:45:44,665 - INFO - Frame 0087: Sharp=False | Lap=578.72 | Ten=20.94 | FFT=5.86
2025-05-05 16:45:44,665 - INFO - Frame 0088: Sharp=False | Lap=591.30 | Ten=21.33 | FFT=5.99
2025-05-05 16:45:44,665 - INFO - Frame 0089: Sharp=False | Lap=584.74 | Ten=21.28 | FFT=5.98
2025-05-05 16:45:44,665 - INFO - Frame 0090: Sharp=False | Lap=605.99 | Ten=21.68 | FFT=6.12
2025-05-05 16:45:44,665 - INFO - Frame 0091: Sharp=False | Lap=589.65 | Ten=21.57 | FFT=6.09
2025-05-05 16:45:44,666 - INFO - Frame 0092: Sharp=False | Lap=603.97 | Ten=21.85 | FFT=6.16
2025-05-05 16:45:44,666 - INFO - Frame 0093: Sharp=False | Lap=602.82 | Ten=21.82 | FFT=6.16
2025-05-05 16:45:44,666 - INFO - Frame 0094: Sharp=False | Lap=606.19 | Ten=22.04 | FFT=6.24
2025-05-05 16:45:44,666 - INFO - Frame 0095: Sharp=False | Lap=590.94 | Ten=21.76 | FFT=6.14
2025-05-05 16:45:44,666 - INFO - Frame 0096: Sharp=False | Lap=604.60 | Ten=22.18 | FFT=6.26
2025-05-05 16:45:44,666 - INFO - Frame 0097: Sharp=False | Lap=665.59 | Ten=24.10 | FFT=6.84
2025-05-05 16:45:44,666 - INFO - Frame 0098: Sharp=False | Lap=608.99 | Ten=22.03 | FFT=6.21
2025-05-05 16:45:44,666 - INFO - Frame 0099: Sharp=False | Lap=609.08 | Ten=22.13 | FFT=6.25
2025-05-05 16:45:44,666 - INFO - Frame 0100: Sharp=False | Lap=605.56 | Ten=22.00 | FFT=6.20
2025-05-05 16:45:44,666 - INFO - Frame 0101: Sharp=False | Lap=601.37 | Ten=21.78 | FFT=6.12
2025-05-05 16:45:44,666 - INFO - Frame 0102: Sharp=False | Lap=621.98 | Ten=23.05 | FFT=6.48
2025-05-05 16:45:44,666 - INFO - Frame 0103: Sharp=False | Lap=609.78 | Ten=22.00 | FFT=6.17
2025-05-05 16:45:44,666 - INFO - Frame 0104: Sharp=False | Lap=596.73 | Ten=21.82 | FFT=6.10
2025-05-05 16:45:44,666 - INFO - Frame 0105: Sharp=False | Lap=581.34 | Ten=21.52 | FFT=6.02
2025-05-05 16:45:44,666 - INFO - Frame 0106: Sharp=False | Lap=596.11 | Ten=21.80 | FFT=6.10
2025-05-05 16:45:44,666 - INFO - Frame 0107: Sharp=False | Lap=631.31 | Ten=22.80 | FFT=6.44
2025-05-05 16:45:44,666 - INFO - Frame 0108: Sharp=False | Lap=586.06 | Ten=21.76 | FFT=6.15
2025-05-05 16:45:44,666 - INFO - Frame 0109: Sharp=False | Lap=589.66 | Ten=21.89 | FFT=6.17
2025-05-05 16:45:44,666 - INFO - Frame 0110: Sharp=False | Lap=588.63 | Ten=21.88 | FFT=6.16
2025-05-05 16:45:44,666 - INFO - Frame 0111: Sharp=False | Lap=582.97 | Ten=21.71 | FFT=6.08
2025-05-05 16:45:44,666 - INFO - Frame 0112: Sharp=False | Lap=655.78 | Ten=23.44 | FFT=6.65
2025-05-05 16:45:44,667 - INFO - Frame 0113: Sharp=False | Lap=597.83 | Ten=22.22 | FFT=6.24
2025-05-05 16:45:44,667 - INFO - Frame 0114: Sharp=False | Lap=611.62 | Ten=22.14 | FFT=6.21
2025-05-05 16:45:44,667 - INFO - Frame 0115: Sharp=False | Lap=607.82 | Ten=22.42 | FFT=6.34
2025-05-05 16:45:44,667 - INFO - Frame 0116: Sharp=False | Lap=604.31 | Ten=22.71 | FFT=6.36
2025-05-05 16:45:44,667 - INFO - Frame 0117: Sharp=False | Lap=603.46 | Ten=22.69 | FFT=6.48
2025-05-05 16:45:44,667 - INFO - Frame 0118: Sharp=False | Lap=570.07 | Ten=21.77 | FFT=6.13
2025-05-05 16:45:44,667 - INFO - Frame 0119: Sharp=False | Lap=579.05 | Ten=21.80 | FFT=6.11
2025-05-05 16:45:44,667 - INFO - Frame 0120: Sharp=False | Lap=593.01 | Ten=22.28 | FFT=6.32
2025-05-05 16:45:44,667 - INFO - Frame 0121: Sharp=False | Lap=656.80 | Ten=24.19 | FFT=6.92
2025-05-05 16:45:44,667 - INFO - Frame 0122: Sharp=False | Lap=598.84 | Ten=21.44 | FFT=5.98
2025-05-05 16:45:44,667 - INFO - Frame 0123: Sharp=False | Lap=598.37 | Ten=21.31 | FFT=5.92
2025-05-05 16:45:44,667 - INFO - Frame 0124: Sharp=False | Lap=593.83 | Ten=21.06 | FFT=5.85
2025-05-05 16:45:44,667 - INFO - Frame 0125: Sharp=False | Lap=587.70 | Ten=20.89 | FFT=5.80
2025-05-05 16:45:44,667 - INFO - Frame 0126: Sharp=False | Lap=591.59 | Ten=21.64 | FFT=6.33
2025-05-05 16:45:44,667 - INFO - Frame 0127: Sharp=False | Lap=518.22 | Ten=14.84 | FFT=4.29
2025-05-05 16:45:44,667 - INFO - Frame 0128: Sharp=False | Lap=527.30 | Ten=14.31 | FFT=4.16
2025-05-05 16:45:44,667 - INFO - Frame 0129: Sharp=False | Lap=512.19 | Ten=13.24 | FFT=3.82
2025-05-05 16:45:44,667 - INFO - Frame 0130: Sharp=False | Lap=523.35 | Ten=12.69 | FFT=3.47
2025-05-05 16:45:44,667 - INFO - Frame 0131: Sharp=False | Lap=522.84 | Ten=12.27 | FFT=3.29
2025-05-05 16:45:44,667 - INFO - Frame 0132: Sharp=False | Lap=516.77 | Ten=11.75 | FFT=3.14
2025-05-05 16:45:44,668 - INFO - Frame 0133: Sharp=False | Lap=574.40 | Ten=12.76 | FFT=3.52
2025-05-05 16:45:44,668 - INFO - Frame 0134: Sharp=False | Lap=517.68 | Ten=10.99 | FFT=2.92
2025-05-05 16:45:44,668 - INFO - Frame 0135: Sharp=False | Lap=513.33 | Ten=10.55 | FFT=2.83
2025-05-05 16:45:44,668 - INFO - Frame 0136: Sharp=False | Lap=522.51 | Ten=10.05 | FFT=2.71
2025-05-05 16:45:44,668 - INFO - Frame 0137: Sharp=False | Lap=516.53 | Ten=9.85 | FFT=2.81
2025-05-05 16:45:44,668 - INFO - Frame 0138: Sharp=False | Lap=531.02 | Ten=9.92 | FFT=2.83
2025-05-05 16:45:44,668 - INFO - Frame 0139: Sharp=False | Lap=518.56 | Ten=9.87 | FFT=2.81
2025-05-05 16:45:44,668 - INFO - Frame 0140: Sharp=False | Lap=530.79 | Ten=9.92 | FFT=2.82
2025-05-05 16:45:44,668 - INFO - Frame 0141: Sharp=False | Lap=530.80 | Ten=9.95 | FFT=2.83
2025-05-05 16:45:44,668 - INFO - Frame 0142: Sharp=False | Lap=543.11 | Ten=10.11 | FFT=2.89
2025-05-05 16:45:44,668 - INFO - Frame 0143: Sharp=False | Lap=530.59 | Ten=10.19 | FFT=2.91
2025-05-05 16:45:44,668 - INFO - Frame 0144: Sharp=False | Lap=543.83 | Ten=10.54 | FFT=3.01
2025-05-05 16:45:44,668 - INFO - Frame 0145: Sharp=False | Lap=543.38 | Ten=10.55 | FFT=3.01
2025-05-05 16:45:44,668 - INFO - Frame 0146: Sharp=False | Lap=573.26 | Ten=11.05 | FFT=3.15
2025-05-05 16:45:44,668 - INFO - Frame 0147: Sharp=False | Lap=587.12 | Ten=14.01 | FFT=4.45
2025-05-05 16:45:44,668 - INFO - Frame 0148: Sharp=False | Lap=542.75 | Ten=10.92 | FFT=3.11
2025-05-05 16:45:44,668 - INFO - Frame 0149: Sharp=False | Lap=539.70 | Ten=11.06 | FFT=3.13
2025-05-05 16:45:44,668 - INFO - Frame 0150: Sharp=False | Lap=551.95 | Ten=11.40 | FFT=3.21
2025-05-05 16:45:44,668 - INFO - Frame 0151: Sharp=False | Lap=546.82 | Ten=11.73 | FFT=3.25
2025-05-05 16:45:44,668 - INFO - Frame 0152: Sharp=False | Lap=536.34 | Ten=12.22 | FFT=3.31
2025-05-05 16:45:44,668 - INFO - Frame 0153: Sharp=False | Lap=528.96 | Ten=12.70 | FFT=3.36
2025-05-05 16:45:44,668 - INFO - Frame 0154: Sharp=False | Lap=545.66 | Ten=13.14 | FFT=3.42
2025-05-05 16:45:44,668 - INFO - Frame 0155: Sharp=False | Lap=548.02 | Ten=13.34 | FFT=3.44
2025-05-05 16:45:44,668 - INFO - Frame 0156: Sharp=False | Lap=545.68 | Ten=13.44 | FFT=3.45
2025-05-05 16:45:44,668 - INFO - Frame 0157: Sharp=False | Lap=549.36 | Ten=13.51 | FFT=3.46
2025-05-05 16:45:44,669 - INFO - Frame 0158: Sharp=False | Lap=549.99 | Ten=13.54 | FFT=3.46
2025-05-05 16:45:44,669 - INFO - Frame 0159: Sharp=False | Lap=546.30 | Ten=13.95 | FFT=3.57
2025-05-05 16:45:44,669 - INFO - Frame 0160: Sharp=False | Lap=554.06 | Ten=13.50 | FFT=3.47
2025-05-05 16:45:44,669 - INFO - Frame 0161: Sharp=False | Lap=548.77 | Ten=13.40 | FFT=3.43
2025-05-05 16:45:44,669 - INFO - Frame 0162: Sharp=False | Lap=559.20 | Ten=13.40 | FFT=3.44
2025-05-05 16:45:44,669 - INFO - Frame 0163: Sharp=False | Lap=545.96 | Ten=13.31 | FFT=3.42
2025-05-05 16:45:44,669 - INFO - Frame 0164: Sharp=False | Lap=558.29 | Ten=13.38 | FFT=3.43
2025-05-05 16:45:44,669 - INFO - Frame 0165: Sharp=False | Lap=558.34 | Ten=13.42 | FFT=3.44
2025-05-05 16:45:44,669 - INFO - Frame 0166: Sharp=False | Lap=555.22 | Ten=13.48 | FFT=3.45
2025-05-05 16:45:44,669 - INFO - Frame 0167: Sharp=False | Lap=542.40 | Ten=13.52 | FFT=3.44
2025-05-05 16:45:44,669 - INFO - Frame 0168: Sharp=False | Lap=555.81 | Ten=13.74 | FFT=3.47
2025-05-05 16:45:44,669 - INFO - Frame 0169: Sharp=False | Lap=557.07 | Ten=13.89 | FFT=3.48
2025-05-05 16:45:44,669 - INFO - Frame 0170: Sharp=False | Lap=553.16 | Ten=13.98 | FFT=3.49
2025-05-05 16:45:44,669 - INFO - Frame 0171: Sharp=False | Lap=559.70 | Ten=14.10 | FFT=3.51
2025-05-05 16:45:44,669 - INFO - Frame 0172: Sharp=False | Lap=561.59 | Ten=14.17 | FFT=3.51
2025-05-05 16:45:44,670 - INFO - Frame 0173: Sharp=False | Lap=556.49 | Ten=14.13 | FFT=3.50
2025-05-05 16:45:44,670 - INFO - Frame 0174: Sharp=False | Lap=566.86 | Ten=14.11 | FFT=3.51
2025-05-05 16:45:44,670 - INFO - Frame 0175: Sharp=False | Lap=560.69 | Ten=14.06 | FFT=3.49
2025-05-05 16:45:44,670 - INFO - Frame 0176: Sharp=False | Lap=548.41 | Ten=14.05 | FFT=3.48
2025-05-05 16:45:44,670 - INFO - Frame 0177: Sharp=False | Lap=536.67 | Ten=14.02 | FFT=3.47
2025-05-05 16:45:44,670 - INFO - Frame 0178: Sharp=False | Lap=549.29 | Ten=14.14 | FFT=3.49
2025-05-05 16:45:44,670 - INFO - Frame 0179: Sharp=False | Lap=549.56 | Ten=14.18 | FFT=3.49
2025-05-05 16:45:44,670 - INFO - Frame 0180: Sharp=False | Lap=541.20 | Ten=13.91 | FFT=3.46
2025-05-05 16:45:44,670 - INFO - Frame 0181: Sharp=False | Lap=544.26 | Ten=13.92 | FFT=3.46
2025-05-05 16:45:44,670 - INFO - Frame 0182: Sharp=False | Lap=543.76 | Ten=13.89 | FFT=3.46
2025-05-05 16:45:44,670 - INFO - Frame 0183: Sharp=False | Lap=539.48 | Ten=13.85 | FFT=3.45
2025-05-05 16:45:44,670 - INFO - Frame 0184: Sharp=False | Lap=549.67 | Ten=13.90 | FFT=3.47
2025-05-05 16:45:44,670 - INFO - Frame 0185: Sharp=False | Lap=544.26 | Ten=13.84 | FFT=3.45
2025-05-05 16:45:44,670 - INFO - Frame 0186: Sharp=False | Lap=593.93 | Ten=16.82 | FFT=4.26
2025-05-05 16:45:44,671 - INFO - Frame 0187: Sharp=False | Lap=574.08 | Ten=16.24 | FFT=4.19
2025-05-05 16:45:44,671 - INFO - Frame 0188: Sharp=False | Lap=590.64 | Ten=13.93 | FFT=3.54
2025-05-05 16:45:44,671 - INFO - Frame 0189: Sharp=False | Lap=550.14 | Ten=13.38 | FFT=3.40
2025-05-05 16:45:44,671 - INFO - Frame 0190: Sharp=False | Lap=545.51 | Ten=13.40 | FFT=3.40
2025-05-05 16:45:44,671 - INFO - Frame 0191: Sharp=False | Lap=582.90 | Ten=16.61 | FFT=4.26
2025-05-05 16:45:44,671 - INFO - Frame 0192: Sharp=False | Lap=571.62 | Ten=16.45 | FFT=4.29
2025-05-05 16:45:44,671 - INFO - Frame 0193: Sharp=False | Lap=596.89 | Ten=14.14 | FFT=3.61
2025-05-05 16:45:44,671 - INFO - Frame 0194: Sharp=False | Lap=540.96 | Ten=13.28 | FFT=3.41
2025-05-05 16:45:44,671 - INFO - Frame 0195: Sharp=False | Lap=547.86 | Ten=13.35 | FFT=3.41
2025-05-05 16:45:44,671 - INFO - Frame 0196: Sharp=False | Lap=591.58 | Ten=16.38 | FFT=4.16
2025-05-05 16:45:44,671 - INFO - Frame 0197: Sharp=False | Lap=570.49 | Ten=13.88 | FFT=3.52
2025-05-05 16:45:44,671 - INFO - Frame 0198: Sharp=False | Lap=554.05 | Ten=14.06 | FFT=3.54
2025-05-05 16:45:44,671 - INFO - Frame 0199: Sharp=False | Lap=547.78 | Ten=13.91 | FFT=3.50
2025-05-05 16:45:44,671 - INFO - Frame 0200: Sharp=False | Lap=580.54 | Ten=15.89 | FFT=4.16
2025-05-05 16:45:44,672 - INFO - Frame 0201: Sharp=False | Lap=523.84 | Ten=13.84 | FFT=3.48
2025-05-05 16:45:44,672 - INFO - Frame 0202: Sharp=False | Lap=580.86 | Ten=14.76 | FFT=3.73
2025-05-05 16:45:44,672 - INFO - Frame 0203: Sharp=False | Lap=550.51 | Ten=14.36 | FFT=3.62
2025-05-05 16:45:44,672 - INFO - Frame 0204: Sharp=False | Lap=534.50 | Ten=13.84 | FFT=3.49
2025-05-05 16:45:44,672 - INFO - Frame 0205: Sharp=False | Lap=574.19 | Ten=15.84 | FFT=4.01
2025-05-05 16:45:44,672 - INFO - Frame 0206: Sharp=False | Lap=545.19 | Ten=14.38 | FFT=3.60
2025-05-05 16:45:44,672 - INFO - Frame 0207: Sharp=False | Lap=540.35 | Ten=14.26 | FFT=3.59
2025-05-05 16:45:44,672 - INFO - Frame 0208: Sharp=False | Lap=550.07 | Ten=14.31 | FFT=3.60
2025-05-05 16:45:44,672 - INFO - Frame 0209: Sharp=False | Lap=516.83 | Ten=13.80 | FFT=3.48
2025-05-05 16:45:44,672 - INFO - Frame 0210: Sharp=False | Lap=547.40 | Ten=13.94 | FFT=3.51
2025-05-05 16:45:44,672 - INFO - Frame 0211: Sharp=False | Lap=577.63 | Ten=16.61 | FFT=4.17
2025-05-05 16:45:44,672 - INFO - Frame 0212: Sharp=False | Lap=546.93 | Ten=14.02 | FFT=3.54
2025-05-05 16:45:44,672 - INFO - Frame 0213: Sharp=False | Lap=547.10 | Ten=14.00 | FFT=3.53
2025-05-05 16:45:44,672 - INFO - Frame 0214: Sharp=False | Lap=543.50 | Ten=13.96 | FFT=3.54
2025-05-05 16:45:44,673 - INFO - Frame 0215: Sharp=False | Lap=575.50 | Ten=16.71 | FFT=4.29
2025-05-05 16:45:44,673 - INFO - Frame 0216: Sharp=False | Lap=572.96 | Ten=18.16 | FFT=5.05
2025-05-05 16:45:44,673 - INFO - Frame 0217: Sharp=False | Lap=512.45 | Ten=13.59 | FFT=3.56
2025-05-05 16:45:44,673 - INFO - Frame 0218: Sharp=False | Lap=575.07 | Ten=16.15 | FFT=4.19
2025-05-05 16:45:44,673 - INFO - Frame 0219: Sharp=False | Lap=527.26 | Ten=13.73 | FFT=3.57
2025-05-05 16:45:44,673 - INFO - Frame 0220: Sharp=False | Lap=558.18 | Ten=15.92 | FFT=4.17
2025-05-05 16:45:44,673 - INFO - Frame 0221: Sharp=False | Lap=522.72 | Ten=13.87 | FFT=3.59
2025-05-05 16:45:44,673 - INFO - Frame 0222: Sharp=False | Lap=566.97 | Ten=14.60 | FFT=3.78
2025-05-05 16:45:44,673 - INFO - Frame 0223: Sharp=False | Lap=527.72 | Ten=14.07 | FFT=3.64
2025-05-05 16:45:44,673 - INFO - Frame 0224: Sharp=False | Lap=533.84 | Ten=14.15 | FFT=3.65
2025-05-05 16:45:44,673 - INFO - Frame 0225: Sharp=False | Lap=522.12 | Ten=14.13 | FFT=3.64
2025-05-05 16:45:44,673 - INFO - Frame 0226: Sharp=False | Lap=535.80 | Ten=14.46 | FFT=3.73
2025-05-05 16:45:44,673 - INFO - Frame 0227: Sharp=False | Lap=535.50 | Ten=14.59 | FFT=3.74
2025-05-05 16:45:44,673 - INFO - Frame 0228: Sharp=False | Lap=531.73 | Ten=14.82 | FFT=3.81
2025-05-05 16:45:44,674 - INFO - Frame 0229: Sharp=False | Lap=540.37 | Ten=15.36 | FFT=4.01
2025-05-05 16:45:44,674 - INFO - Frame 0230: Sharp=False | Lap=534.31 | Ten=14.77 | FFT=3.78
2025-05-05 16:45:44,674 - INFO - Frame 0231: Sharp=False | Lap=530.28 | Ten=14.77 | FFT=3.77
2025-05-05 16:45:44,674 - INFO - Frame 0232: Sharp=False | Lap=541.30 | Ten=15.04 | FFT=3.83
2025-05-05 16:45:44,674 - INFO - Frame 0233: Sharp=False | Lap=540.78 | Ten=15.35 | FFT=3.92
2025-05-05 16:45:44,674 - INFO - Frame 0234: Sharp=False | Lap=551.00 | Ten=15.66 | FFT=3.99
2025-05-05 16:45:44,674 - INFO - Frame 0235: Sharp=False | Lap=536.11 | Ten=15.32 | FFT=3.87
2025-05-05 16:45:44,674 - INFO - Frame 0236: Sharp=False | Lap=548.16 | Ten=15.36 | FFT=3.88
2025-05-05 16:45:44,674 - INFO - Frame 0237: Sharp=False | Lap=608.01 | Ten=19.52 | FFT=5.36
2025-05-05 16:45:44,674 - INFO - Frame 0238: Sharp=False | Lap=589.52 | Ten=16.08 | FFT=4.08
2025-05-05 16:45:44,674 - INFO - Frame 0239: Sharp=False | Lap=554.67 | Ten=15.68 | FFT=3.95
2025-05-05 16:45:44,674 - INFO - Frame 0240: Sharp=False | Lap=565.87 | Ten=15.71 | FFT=3.95
2025-05-05 16:45:44,674 - INFO - Frame 0241: Sharp=False | Lap=564.78 | Ten=15.68 | FFT=3.95
2025-05-05 16:45:44,674 - INFO - Frame 0242: Sharp=False | Lap=605.35 | Ten=18.35 | FFT=4.79
2025-05-05 16:45:44,674 - INFO - Frame 0243: Sharp=False | Lap=565.19 | Ten=15.73 | FFT=3.98
2025-05-05 16:45:44,675 - INFO - Frame 0244: Sharp=False | Lap=564.19 | Ten=15.68 | FFT=3.95
2025-05-05 16:45:44,675 - INFO - Frame 0245: Sharp=False | Lap=616.26 | Ten=19.05 | FFT=5.10
2025-05-05 16:45:44,675 - INFO - Frame 0246: Sharp=False | Lap=568.85 | Ten=15.67 | FFT=3.95
2025-05-05 16:45:44,675 - INFO - Frame 0247: Sharp=False | Lap=562.92 | Ten=15.63 | FFT=3.93
2025-05-05 16:45:44,675 - INFO - Frame 0248: Sharp=False | Lap=551.09 | Ten=15.71 | FFT=3.97
2025-05-05 16:45:44,675 - INFO - Frame 0249: Sharp=False | Lap=539.02 | Ten=15.57 | FFT=3.90
2025-05-05 16:45:44,675 - INFO - Frame 0250: Sharp=False | Lap=597.25 | Ten=19.15 | FFT=4.95
2025-05-05 16:45:44,675 - INFO - Frame 0251: Sharp=False | Lap=549.86 | Ten=15.53 | FFT=3.88
2025-05-05 16:45:44,675 - INFO - Frame 0252: Sharp=False | Lap=540.74 | Ten=15.67 | FFT=3.94
2025-05-05 16:45:44,675 - INFO - Frame 0253: Sharp=False | Lap=543.49 | Ten=15.65 | FFT=3.93
2025-05-05 16:45:44,675 - INFO - Frame 0254: Sharp=False | Lap=523.01 | Ten=15.04 | FFT=3.78
2025-05-05 16:45:44,675 - INFO - Frame 0255: Sharp=False | Lap=578.91 | Ten=17.67 | FFT=4.44
2025-05-05 16:45:44,675 - INFO - Frame 0256: Sharp=False | Lap=529.25 | Ten=15.09 | FFT=3.78
2025-05-05 16:45:44,675 - INFO - Frame 0257: Sharp=False | Lap=525.13 | Ten=15.08 | FFT=3.77
2025-05-05 16:45:44,676 - INFO - Frame 0258: Sharp=False | Lap=598.99 | Ten=18.24 | FFT=4.62
2025-05-05 16:45:44,676 - INFO - Frame 0259: Sharp=False | Lap=524.11 | Ten=14.65 | FFT=3.67
2025-05-05 16:45:44,676 - INFO - Frame 0260: Sharp=False | Lap=547.57 | Ten=14.72 | FFT=3.69
2025-05-05 16:45:44,676 - INFO - Frame 0261: Sharp=False | Lap=547.22 | Ten=14.74 | FFT=3.69
2025-05-05 16:45:44,676 - INFO - Frame 0262: Sharp=False | Lap=546.59 | Ten=14.78 | FFT=3.73
2025-05-05 16:45:44,676 - INFO - Frame 0263: Sharp=False | Lap=530.78 | Ten=14.41 | FFT=3.62
2025-05-05 16:45:44,676 - INFO - Frame 0264: Sharp=False | Lap=544.62 | Ten=14.48 | FFT=3.63
2025-05-05 16:45:44,676 - INFO - Frame 0265: Sharp=False | Lap=547.90 | Ten=14.50 | FFT=3.63
2025-05-05 16:45:44,676 - INFO - Frame 0266: Sharp=False | Lap=546.81 | Ten=14.50 | FFT=3.62
2025-05-05 16:45:44,676 - INFO - Frame 0267: Sharp=False | Lap=552.73 | Ten=14.52 | FFT=3.60
2025-05-05 16:45:44,676 - INFO - Frame 0268: Sharp=False | Lap=555.16 | Ten=14.82 | FFT=3.70
2025-05-05 16:45:44,676 - INFO - Frame 0269: Sharp=False | Lap=554.14 | Ten=16.04 | FFT=4.03
2025-05-05 16:45:44,676 - INFO - Frame 0270: Sharp=False | Lap=554.32 | Ten=14.16 | FFT=3.62
2025-05-05 16:45:44,676 - INFO - Frame 0271: Sharp=False | Lap=583.36 | Ten=14.87 | FFT=3.85
2025-05-05 16:45:44,676 - INFO - Frame 0272: Sharp=False | Lap=547.39 | Ten=14.09 | FFT=3.58
2025-05-05 16:45:44,677 - INFO - Frame 0273: Sharp=False | Lap=513.49 | Ten=13.41 | FFT=3.41
2025-05-05 16:45:44,677 - INFO - Frame 0274: Sharp=False | Lap=572.38 | Ten=15.79 | FFT=4.00
2025-05-05 16:45:44,677 - INFO - Frame 0275: Sharp=False | Lap=543.54 | Ten=13.70 | FFT=3.50
2025-05-05 16:45:44,677 - INFO - Frame 0276: Sharp=False | Lap=541.88 | Ten=13.83 | FFT=3.57
2025-05-05 16:45:44,677 - INFO - Frame 0277: Sharp=False | Lap=533.36 | Ten=14.96 | FFT=3.84
2025-05-05 16:45:44,677 - INFO - Frame 0278: Sharp=False | Lap=521.58 | Ten=13.17 | FFT=3.37
2025-05-05 16:45:44,677 - INFO - Frame 0279: Sharp=False | Lap=514.01 | Ten=12.78 | FFT=3.25
2025-05-05 16:45:44,677 - INFO - Frame 0280: Sharp=False | Lap=526.06 | Ten=12.87 | FFT=3.28
2025-05-05 16:45:44,677 - INFO - Frame 0281: Sharp=False | Lap=520.30 | Ten=12.86 | FFT=3.27
2025-05-05 16:45:44,677 - INFO - Frame 0282: Sharp=False | Lap=534.69 | Ten=12.92 | FFT=3.28
2025-05-05 16:45:44,677 - INFO - Frame 0283: Sharp=False | Lap=564.72 | Ten=14.43 | FFT=3.81
2025-05-05 16:45:44,677 - INFO - Frame 0284: Sharp=False | Lap=576.63 | Ten=14.60 | FFT=3.98
2025-05-05 16:45:44,677 - INFO - Frame 0285: Sharp=False | Lap=557.84 | Ten=12.84 | FFT=3.28
2025-05-05 16:45:44,677 - INFO - Frame 0286: Sharp=False | Lap=556.06 | Ten=12.79 | FFT=3.29
2025-05-05 16:45:44,678 - INFO - Frame 0287: Sharp=False | Lap=542.58 | Ten=12.72 | FFT=3.26
2025-05-05 16:45:44,678 - INFO - Frame 0288: Sharp=False | Lap=541.95 | Ten=12.69 | FFT=3.25
2025-05-05 16:45:44,678 - INFO - Frame 0289: Sharp=False | Lap=541.42 | Ten=12.69 | FFT=3.26
2025-05-05 16:45:44,678 - INFO - Frame 0290: Sharp=False | Lap=536.83 | Ten=12.62 | FFT=3.25
2025-05-05 16:45:44,678 - INFO - Frame 0291: Sharp=False | Lap=540.76 | Ten=12.66 | FFT=3.27
2025-05-05 16:45:44,678 - INFO - Frame 0292: Sharp=False | Lap=539.30 | Ten=12.63 | FFT=3.26
2025-05-05 16:45:44,678 - INFO - Frame 0293: Sharp=False | Lap=534.40 | Ten=12.61 | FFT=3.25
2025-05-05 16:45:44,678 - INFO - Frame 0294: Sharp=False | Lap=545.10 | Ten=12.63 | FFT=3.27
2025-05-05 16:45:44,678 - INFO - Frame 0295: Sharp=False | Lap=539.25 | Ten=12.65 | FFT=3.26
2025-05-05 16:45:44,678 - INFO - Frame 0296: Sharp=False | Lap=527.75 | Ten=12.70 | FFT=3.26
2025-05-05 16:45:44,678 - INFO - Frame 0297: Sharp=False | Lap=516.43 | Ten=12.74 | FFT=3.25
2025-05-05 16:45:44,678 - INFO - Frame 0298: Sharp=False | Lap=528.68 | Ten=12.81 | FFT=3.27
2025-05-05 16:45:44,678 - INFO - Frame 0299: Sharp=False | Lap=531.25 | Ten=12.95 | FFT=3.28
2025-05-05 16:45:44,678 - INFO - Frame 0300: Sharp=False | Lap=529.43 | Ten=13.08 | FFT=3.31
2025-05-05 16:45:44,678 - INFO - Frame 0301: Sharp=False | Lap=532.36 | Ten=13.13 | FFT=3.32
2025-05-05 16:45:44,679 - INFO - Frame 0302: Sharp=False | Lap=531.11 | Ten=13.10 | FFT=3.32
2025-05-05 16:45:44,679 - INFO - Frame 0303: Sharp=False | Lap=564.57 | Ten=15.83 | FFT=4.11
2025-05-05 16:45:44,679 - INFO - Frame 0304: Sharp=False | Lap=557.29 | Ten=15.47 | FFT=4.06
2025-05-05 16:45:44,679 - INFO - Frame 0305: Sharp=False | Lap=529.77 | Ten=12.99 | FFT=3.33
2025-05-05 16:45:44,679 - INFO - Frame 0306: Sharp=False | Lap=544.70 | Ten=13.38 | FFT=3.41
2025-05-05 16:45:44,679 - INFO - Frame 0307: Sharp=False | Lap=531.79 | Ten=13.38 | FFT=3.43
2025-05-05 16:45:44,679 - INFO - Frame 0308: Sharp=False | Lap=585.58 | Ten=16.24 | FFT=4.22
2025-05-05 16:45:44,679 - INFO - Frame 0309: Sharp=False | Lap=548.96 | Ten=13.43 | FFT=3.43
2025-05-05 16:45:44,679 - INFO - Frame 0310: Sharp=False | Lap=551.24 | Ten=13.52 | FFT=3.45
2025-05-05 16:45:44,679 - INFO - Frame 0311: Sharp=False | Lap=537.44 | Ten=13.51 | FFT=3.44
2025-05-05 16:45:44,679 - INFO - Frame 0312: Sharp=False | Lap=549.90 | Ten=13.62 | FFT=3.47
2025-05-05 16:45:44,679 - INFO - Frame 0313: Sharp=False | Lap=550.09 | Ten=13.70 | FFT=3.49
2025-05-05 16:45:44,679 - INFO - Frame 0314: Sharp=False | Lap=545.61 | Ten=13.72 | FFT=3.50
2025-05-05 16:45:44,679 - INFO - Frame 0315: Sharp=False | Lap=550.26 | Ten=13.80 | FFT=3.51
2025-05-05 16:45:44,679 - INFO - Frame 0316: Sharp=False | Lap=549.48 | Ten=13.86 | FFT=3.53
2025-05-05 16:45:44,680 - INFO - Frame 0317: Sharp=False | Lap=545.34 | Ten=13.94 | FFT=3.54
2025-05-05 16:45:44,680 - INFO - Frame 0318: Sharp=False | Lap=556.52 | Ten=14.02 | FFT=3.57
2025-05-05 16:45:44,680 - INFO - Frame 0319: Sharp=False | Lap=550.68 | Ten=14.11 | FFT=3.58
2025-05-05 16:45:44,680 - INFO - Frame 0320: Sharp=False | Lap=539.05 | Ten=14.20 | FFT=3.59
2025-05-05 16:45:44,680 - INFO - Frame 0321: Sharp=False | Lap=526.40 | Ten=14.11 | FFT=3.58
2025-05-05 16:45:44,680 - INFO - Frame 0322: Sharp=False | Lap=539.33 | Ten=14.37 | FFT=3.63
2025-05-05 16:45:44,680 - INFO - Frame 0323: Sharp=False | Lap=539.70 | Ten=14.69 | FFT=3.68
2025-05-05 16:45:44,680 - INFO - Frame 0324: Sharp=False | Lap=533.28 | Ten=14.79 | FFT=3.71
2025-05-05 16:45:44,680 - INFO - Frame 0325: Sharp=False | Lap=535.40 | Ten=14.97 | FFT=3.71
2025-05-05 16:45:44,680 - INFO - Frame 0326: Sharp=False | Lap=534.67 | Ten=14.93 | FFT=3.71
2025-05-05 16:45:44,680 - INFO - Frame 0327: Sharp=False | Lap=530.05 | Ten=14.87 | FFT=3.69
2025-05-05 16:45:44,680 - INFO - Frame 0328: Sharp=False | Lap=539.19 | Ten=14.81 | FFT=3.71
2025-05-05 16:45:44,680 - INFO - Frame 0329: Sharp=False | Lap=533.14 | Ten=14.78 | FFT=3.70
2025-05-05 16:45:44,680 - INFO - Frame 0330: Sharp=False | Lap=547.76 | Ten=14.88 | FFT=3.73
2025-05-05 16:45:44,681 - INFO - Frame 0331: Sharp=False | Lap=535.60 | Ten=14.92 | FFT=3.76
2025-05-05 16:45:44,681 - INFO - Frame 0332: Sharp=False | Lap=552.88 | Ten=16.06 | FFT=4.01
2025-05-05 16:45:44,681 - INFO - Frame 0333: Sharp=False | Lap=549.13 | Ten=15.37 | FFT=3.84
2025-05-05 16:45:44,681 - INFO - Frame 0334: Sharp=False | Lap=551.39 | Ten=15.47 | FFT=3.86
2025-05-05 16:45:44,681 - INFO - Frame 0335: Sharp=False | Lap=538.52 | Ten=15.47 | FFT=3.86
2025-05-05 16:45:44,681 - INFO - Frame 0336: Sharp=False | Lap=550.43 | Ten=15.48 | FFT=3.90
2025-05-05 16:45:44,681 - INFO - Frame 0337: Sharp=False | Lap=551.77 | Ten=15.96 | FFT=4.04
2025-05-05 16:45:44,681 - INFO - Frame 0338: Sharp=False | Lap=597.42 | Ten=16.68 | FFT=4.34
2025-05-05 16:45:44,681 - INFO - Frame 0339: Sharp=False | Lap=582.05 | Ten=15.47 | FFT=4.01
2025-05-05 16:45:44,681 - INFO - Frame 0340: Sharp=False | Lap=559.30 | Ten=15.71 | FFT=4.17
2025-05-05 16:45:44,681 - INFO - Frame 0341: Sharp=False | Lap=548.61 | Ten=15.16 | FFT=3.98
2025-05-05 16:45:44,681 - INFO - Frame 0342: Sharp=False | Lap=554.26 | Ten=15.23 | FFT=4.03
2025-05-05 16:45:44,681 - INFO - Frame 0343: Sharp=False | Lap=548.54 | Ten=15.83 | FFT=4.26
2025-05-05 16:45:44,681 - INFO - Frame 0344: Sharp=False | Lap=533.01 | Ten=15.01 | FFT=3.93
2025-05-05 16:45:44,681 - INFO - Frame 0345: Sharp=False | Lap=524.18 | Ten=14.98 | FFT=4.00
2025-05-05 16:45:44,681 - INFO - Frame 0346: Sharp=False | Lap=533.11 | Ten=14.77 | FFT=3.87
2025-05-05 16:45:44,681 - INFO - Frame 0347: Sharp=False | Lap=530.25 | Ten=14.43 | FFT=3.74
2025-05-05 16:45:44,681 - INFO - Frame 0348: Sharp=False | Lap=525.06 | Ten=14.15 | FFT=3.65
2025-05-05 16:45:44,681 - INFO - Frame 0349: Sharp=False | Lap=529.18 | Ten=14.25 | FFT=3.70
2025-05-05 16:45:44,681 - INFO - Frame 0350: Sharp=False | Lap=528.23 | Ten=14.25 | FFT=3.74
2025-05-05 16:45:44,682 - INFO - Frame 0351: Sharp=False | Lap=524.47 | Ten=14.07 | FFT=3.71
2025-05-05 16:45:44,682 - INFO - Frame 0352: Sharp=False | Lap=583.12 | Ten=14.52 | FFT=4.05
2025-05-05 16:45:44,682 - INFO - Frame 0353: Sharp=False | Lap=553.22 | Ten=13.24 | FFT=3.55
2025-05-05 16:45:44,682 - INFO - Frame 0354: Sharp=False | Lap=548.22 | Ten=13.14 | FFT=3.54
2025-05-05 16:45:44,682 - INFO - Frame 0355: Sharp=False | Lap=537.06 | Ten=13.28 | FFT=3.57
2025-05-05 16:45:44,682 - INFO - Frame 0356: Sharp=False | Lap=550.29 | Ten=13.40 | FFT=3.63
2025-05-05 16:45:44,682 - INFO - Frame 0357: Sharp=False | Lap=550.70 | Ten=13.63 | FFT=3.67
2025-05-05 16:45:44,682 - INFO - Frame 0358: Sharp=False | Lap=548.59 | Ten=13.75 | FFT=3.68
2025-05-05 16:45:44,682 - INFO - Frame 0359: Sharp=False | Lap=535.82 | Ten=13.77 | FFT=3.70
2025-05-05 16:45:44,682 - INFO - Frame 0360: Sharp=False | Lap=539.57 | Ten=13.61 | FFT=3.68
2025-05-05 16:45:44,682 - INFO - Frame 0361: Sharp=False | Lap=592.91 | Ten=15.22 | FFT=4.33
2025-05-05 16:45:44,682 - INFO - Frame 0362: Sharp=False | Lap=557.76 | Ten=13.49 | FFT=3.73
2025-05-05 16:45:44,682 - INFO - Frame 0363: Sharp=False | Lap=544.81 | Ten=13.23 | FFT=3.64
2025-05-05 16:45:44,682 - INFO - Frame 0364: Sharp=False | Lap=544.10 | Ten=13.19 | FFT=3.63
2025-05-05 16:45:44,682 - INFO - Frame 0365: Sharp=False | Lap=540.37 | Ten=13.30 | FFT=3.61
2025-05-05 16:45:44,682 - INFO - Frame 0366: Sharp=False | Lap=550.49 | Ten=13.39 | FFT=3.64
2025-05-05 16:45:44,682 - INFO - Frame 0367: Sharp=False | Lap=543.20 | Ten=13.13 | FFT=3.58
2025-05-05 16:45:44,682 - INFO - Frame 0368: Sharp=False | Lap=531.28 | Ten=12.93 | FFT=3.53
2025-05-05 16:45:44,682 - INFO - Frame 0369: Sharp=False | Lap=518.70 | Ten=12.64 | FFT=3.44
2025-05-05 16:45:44,682 - INFO - Frame 0370: Sharp=False | Lap=559.59 | Ten=13.55 | FFT=3.81
2025-05-05 16:45:44,682 - INFO - Frame 0371: Sharp=False | Lap=531.91 | Ten=12.41 | FFT=3.43
2025-05-05 16:45:44,682 - INFO - Frame 0372: Sharp=False | Lap=527.40 | Ten=12.24 | FFT=3.40
2025-05-05 16:45:44,682 - INFO - Frame 0373: Sharp=False | Lap=531.22 | Ten=13.21 | FFT=3.82
2025-05-05 16:45:44,682 - INFO - Frame 0374: Sharp=False | Lap=507.02 | Ten=11.72 | FFT=3.25
2025-05-05 16:45:44,682 - INFO - Frame 0375: Sharp=False | Lap=496.48 | Ten=11.45 | FFT=3.17
2025-05-05 16:45:44,682 - INFO - Frame 0376: Sharp=False | Lap=510.34 | Ten=11.45 | FFT=3.18
2025-05-05 16:45:44,683 - INFO - Frame 0377: Sharp=False | Lap=503.79 | Ten=11.32 | FFT=3.16
2025-05-05 16:45:44,683 - INFO - Frame 0378: Sharp=False | Lap=533.86 | Ten=11.28 | FFT=3.14
2025-05-05 16:45:44,683 - INFO - Frame 0379: Sharp=False | Lap=521.17 | Ten=11.26 | FFT=3.12
2025-05-05 16:45:44,683 - INFO - Frame 0380: Sharp=False | Lap=532.78 | Ten=11.32 | FFT=3.13
2025-05-05 16:45:44,683 - INFO - Frame 0381: Sharp=False | Lap=534.36 | Ten=11.37 | FFT=3.15
2025-05-05 16:45:44,683 - INFO - Frame 0382: Sharp=False | Lap=544.72 | Ten=11.39 | FFT=3.16
2025-05-05 16:45:44,683 - INFO - Frame 0383: Sharp=False | Lap=529.57 | Ten=11.31 | FFT=3.13
2025-05-05 16:45:44,683 - INFO - Frame 0384: Sharp=False | Lap=543.63 | Ten=11.57 | FFT=3.17
2025-05-05 16:45:44,683 - INFO - Frame 0385: Sharp=False | Lap=544.89 | Ten=11.71 | FFT=3.19
2025-05-05 16:45:44,683 - INFO - Frame 0386: Sharp=False | Lap=539.98 | Ten=11.79 | FFT=3.21
2025-05-05 16:45:44,683 - INFO - Frame 0387: Sharp=False | Lap=578.97 | Ten=12.64 | FFT=3.46
2025-05-05 16:45:44,683 - INFO - Frame 0388: Sharp=False | Lap=560.99 | Ten=12.49 | FFT=3.53
2025-05-05 16:45:44,683 - INFO - Frame 0389: Sharp=False | Lap=514.45 | Ten=11.29 | FFT=3.11
2025-05-05 16:45:44,683 - INFO - Frame 0390: Sharp=False | Lap=549.35 | Ten=11.44 | FFT=3.15
2025-05-05 16:45:44,683 - INFO - Frame 0391: Sharp=False | Lap=543.87 | Ten=11.41 | FFT=3.13
2025-05-05 16:45:44,683 - INFO - Frame 0392: Sharp=False | Lap=562.72 | Ten=12.29 | FFT=3.41
2025-05-05 16:45:44,683 - INFO - Frame 0393: Sharp=False | Lap=518.10 | Ten=11.61 | FFT=3.23
2025-05-05 16:45:44,683 - INFO - Frame 0394: Sharp=False | Lap=582.46 | Ten=13.04 | FFT=3.61
2025-05-05 16:45:44,683 - INFO - Frame 0395: Sharp=False | Lap=502.68 | Ten=10.95 | FFT=2.96
2025-05-05 16:45:44,683 - INFO - Frame 0396: Sharp=False | Lap=522.77 | Ten=11.10 | FFT=3.03
2025-05-05 16:45:44,683 - INFO - Frame 0397: Sharp=False | Lap=524.99 | Ten=10.97 | FFT=3.01
2025-05-05 16:45:44,683 - INFO - Frame 0398: Sharp=False | Lap=524.13 | Ten=10.80 | FFT=2.98
2025-05-05 16:45:44,683 - INFO - Frame 0399: Sharp=False | Lap=567.02 | Ten=14.64 | FFT=4.33
2025-05-05 16:45:44,683 - INFO - Frame 0400: Sharp=False | Lap=531.12 | Ten=10.51 | FFT=2.97
2025-05-05 16:45:44,683 - INFO - Frame 0401: Sharp=False | Lap=511.73 | Ten=11.80 | FFT=3.48
2025-05-05 16:45:44,684 - INFO - Frame 0402: Sharp=False | Lap=580.00 | Ten=10.46 | FFT=2.96
2025-05-05 16:45:44,684 - INFO - Frame 0403: Sharp=False | Lap=534.26 | Ten=10.10 | FFT=2.83
2025-05-05 16:45:44,684 - INFO - Frame 0404: Sharp=False | Lap=547.21 | Ten=10.15 | FFT=2.81
2025-05-05 16:45:44,684 - INFO - Frame 0405: Sharp=False | Lap=581.07 | Ten=10.54 | FFT=2.97
2025-05-05 16:45:44,684 - INFO - Frame 0406: Sharp=False | Lap=581.58 | Ten=12.16 | FFT=3.63
2025-05-05 16:45:44,684 - INFO - Frame 0407: Sharp=False | Lap=533.70 | Ten=9.93 | FFT=2.83
2025-05-05 16:45:44,684 - INFO - Frame 0408: Sharp=False | Lap=545.87 | Ten=9.87 | FFT=2.75
2025-05-05 16:45:44,684 - INFO - Frame 0409: Sharp=False | Lap=545.17 | Ten=9.76 | FFT=2.67
2025-05-05 16:45:44,684 - INFO - Frame 0410: Sharp=False | Lap=570.29 | Ten=10.09 | FFT=2.82
2025-05-05 16:45:44,684 - INFO - Frame 0411: Sharp=False | Lap=578.95 | Ten=10.76 | FFT=3.12
2025-05-05 16:45:44,684 - INFO - Frame 0412: Sharp=False | Lap=538.96 | Ten=9.36 | FFT=2.66
2025-05-05 16:45:44,684 - INFO - Frame 0413: Sharp=False | Lap=536.67 | Ten=9.54 | FFT=2.64
2025-05-05 16:45:44,684 - INFO - Frame 0414: Sharp=False | Lap=538.35 | Ten=9.68 | FFT=2.71
2025-05-05 16:45:44,684 - INFO - Frame 0415: Sharp=False | Lap=539.38 | Ten=10.26 | FFT=2.94
2025-05-05 16:45:44,684 - INFO - Frame 0416: Sharp=False | Lap=522.48 | Ten=9.83 | FFT=2.76
2025-05-05 16:45:44,684 - INFO - Frame 0417: Sharp=False | Lap=542.99 | Ten=10.05 | FFT=2.86
2025-05-05 16:45:44,684 - INFO - Frame 0418: Sharp=False | Lap=567.34 | Ten=11.08 | FFT=3.22
2025-05-05 16:45:44,684 - INFO - Frame 0419: Sharp=False | Lap=529.44 | Ten=9.81 | FFT=2.77
2025-05-05 16:45:44,684 - INFO - Frame 0420: Sharp=False | Lap=530.67 | Ten=10.37 | FFT=2.94
2025-05-05 16:45:44,684 - INFO - Frame 0421: Sharp=False | Lap=531.04 | Ten=10.22 | FFT=2.87
2025-05-05 16:45:44,684 - INFO - Frame 0422: Sharp=False | Lap=530.07 | Ten=10.21 | FFT=2.90
2025-05-05 16:45:44,684 - INFO - Frame 0423: Sharp=False | Lap=526.36 | Ten=10.31 | FFT=2.91
2025-05-05 16:45:44,684 - INFO - Frame 0424: Sharp=False | Lap=537.03 | Ten=10.47 | FFT=2.97
2025-05-05 16:45:44,684 - INFO - Frame 0425: Sharp=False | Lap=531.70 | Ten=10.53 | FFT=2.99
2025-05-05 16:45:44,684 - INFO - Frame 0426: Sharp=False | Lap=545.64 | Ten=10.65 | FFT=3.04
2025-05-05 16:45:44,684 - INFO - Frame 0427: Sharp=False | Lap=534.05 | Ten=10.66 | FFT=3.05
2025-05-05 16:45:44,685 - INFO - Frame 0428: Sharp=False | Lap=547.59 | Ten=10.88 | FFT=3.12
2025-05-05 16:45:44,685 - INFO - Frame 0429: Sharp=False | Lap=548.11 | Ten=11.00 | FFT=3.16
2025-05-05 16:45:44,685 - INFO - Frame 0430: Sharp=False | Lap=558.89 | Ten=11.19 | FFT=3.21
2025-05-05 16:45:44,685 - INFO - Frame 0431: Sharp=False | Lap=546.95 | Ten=11.23 | FFT=3.23
2025-05-05 16:45:44,685 - INFO - Frame 0432: Sharp=False | Lap=549.88 | Ten=11.18 | FFT=3.25
2025-05-05 16:45:44,685 - INFO - Frame 0433: Sharp=False | Lap=549.71 | Ten=11.18 | FFT=3.27
2025-05-05 16:45:44,685 - INFO - Frame 0434: Sharp=False | Lap=584.59 | Ten=12.47 | FFT=4.03
2025-05-05 16:45:44,685 - INFO - Frame 0435: Sharp=False | Lap=612.96 | Ten=13.75 | FFT=4.34
2025-05-05 16:45:44,685 - INFO - Frame 0436: Sharp=False | Lap=556.22 | Ten=11.97 | FFT=3.61
2025-05-05 16:45:44,685 - INFO - Frame 0437: Sharp=False | Lap=548.71 | Ten=11.55 | FFT=3.48
2025-05-05 16:45:44,685 - INFO - Frame 0438: Sharp=False | Lap=557.39 | Ten=11.30 | FFT=3.31
2025-05-05 16:45:44,685 - INFO - Frame 0439: Sharp=False | Lap=584.11 | Ten=12.48 | FFT=3.94
2025-05-05 16:45:44,685 - INFO - Frame 0440: Sharp=False | Lap=594.28 | Ten=13.70 | FFT=4.25
2025-05-05 16:45:44,685 - INFO - Frame 0441: Sharp=False | Lap=558.97 | Ten=12.13 | FFT=3.72
2025-05-05 16:45:44,685 - INFO - Frame 0442: Sharp=False | Lap=523.34 | Ten=11.36 | FFT=3.40
2025-05-05 16:45:44,685 - INFO - Frame 0443: Sharp=False | Lap=540.99 | Ten=11.40 | FFT=3.36
2025-05-05 16:45:44,685 - INFO - Frame 0444: Sharp=False | Lap=537.11 | Ten=11.42 | FFT=3.37
2025-05-05 16:45:44,685 - INFO - Frame 0445: Sharp=False | Lap=541.09 | Ten=11.48 | FFT=3.37
2025-05-05 16:45:44,685 - INFO - Frame 0446: Sharp=False | Lap=540.78 | Ten=11.49 | FFT=3.36
2025-05-05 16:45:44,685 - INFO - Frame 0447: Sharp=False | Lap=582.08 | Ten=13.31 | FFT=4.15
2025-05-05 16:45:44,685 - INFO - Frame 0448: Sharp=False | Lap=535.39 | Ten=11.43 | FFT=3.31
2025-05-05 16:45:44,685 - INFO - Frame 0449: Sharp=False | Lap=531.65 | Ten=11.41 | FFT=3.31
2025-05-05 16:45:44,685 - INFO - Frame 0450: Sharp=False | Lap=558.73 | Ten=11.77 | FFT=3.42
2025-05-05 16:45:44,685 - INFO - Frame 0451: Sharp=False | Lap=544.60 | Ten=11.68 | FFT=3.41
2025-05-05 16:45:44,685 - INFO - Frame 0452: Sharp=False | Lap=607.61 | Ten=13.30 | FFT=4.11
2025-05-05 16:45:44,685 - INFO - Frame 0453: Sharp=False | Lap=536.72 | Ten=11.01 | FFT=3.17
2025-05-05 16:45:44,686 - INFO - Frame 0454: Sharp=False | Lap=541.76 | Ten=11.02 | FFT=3.19
2025-05-05 16:45:44,686 - INFO - Frame 0455: Sharp=False | Lap=516.87 | Ten=10.90 | FFT=3.15
2025-05-05 16:45:44,686 - INFO - Frame 0456: Sharp=False | Lap=540.71 | Ten=10.93 | FFT=3.13
2025-05-05 16:45:44,686 - INFO - Frame 0457: Sharp=False | Lap=541.87 | Ten=10.99 | FFT=3.15
2025-05-05 16:45:44,686 - INFO - Frame 0458: Sharp=False | Lap=535.21 | Ten=10.81 | FFT=3.10
2025-05-05 16:45:44,686 - INFO - Frame 0459: Sharp=False | Lap=539.46 | Ten=10.87 | FFT=3.11
2025-05-05 16:45:44,686 - INFO - Frame 0460: Sharp=False | Lap=588.98 | Ten=12.16 | FFT=3.58
2025-05-05 16:45:44,686 - INFO - Frame 0461: Sharp=False | Lap=549.08 | Ten=11.03 | FFT=3.14
2025-05-05 16:45:44,686 - INFO - Frame 0462: Sharp=False | Lap=558.87 | Ten=11.03 | FFT=3.14
2025-05-05 16:45:44,686 - INFO - Frame 0463: Sharp=False | Lap=587.27 | Ten=13.02 | FFT=3.85
2025-05-05 16:45:44,686 - INFO - Frame 0464: Sharp=False | Lap=522.05 | Ten=10.72 | FFT=3.04
2025-05-05 16:45:44,686 - INFO - Frame 0465: Sharp=False | Lap=550.25 | Ten=11.71 | FFT=3.41
2025-05-05 16:45:44,686 - INFO - Frame 0466: Sharp=False | Lap=545.10 | Ten=10.95 | FFT=3.14
2025-05-05 16:45:44,686 - INFO - Frame 0467: Sharp=False | Lap=525.52 | Ten=10.63 | FFT=3.02
2025-05-05 16:45:44,686 - INFO - Frame 0468: Sharp=False | Lap=525.27 | Ten=10.68 | FFT=3.09
2025-05-05 16:45:44,686 - INFO - Frame 0469: Sharp=False | Lap=528.18 | Ten=10.66 | FFT=3.06
2025-05-05 16:45:44,686 - INFO - Frame 0470: Sharp=False | Lap=525.91 | Ten=10.37 | FFT=2.95
2025-05-05 16:45:44,686 - INFO - Frame 0471: Sharp=False | Lap=521.63 | Ten=10.37 | FFT=2.95
2025-05-05 16:45:44,686 - INFO - Frame 0472: Sharp=False | Lap=570.30 | Ten=11.56 | FFT=3.40
2025-05-05 16:45:44,686 - INFO - Frame 0473: Sharp=False | Lap=525.76 | Ten=10.37 | FFT=2.93
2025-05-05 16:45:44,686 - INFO - Frame 0474: Sharp=False | Lap=541.31 | Ten=10.65 | FFT=3.02
2025-05-05 16:45:44,686 - INFO - Frame 0475: Sharp=False | Lap=568.97 | Ten=12.88 | FFT=3.71
2025-05-05 16:45:44,686 - INFO - Frame 0476: Sharp=False | Lap=552.84 | Ten=11.45 | FFT=3.42
2025-05-05 16:45:44,686 - INFO - Frame 0477: Sharp=False | Lap=575.68 | Ten=11.88 | FFT=3.43
2025-05-05 16:45:44,686 - INFO - Frame 0478: Sharp=False | Lap=536.14 | Ten=10.45 | FFT=2.91
2025-05-05 16:45:44,687 - INFO - Frame 0479: Sharp=False | Lap=537.69 | Ten=10.45 | FFT=2.90
2025-05-05 16:45:44,687 - INFO - Frame 0480: Sharp=False | Lap=589.32 | Ten=11.87 | FFT=3.45
2025-05-05 16:45:44,687 - INFO - Frame 0481: Sharp=False | Lap=540.27 | Ten=11.05 | FFT=3.18
2025-05-05 16:45:44,687 - INFO - Frame 0482: Sharp=False | Lap=545.03 | Ten=10.45 | FFT=2.90
2025-05-05 16:45:44,687 - INFO - Frame 0483: Sharp=False | Lap=535.10 | Ten=10.33 | FFT=2.85
2025-05-05 16:45:44,687 - INFO - Frame 0484: Sharp=False | Lap=542.87 | Ten=10.41 | FFT=2.87
2025-05-05 16:45:44,687 - INFO - Frame 0485: Sharp=False | Lap=582.48 | Ten=13.48 | FFT=4.03
2025-05-05 16:45:44,687 - INFO - Frame 0486: Sharp=False | Lap=552.07 | Ten=10.64 | FFT=2.95
2025-05-05 16:45:44,687 - INFO - Frame 0487: Sharp=False | Lap=530.81 | Ten=10.38 | FFT=2.84
2025-05-05 16:45:44,687 - INFO - Frame 0488: Sharp=False | Lap=528.69 | Ten=10.45 | FFT=2.84
2025-05-05 16:45:44,687 - INFO - Frame 0489: Sharp=False | Lap=516.35 | Ten=10.36 | FFT=2.83
2025-05-05 16:45:44,687 - INFO - Frame 0490: Sharp=False | Lap=566.49 | Ten=11.08 | FFT=3.11
2025-05-05 16:45:44,687 - INFO - Frame 0491: Sharp=False | Lap=518.05 | Ten=10.29 | FFT=2.80
2025-05-05 16:45:44,687 - INFO - Frame 0492: Sharp=False | Lap=524.34 | Ten=10.41 | FFT=2.84
2025-05-05 16:45:44,687 - INFO - Frame 0493: Sharp=False | Lap=517.84 | Ten=10.31 | FFT=2.81
2025-05-05 16:45:44,687 - INFO - Frame 0494: Sharp=False | Lap=527.50 | Ten=10.39 | FFT=2.82
2025-05-05 16:45:44,687 - INFO - Frame 0495: Sharp=False | Lap=525.86 | Ten=10.50 | FFT=2.82
2025-05-05 16:45:44,687 - INFO - Frame 0496: Sharp=False | Lap=574.25 | Ten=11.97 | FFT=3.32
2025-05-05 16:45:44,687 - INFO - Frame 0497: Sharp=False | Lap=541.27 | Ten=12.68 | FFT=3.33
2025-05-05 16:45:44,687 - INFO - Frame 0498: Sharp=False | Lap=573.02 | Ten=10.71 | FFT=2.87
2025-05-05 16:45:44,687 - INFO - Frame 0499: Sharp=False | Lap=543.91 | Ten=10.61 | FFT=2.84
2025-05-05 16:45:44,687 - INFO - Frame 0500: Sharp=False | Lap=556.44 | Ten=10.69 | FFT=2.85
2025-05-05 16:45:44,687 - INFO - Frame 0501: Sharp=False | Lap=575.30 | Ten=11.38 | FFT=3.05
2025-05-05 16:45:44,687 - INFO - Frame 0502: Sharp=False | Lap=587.62 | Ten=12.75 | FFT=3.31
2025-05-05 16:45:44,687 - INFO - Frame 0503: Sharp=False | Lap=551.73 | Ten=10.53 | FFT=2.84
2025-05-05 16:45:44,687 - INFO - Frame 0504: Sharp=False | Lap=548.80 | Ten=10.75 | FFT=2.87
2025-05-05 16:45:44,687 - INFO - Frame 0505: Sharp=False | Lap=548.08 | Ten=10.73 | FFT=2.87
2025-05-05 16:45:44,688 - INFO - Frame 0506: Sharp=False | Lap=582.20 | Ten=12.23 | FFT=3.20
2025-05-05 16:45:44,688 - INFO - Frame 0507: Sharp=False | Lap=557.43 | Ten=10.69 | FFT=2.88
2025-05-05 16:45:44,688 - INFO - Frame 0508: Sharp=False | Lap=556.46 | Ten=10.63 | FFT=2.88
2025-05-05 16:45:44,688 - INFO - Frame 0509: Sharp=False | Lap=551.88 | Ten=10.59 | FFT=2.86
2025-05-05 16:45:44,688 - INFO - Frame 0510: Sharp=False | Lap=562.13 | Ten=10.64 | FFT=2.89
2025-05-05 16:45:44,688 - INFO - Frame 0511: Sharp=False | Lap=555.77 | Ten=10.66 | FFT=2.89
2025-05-05 16:45:44,688 - INFO - Frame 0512: Sharp=False | Lap=542.46 | Ten=10.75 | FFT=2.90
2025-05-05 16:45:44,688 - INFO - Frame 0513: Sharp=False | Lap=529.48 | Ten=10.74 | FFT=2.90
2025-05-05 16:45:44,688 - INFO - Frame 0514: Sharp=False | Lap=541.23 | Ten=10.89 | FFT=2.94
2025-05-05 16:45:44,688 - INFO - Frame 0515: Sharp=False | Lap=542.60 | Ten=10.98 | FFT=2.97
2025-05-05 16:45:44,688 - INFO - Frame 0516: Sharp=False | Lap=537.59 | Ten=10.93 | FFT=2.98
2025-05-05 16:45:44,688 - INFO - Frame 0517: Sharp=False | Lap=541.05 | Ten=10.96 | FFT=2.98
2025-05-05 16:45:44,688 - INFO - Frame 0518: Sharp=False | Lap=540.69 | Ten=11.02 | FFT=3.00
2025-05-05 16:45:44,688 - INFO - Frame 0519: Sharp=False | Lap=536.97 | Ten=11.14 | FFT=3.02
2025-05-05 16:45:44,688 - INFO - Frame 0520: Sharp=False | Lap=547.75 | Ten=11.31 | FFT=3.06
2025-05-05 16:45:44,688 - INFO - Frame 0521: Sharp=False | Lap=541.89 | Ten=11.18 | FFT=3.05
2025-05-05 16:45:44,688 - INFO - Frame 0522: Sharp=False | Lap=551.32 | Ten=11.32 | FFT=3.09
2025-05-05 16:45:44,688 - INFO - Frame 0523: Sharp=False | Lap=538.30 | Ten=11.21 | FFT=3.07
2025-05-05 16:45:44,688 - INFO - Frame 0524: Sharp=False | Lap=584.37 | Ten=12.88 | FFT=3.43
2025-05-05 16:45:44,688 - INFO - Frame 0525: Sharp=False | Lap=550.96 | Ten=11.39 | FFT=3.12
2025-05-05 16:45:44,689 - INFO - Frame 0526: Sharp=False | Lap=549.51 | Ten=11.43 | FFT=3.14
2025-05-05 16:45:44,689 - INFO - Frame 0527: Sharp=False | Lap=536.36 | Ten=11.51 | FFT=3.16
2025-05-05 16:45:44,689 - INFO - Frame 0528: Sharp=False | Lap=548.45 | Ten=11.64 | FFT=3.18
2025-05-05 16:45:44,689 - INFO - Frame 0529: Sharp=False | Lap=548.05 | Ten=11.73 | FFT=3.22
2025-05-05 16:45:44,689 - INFO - Frame 0530: Sharp=False | Lap=543.28 | Ten=11.72 | FFT=3.24
2025-05-05 16:45:44,689 - INFO - Frame 0531: Sharp=False | Lap=547.85 | Ten=11.87 | FFT=3.25
2025-05-05 16:45:44,689 - INFO - Frame 0532: Sharp=False | Lap=546.33 | Ten=11.97 | FFT=3.26
2025-05-05 16:45:44,689 - INFO - Frame 0533: Sharp=False | Lap=541.21 | Ten=11.97 | FFT=3.20
2025-05-05 16:45:44,689 - INFO - Frame 0534: Sharp=False | Lap=551.77 | Ten=11.74 | FFT=3.10
2025-05-05 16:45:44,689 - INFO - Frame 0535: Sharp=False | Lap=546.24 | Ten=11.69 | FFT=3.05
2025-05-05 16:45:44,689 - INFO - Frame 0536: Sharp=False | Lap=534.64 | Ten=11.68 | FFT=3.02
2025-05-05 16:45:44,689 - INFO - Frame 0537: Sharp=False | Lap=522.37 | Ten=11.64 | FFT=3.06
2025-05-05 16:45:44,689 - INFO - Frame 0538: Sharp=False | Lap=534.40 | Ten=11.73 | FFT=3.07
2025-05-05 16:45:44,689 - INFO - Frame 0539: Sharp=False | Lap=534.49 | Ten=12.04 | FFT=3.11
2025-05-05 16:45:44,690 - INFO - Frame 0540: Sharp=False | Lap=530.95 | Ten=12.43 | FFT=3.22
2025-05-05 16:45:44,690 - INFO - Frame 0541: Sharp=False | Lap=534.13 | Ten=12.43 | FFT=3.26
2025-05-05 16:45:44,690 - INFO - Frame 0542: Sharp=False | Lap=532.70 | Ten=12.14 | FFT=3.16
2025-05-05 16:45:44,690 - INFO - Frame 0543: Sharp=False | Lap=528.68 | Ten=11.83 | FFT=3.10
2025-05-05 16:45:44,690 - INFO - Frame 0544: Sharp=False | Lap=538.96 | Ten=11.89 | FFT=3.14
2025-05-05 16:45:44,690 - INFO - Frame 0545: Sharp=False | Lap=533.37 | Ten=11.81 | FFT=3.11
2025-05-05 16:45:44,690 - INFO - Frame 0546: Sharp=False | Lap=547.80 | Ten=11.92 | FFT=3.11
2025-05-05 16:45:44,690 - INFO - Frame 0547: Sharp=False | Lap=535.34 | Ten=11.85 | FFT=3.10
2025-05-05 16:45:44,690 - INFO - Frame 0548: Sharp=False | Lap=548.01 | Ten=11.85 | FFT=3.10
2025-05-05 16:45:44,690 - INFO - Frame 0549: Sharp=False | Lap=548.11 | Ten=11.76 | FFT=3.09
2025-05-05 16:45:44,690 - INFO - Frame 0550: Sharp=False | Lap=550.44 | Ten=11.59 | FFT=3.06
2025-05-05 16:45:44,690 - INFO - Frame 0551: Sharp=False | Lap=556.78 | Ten=11.83 | FFT=3.12
2025-05-05 16:45:44,690 - INFO - Frame 0552: Sharp=False | Lap=598.52 | Ten=13.75 | FFT=3.91
2025-05-05 16:45:44,690 - INFO - Frame 0553: Sharp=False | Lap=547.67 | Ten=11.23 | FFT=3.00
2025-05-05 16:45:44,690 - INFO - Frame 0554: Sharp=False | Lap=544.91 | Ten=11.22 | FFT=3.01
2025-05-05 16:45:44,691 - INFO - Frame 0555: Sharp=False | Lap=550.31 | Ten=11.27 | FFT=3.01
2025-05-05 16:45:44,691 - INFO - Frame 0556: Sharp=False | Lap=534.64 | Ten=11.03 | FFT=2.95
2025-05-05 16:45:44,691 - INFO - Frame 0557: Sharp=False | Lap=578.95 | Ten=13.05 | FFT=3.79
2025-05-05 16:45:44,691 - INFO - Frame 0558: Sharp=False | Lap=552.24 | Ten=10.45 | FFT=2.81
2025-05-05 16:45:44,691 - INFO - Frame 0559: Sharp=False | Lap=545.83 | Ten=10.32 | FFT=2.76
2025-05-05 16:45:44,691 - INFO - Frame 0560: Sharp=False | Lap=519.02 | Ten=10.08 | FFT=2.69
2025-05-05 16:45:44,691 - INFO - Frame 0561: Sharp=False | Lap=508.50 | Ten=9.91 | FFT=2.64
2025-05-05 16:45:44,691 - INFO - Frame 0562: Sharp=False | Lap=523.32 | Ten=9.83 | FFT=2.63
2025-05-05 16:45:44,691 - INFO - Frame 0563: Sharp=False | Lap=522.96 | Ten=9.83 | FFT=2.63
2025-05-05 16:45:44,691 - INFO - Frame 0564: Sharp=False | Lap=518.39 | Ten=9.76 | FFT=2.63
2025-05-05 16:45:44,691 - INFO - Frame 0565: Sharp=False | Lap=521.70 | Ten=9.77 | FFT=2.63
2025-05-05 16:45:44,691 - INFO - Frame 0566: Sharp=False | Lap=520.97 | Ten=9.77 | FFT=2.63
2025-05-05 16:45:44,691 - INFO - Frame 0567: Sharp=False | Lap=517.00 | Ten=9.75 | FFT=2.61
2025-05-05 16:45:44,691 - INFO - Frame 0568: Sharp=False | Lap=526.84 | Ten=9.78 | FFT=2.64
2025-05-05 16:45:44,692 - INFO - Frame 0569: Sharp=False | Lap=521.49 | Ten=9.68 | FFT=2.62
2025-05-05 16:45:44,692 - INFO - Frame 0570: Sharp=False | Lap=536.89 | Ten=9.76 | FFT=2.62
2025-05-05 16:45:44,692 - INFO - Frame 0571: Sharp=False | Lap=551.83 | Ten=9.89 | FFT=2.65
2025-05-05 16:45:44,692 - INFO - Frame 0572: Sharp=False | Lap=563.21 | Ten=10.19 | FFT=2.69
2025-05-05 16:45:44,692 - INFO - Frame 0573: Sharp=False | Lap=554.83 | Ten=9.58 | FFT=2.58
2025-05-05 16:45:44,692 - INFO - Frame 0574: Sharp=False | Lap=555.53 | Ten=9.59 | FFT=2.60
2025-05-05 16:45:44,692 - INFO - Frame 0575: Sharp=False | Lap=542.02 | Ten=9.56 | FFT=2.58
2025-05-05 16:45:44,692 - INFO - Frame 0576: Sharp=False | Lap=543.42 | Ten=9.48 | FFT=2.56
2025-05-05 16:45:44,692 - INFO - Frame 0577: Sharp=False | Lap=542.93 | Ten=9.44 | FFT=2.56
2025-05-05 16:45:44,692 - INFO - Frame 0578: Sharp=False | Lap=538.54 | Ten=9.37 | FFT=2.56
2025-05-05 16:45:44,692 - INFO - Frame 0579: Sharp=False | Lap=542.82 | Ten=9.44 | FFT=2.55
2025-05-05 16:45:44,692 - INFO - Frame 0580: Sharp=False | Lap=542.00 | Ten=9.44 | FFT=2.54
2025-05-05 16:45:44,692 - INFO - Frame 0581: Sharp=False | Lap=537.53 | Ten=9.48 | FFT=2.52
2025-05-05 16:45:44,692 - INFO - Frame 0582: Sharp=False | Lap=548.68 | Ten=9.57 | FFT=2.54
2025-05-05 16:45:44,693 - INFO - Frame 0583: Sharp=False | Lap=544.07 | Ten=9.58 | FFT=2.54
2025-05-05 16:45:44,693 - INFO - Frame 0584: Sharp=False | Lap=534.37 | Ten=9.62 | FFT=2.53
2025-05-05 16:45:44,693 - INFO - Frame 0585: Sharp=False | Lap=522.71 | Ten=9.59 | FFT=2.51
2025-05-05 16:45:44,693 - INFO - Frame 0586: Sharp=False | Lap=556.90 | Ten=10.50 | FFT=2.83
2025-05-05 16:45:44,693 - INFO - Frame 0587: Sharp=False | Lap=543.30 | Ten=9.50 | FFT=2.52
2025-05-05 16:45:44,693 - INFO - Frame 0588: Sharp=False | Lap=538.52 | Ten=9.44 | FFT=2.51
2025-05-05 16:45:44,693 - INFO - Frame 0589: Sharp=False | Lap=542.04 | Ten=9.53 | FFT=2.52
2025-05-05 16:45:44,693 - INFO - Frame 0590: Sharp=False | Lap=541.14 | Ten=9.54 | FFT=2.52
2025-05-05 16:45:44,693 - INFO - Frame 0591: Sharp=False | Lap=534.60 | Ten=9.61 | FFT=2.51
2025-05-05 16:45:44,693 - INFO - Frame 0592: Sharp=False | Lap=544.12 | Ten=9.73 | FFT=2.54
2025-05-05 16:45:44,693 - INFO - Frame 0593: Sharp=False | Lap=537.97 | Ten=9.71 | FFT=2.52
2025-05-05 16:45:44,693 - INFO - Frame 0594: Sharp=False | Lap=546.13 | Ten=9.84 | FFT=2.54
2025-05-05 16:45:44,693 - INFO - Frame 0595: Sharp=False | Lap=533.31 | Ten=9.68 | FFT=2.51
2025-05-05 16:45:44,693 - INFO - Frame 0596: Sharp=False | Lap=545.69 | Ten=9.72 | FFT=2.51
2025-05-05 16:45:44,694 - INFO - Frame 0597: Sharp=False | Lap=545.65 | Ten=9.73 | FFT=2.52
2025-05-05 16:45:44,694 - INFO - Frame 0598: Sharp=False | Lap=543.74 | Ten=9.80 | FFT=2.53
2025-05-05 16:45:44,694 - INFO - Frame 0599: Sharp=False | Lap=530.25 | Ten=9.78 | FFT=2.52
2025-05-05 16:45:44,694 - INFO - Frame 0600: Sharp=False | Lap=542.54 | Ten=9.83 | FFT=2.53
2025-05-05 16:45:44,694 - INFO - Frame 0601: Sharp=False | Lap=542.60 | Ten=9.88 | FFT=2.53
2025-05-05 16:45:44,694 - INFO - Frame 0602: Sharp=False | Lap=537.82 | Ten=9.88 | FFT=2.53
2025-05-05 16:45:44,694 - INFO - Frame 0603: Sharp=False | Lap=542.26 | Ten=10.01 | FFT=2.55
2025-05-05 16:45:44,694 - INFO - Frame 0604: Sharp=False | Lap=541.65 | Ten=10.05 | FFT=2.55
2025-05-05 16:45:44,694 - INFO - Frame 0605: Sharp=False | Lap=537.06 | Ten=10.10 | FFT=2.55
2025-05-05 16:45:44,694 - INFO - Frame 0606: Sharp=False | Lap=548.15 | Ten=10.14 | FFT=2.57
2025-05-05 16:45:44,694 - INFO - Frame 0607: Sharp=False | Lap=541.97 | Ten=10.13 | FFT=2.56
2025-05-05 16:45:44,694 - INFO - Frame 0608: Sharp=False | Lap=529.84 | Ten=10.17 | FFT=2.55
2025-05-05 16:45:44,694 - INFO - Frame 0609: Sharp=False | Lap=518.03 | Ten=10.18 | FFT=2.54
2025-05-05 16:45:44,694 - INFO - Frame 0610: Sharp=False | Lap=530.41 | Ten=10.29 | FFT=2.56
2025-05-05 16:45:44,694 - INFO - Frame 0611: Sharp=False | Lap=529.96 | Ten=10.29 | FFT=2.56
2025-05-05 16:45:44,695 - INFO - Frame 0612: Sharp=False | Lap=526.15 | Ten=10.44 | FFT=2.57
2025-05-05 16:45:44,695 - INFO - Frame 0613: Sharp=False | Lap=558.79 | Ten=11.13 | FFT=2.85
2025-05-05 16:45:44,695 - INFO - Frame 0614: Sharp=False | Lap=528.13 | Ten=10.10 | FFT=2.58
2025-05-05 16:45:44,695 - INFO - Frame 0615: Sharp=False | Lap=524.37 | Ten=10.27 | FFT=2.60
2025-05-05 16:45:44,695 - INFO - Frame 0616: Sharp=False | Lap=534.81 | Ten=10.33 | FFT=2.61
2025-05-05 16:45:44,695 - INFO - Frame 0617: Sharp=False | Lap=529.69 | Ten=10.47 | FFT=2.61
2025-05-05 16:45:44,695 - INFO - Frame 0618: Sharp=False | Lap=544.99 | Ten=10.66 | FFT=2.64
2025-05-05 16:45:44,695 - INFO - Frame 0619: Sharp=False | Lap=532.50 | Ten=10.67 | FFT=2.63
2025-05-05 16:45:44,695 - INFO - Frame 0620: Sharp=False | Lap=545.01 | Ten=10.79 | FFT=2.64
2025-05-05 16:45:44,695 - INFO - Frame 0621: Sharp=False | Lap=545.00 | Ten=10.85 | FFT=2.64
2025-05-05 16:45:44,695 - INFO - Frame 0622: Sharp=False | Lap=557.08 | Ten=10.95 | FFT=2.67
2025-05-05 16:45:44,695 - INFO - Frame 0623: Sharp=False | Lap=543.40 | Ten=10.95 | FFT=2.66
2025-05-05 16:45:44,695 - INFO - Frame 0624: Sharp=False | Lap=555.87 | Ten=11.04 | FFT=2.67
2025-05-05 16:45:44,695 - INFO - Frame 0625: Sharp=False | Lap=555.92 | Ten=11.08 | FFT=2.69
2025-05-05 16:45:44,696 - INFO - Frame 0626: Sharp=False | Lap=551.25 | Ten=11.11 | FFT=2.69
2025-05-05 16:45:44,696 - INFO - Frame 0627: Sharp=False | Lap=555.97 | Ten=11.27 | FFT=2.71
2025-05-05 16:45:44,696 - INFO - Frame 0628: Sharp=False | Lap=555.33 | Ten=11.32 | FFT=2.72
2025-05-05 16:45:44,696 - INFO - Frame 0629: Sharp=False | Lap=551.69 | Ten=11.42 | FFT=2.72
2025-05-05 16:45:44,696 - INFO - Frame 0630: Sharp=False | Lap=561.13 | Ten=11.42 | FFT=2.74
2025-05-05 16:45:44,696 - INFO - Frame 0631: Sharp=False | Lap=554.59 | Ten=11.39 | FFT=2.73
2025-05-05 16:45:44,696 - INFO - Frame 0632: Sharp=False | Lap=542.45 | Ten=11.38 | FFT=2.73
2025-05-05 16:45:44,696 - INFO - Frame 0633: Sharp=False | Lap=530.52 | Ten=11.33 | FFT=2.72
2025-05-05 16:45:44,696 - INFO - Frame 0634: Sharp=False | Lap=542.78 | Ten=11.43 | FFT=2.74
2025-05-05 16:45:44,696 - INFO - Frame 0635: Sharp=False | Lap=542.76 | Ten=11.47 | FFT=2.75
2025-05-05 16:45:44,696 - INFO - Frame 0636: Sharp=False | Lap=538.07 | Ten=11.47 | FFT=2.75
2025-05-05 16:45:44,696 - INFO - Frame 0637: Sharp=False | Lap=541.80 | Ten=11.55 | FFT=2.76
2025-05-05 16:45:44,696 - INFO - Frame 0638: Sharp=False | Lap=541.23 | Ten=11.58 | FFT=2.77
2025-05-05 16:45:44,696 - INFO - Frame 0639: Sharp=False | Lap=537.33 | Ten=11.65 | FFT=2.77
2025-05-05 16:45:44,696 - INFO - Frame 0640: Sharp=False | Lap=547.54 | Ten=11.77 | FFT=2.79
2025-05-05 16:45:44,696 - INFO - Frame 0641: Sharp=False | Lap=542.45 | Ten=11.81 | FFT=2.79
2025-05-05 16:45:44,697 - INFO - Frame 0642: Sharp=False | Lap=583.16 | Ten=13.33 | FFT=3.22
2025-05-05 16:45:44,697 - INFO - Frame 0643: Sharp=False | Lap=562.58 | Ten=11.81 | FFT=2.79
2025-05-05 16:45:44,697 - INFO - Frame 0644: Sharp=False | Lap=558.01 | Ten=11.93 | FFT=2.82
2025-05-05 16:45:44,697 - INFO - Frame 0645: Sharp=False | Lap=558.17 | Ten=12.05 | FFT=2.85
2025-05-05 16:45:44,697 - INFO - Frame 0646: Sharp=False | Lap=555.73 | Ten=12.22 | FFT=2.88
2025-05-05 16:45:44,697 - INFO - Frame 0647: Sharp=False | Lap=596.24 | Ten=16.66 | FFT=3.93
2025-05-05 16:45:44,697 - INFO - Frame 0648: Sharp=False | Lap=554.05 | Ten=12.13 | FFT=2.84
2025-05-05 16:45:44,697 - INFO - Frame 0649: Sharp=False | Lap=552.65 | Ten=12.14 | FFT=2.84
2025-05-05 16:45:44,697 - INFO - Frame 0650: Sharp=False | Lap=548.03 | Ten=12.11 | FFT=2.84
2025-05-05 16:45:44,697 - INFO - Frame 0651: Sharp=False | Lap=552.24 | Ten=12.17 | FFT=2.85
2025-05-05 16:45:44,697 - INFO - Frame 0652: Sharp=False | Lap=551.34 | Ten=12.20 | FFT=2.85
2025-05-05 16:45:44,697 - INFO - Frame 0653: Sharp=False | Lap=576.31 | Ten=13.54 | FFT=3.23
2025-05-05 16:45:44,697 - INFO - Frame 0654: Sharp=False | Lap=568.63 | Ten=12.25 | FFT=2.87
2025-05-05 16:45:44,697 - INFO - Frame 0655: Sharp=False | Lap=582.47 | Ten=12.70 | FFT=3.04
2025-05-05 16:45:44,697 - INFO - Frame 0656: Sharp=False | Lap=555.92 | Ten=12.17 | FFT=2.86
2025-05-05 16:45:44,697 - INFO - Frame 0657: Sharp=False | Lap=542.94 | Ten=12.08 | FFT=2.82
2025-05-05 16:45:44,697 - INFO - Frame 0658: Sharp=False | Lap=552.76 | Ten=12.19 | FFT=2.83
2025-05-05 16:45:44,697 - INFO - Frame 0659: Sharp=False | Lap=552.77 | Ten=12.21 | FFT=2.83
2025-05-05 16:45:44,697 - INFO - Frame 0660: Sharp=False | Lap=548.38 | Ten=12.23 | FFT=2.84
2025-05-05 16:45:44,697 - INFO - Frame 0661: Sharp=False | Lap=551.66 | Ten=12.26 | FFT=2.84
2025-05-05 16:45:44,697 - INFO - Frame 0662: Sharp=False | Lap=550.94 | Ten=12.20 | FFT=2.84
2025-05-05 16:45:44,698 - INFO - Frame 0663: Sharp=False | Lap=546.94 | Ten=12.18 | FFT=2.82
2025-05-05 16:45:44,698 - INFO - Frame 0664: Sharp=False | Lap=556.61 | Ten=12.21 | FFT=2.84
2025-05-05 16:45:44,698 - INFO - Frame 0665: Sharp=False | Lap=551.21 | Ten=12.16 | FFT=2.83
2025-05-05 16:45:44,698 - INFO - Frame 0666: Sharp=False | Lap=552.59 | Ten=11.90 | FFT=2.80
2025-05-05 16:45:44,698 - INFO - Frame 0667: Sharp=False | Lap=538.75 | Ten=11.83 | FFT=2.77
2025-05-05 16:45:44,698 - INFO - Frame 0668: Sharp=False | Lap=576.39 | Ten=12.55 | FFT=2.91
2025-05-05 16:45:44,698 - INFO - Frame 0669: Sharp=False | Lap=573.59 | Ten=12.50 | FFT=2.89
2025-05-05 16:45:44,698 - INFO - Frame 0670: Sharp=False | Lap=572.35 | Ten=12.33 | FFT=2.87
2025-05-05 16:45:44,698 - INFO - Frame 0671: Sharp=False | Lap=554.69 | Ten=11.76 | FFT=2.77
2025-05-05 16:45:44,698 - INFO - Frame 0672: Sharp=False | Lap=567.30 | Ten=11.83 | FFT=2.78
2025-05-05 16:45:44,698 - INFO - Frame 0673: Sharp=False | Lap=567.03 | Ten=11.86 | FFT=2.78
2025-05-05 16:45:44,698 - INFO - Frame 0674: Sharp=False | Lap=562.78 | Ten=11.84 | FFT=2.78
2025-05-05 16:45:44,698 - INFO - Frame 0675: Sharp=False | Lap=566.95 | Ten=11.91 | FFT=2.78
2025-05-05 16:45:44,698 - INFO - Frame 0676: Sharp=False | Lap=565.87 | Ten=11.89 | FFT=2.78
2025-05-05 16:45:44,698 - INFO - Frame 0677: Sharp=False | Lap=561.38 | Ten=11.88 | FFT=2.77
2025-05-05 16:45:44,698 - INFO - Frame 0678: Sharp=False | Lap=572.75 | Ten=12.00 | FFT=2.80
2025-05-05 16:45:44,698 - INFO - Frame 0679: Sharp=False | Lap=567.49 | Ten=12.03 | FFT=2.79
2025-05-05 16:45:44,698 - INFO - Frame 0680: Sharp=False | Lap=555.80 | Ten=12.13 | FFT=2.79
2025-05-05 16:45:44,698 - INFO - Frame 0681: Sharp=False | Lap=541.72 | Ten=12.13 | FFT=2.78
2025-05-05 16:45:44,698 - INFO - Frame 0682: Sharp=False | Lap=552.94 | Ten=12.30 | FFT=2.81
2025-05-05 16:45:44,698 - INFO - Frame 0683: Sharp=False | Lap=553.31 | Ten=12.41 | FFT=2.84
2025-05-05 16:45:44,698 - INFO - Frame 0684: Sharp=False | Lap=535.55 | Ten=11.88 | FFT=2.76
2025-05-05 16:45:44,699 - INFO - Frame 0685: Sharp=False | Lap=537.75 | Ten=11.93 | FFT=2.76
2025-05-05 16:45:44,699 - INFO - Frame 0686: Sharp=False | Lap=537.16 | Ten=11.90 | FFT=2.76
2025-05-05 16:45:44,699 - INFO - Frame 0687: Sharp=False | Lap=532.66 | Ten=11.88 | FFT=2.75
2025-05-05 16:45:44,699 - INFO - Frame 0688: Sharp=False | Lap=542.45 | Ten=11.93 | FFT=2.77
2025-05-05 16:45:44,699 - INFO - Frame 0689: Sharp=False | Lap=537.41 | Ten=11.95 | FFT=2.77
2025-05-05 16:45:44,699 - INFO - Frame 0690: Sharp=False | Lap=552.42 | Ten=12.05 | FFT=2.78
2025-05-05 16:45:44,699 - INFO - Frame 0691: Sharp=False | Lap=539.75 | Ten=12.01 | FFT=2.77
2025-05-05 16:45:44,699 - INFO - Frame 0692: Sharp=False | Lap=552.15 | Ten=12.09 | FFT=2.78
2025-05-05 16:45:44,699 - INFO - Frame 0693: Sharp=False | Lap=552.21 | Ten=12.12 | FFT=2.79
2025-05-05 16:45:44,699 - INFO - Frame 0694: Sharp=False | Lap=546.47 | Ten=12.10 | FFT=2.79
2025-05-05 16:45:44,699 - INFO - Frame 0695: Sharp=False | Lap=533.94 | Ten=12.19 | FFT=2.80
2025-05-05 16:45:44,699 - INFO - Frame 0696: Sharp=False | Lap=547.06 | Ten=12.36 | FFT=2.82
2025-05-05 16:45:44,699 - INFO - Frame 0697: Sharp=False | Lap=548.51 | Ten=12.48 | FFT=2.84
2025-05-05 16:45:44,699 - INFO - Frame 0698: Sharp=False | Lap=544.82 | Ten=12.55 | FFT=2.85
2025-05-05 16:45:44,699 - INFO - Frame 0699: Sharp=False | Lap=547.40 | Ten=12.54 | FFT=2.84
2025-05-05 16:45:44,699 - INFO - Frame 0700: Sharp=False | Lap=546.35 | Ten=12.53 | FFT=2.84
2025-05-05 16:45:44,699 - INFO - Frame 0701: Sharp=False | Lap=541.59 | Ten=12.56 | FFT=2.84
2025-05-05 16:45:44,699 - INFO - Frame 0702: Sharp=False | Lap=554.05 | Ten=12.39 | FFT=2.84
2025-05-05 16:45:44,699 - INFO - Frame 0703: Sharp=False | Lap=546.83 | Ten=12.40 | FFT=2.83
2025-05-05 16:45:44,699 - INFO - Frame 0704: Sharp=False | Lap=567.43 | Ten=14.15 | FFT=3.35
2025-05-05 16:45:44,699 - INFO - Frame 0705: Sharp=False | Lap=522.96 | Ten=12.40 | FFT=2.87
2025-05-05 16:45:44,699 - INFO - Frame 0706: Sharp=False | Lap=533.49 | Ten=12.25 | FFT=2.81
2025-05-05 16:45:44,700 - INFO - Frame 0707: Sharp=False | Lap=533.56 | Ten=12.32 | FFT=2.81
2025-05-05 16:45:44,700 - INFO - Frame 0708: Sharp=False | Lap=528.86 | Ten=12.30 | FFT=2.81
2025-05-05 16:45:44,700 - INFO - Frame 0709: Sharp=False | Lap=533.52 | Ten=12.46 | FFT=2.85
2025-05-05 16:45:44,700 - INFO - Frame 0710: Sharp=False | Lap=532.71 | Ten=12.46 | FFT=2.83
2025-05-05 16:45:44,700 - INFO - Frame 0711: Sharp=False | Lap=528.56 | Ten=12.46 | FFT=2.82
2025-05-05 16:45:44,700 - INFO - Frame 0712: Sharp=False | Lap=539.78 | Ten=12.73 | FFT=2.90
2025-05-05 16:45:44,700 - INFO - Frame 0713: Sharp=False | Lap=533.81 | Ten=12.59 | FFT=2.87
2025-05-05 16:45:44,700 - INFO - Frame 0714: Sharp=False | Lap=548.48 | Ten=12.63 | FFT=2.86
2025-05-05 16:45:44,700 - INFO - Frame 0715: Sharp=False | Lap=536.56 | Ten=12.74 | FFT=2.89
2025-05-05 16:45:44,700 - INFO - Frame 0716: Sharp=False | Lap=548.54 | Ten=12.59 | FFT=2.85
2025-05-05 16:45:44,700 - INFO - Frame 0717: Sharp=False | Lap=548.46 | Ten=12.61 | FFT=2.85
2025-05-05 16:45:44,700 - INFO - Frame 0718: Sharp=False | Lap=557.99 | Ten=12.68 | FFT=2.87
2025-05-05 16:45:44,700 - INFO - Frame 0719: Sharp=False | Lap=571.42 | Ten=17.05 | FFT=3.72
2025-05-05 16:45:44,700 - INFO - Frame 0720: Sharp=False | Lap=556.99 | Ten=12.57 | FFT=2.88
2025-05-05 16:45:44,700 - INFO - Frame 0721: Sharp=False | Lap=555.82 | Ten=12.49 | FFT=2.84
2025-05-05 16:45:44,700 - INFO - Frame 0722: Sharp=False | Lap=551.03 | Ten=12.43 | FFT=2.84
2025-05-05 16:45:44,700 - INFO - Frame 0723: Sharp=False | Lap=554.60 | Ten=12.53 | FFT=2.85
2025-05-05 16:45:44,700 - INFO - Frame 0724: Sharp=False | Lap=580.76 | Ten=13.10 | FFT=3.09
2025-05-05 16:45:44,700 - INFO - Frame 0725: Sharp=False | Lap=579.08 | Ten=12.88 | FFT=2.98
2025-05-05 16:45:44,700 - INFO - Frame 0726: Sharp=False | Lap=558.11 | Ten=12.23 | FFT=2.82
2025-05-05 16:45:44,701 - INFO - Frame 0727: Sharp=False | Lap=551.75 | Ten=12.20 | FFT=2.80
2025-05-05 16:45:44,701 - INFO - Frame 0728: Sharp=False | Lap=561.85 | Ten=13.02 | FFT=2.96
2025-05-05 16:45:44,701 - INFO - Frame 0729: Sharp=False | Lap=528.71 | Ten=12.42 | FFT=2.83
2025-05-05 16:45:44,701 - INFO - Frame 0730: Sharp=False | Lap=541.27 | Ten=12.57 | FFT=2.85
2025-05-05 16:45:44,701 - INFO - Frame 0731: Sharp=False | Lap=540.88 | Ten=12.32 | FFT=2.81
2025-05-05 16:45:44,701 - INFO - Frame 0732: Sharp=False | Lap=535.73 | Ten=12.30 | FFT=2.81
2025-05-05 16:45:44,701 - INFO - Frame 0733: Sharp=False | Lap=562.23 | Ten=12.90 | FFT=2.93
2025-05-05 16:45:44,701 - INFO - Frame 0734: Sharp=False | Lap=537.95 | Ten=12.32 | FFT=2.81
2025-05-05 16:45:44,701 - INFO - Frame 0735: Sharp=False | Lap=534.14 | Ten=12.26 | FFT=2.79
2025-05-05 16:45:44,701 - INFO - Frame 0736: Sharp=False | Lap=543.92 | Ten=12.31 | FFT=2.81
2025-05-05 16:45:44,701 - INFO - Frame 0737: Sharp=False | Lap=574.59 | Ten=14.04 | FFT=3.40
2025-05-05 16:45:44,701 - INFO - Frame 0738: Sharp=False | Lap=556.35 | Ten=12.67 | FFT=2.95
2025-05-05 16:45:44,701 - INFO - Frame 0739: Sharp=False | Lap=522.57 | Ten=11.83 | FFT=2.76
2025-05-05 16:45:44,701 - INFO - Frame 0740: Sharp=False | Lap=564.18 | Ten=15.14 | FFT=3.45
2025-05-05 16:45:44,701 - INFO - Frame 0741: Sharp=False | Lap=546.62 | Ten=11.95 | FFT=2.78
2025-05-05 16:45:44,701 - INFO - Frame 0742: Sharp=False | Lap=546.54 | Ten=11.97 | FFT=2.80
2025-05-05 16:45:44,701 - INFO - Frame 0743: Sharp=False | Lap=569.13 | Ten=12.88 | FFT=3.00
2025-05-05 16:45:44,701 - INFO - Frame 0744: Sharp=False | Lap=558.51 | Ten=12.02 | FFT=2.81
2025-05-05 16:45:44,701 - INFO - Frame 0745: Sharp=False | Lap=591.59 | Ten=17.33 | FFT=3.81
2025-05-05 16:45:44,701 - INFO - Frame 0746: Sharp=False | Lap=553.47 | Ten=12.00 | FFT=2.81
2025-05-05 16:45:44,701 - INFO - Frame 0747: Sharp=False | Lap=557.68 | Ten=12.04 | FFT=2.81
2025-05-05 16:45:44,701 - INFO - Frame 0748: Sharp=False | Lap=556.64 | Ten=12.00 | FFT=2.81
2025-05-05 16:45:44,702 - INFO - Frame 0749: Sharp=False | Lap=551.94 | Ten=11.98 | FFT=2.80
2025-05-05 16:45:44,702 - INFO - Frame 0750: Sharp=False | Lap=562.61 | Ten=12.00 | FFT=2.81
2025-05-05 16:45:44,702 - INFO - Frame 0751: Sharp=False | Lap=556.54 | Ten=11.97 | FFT=2.80
2025-05-05 16:45:44,702 - INFO - Frame 0752: Sharp=False | Lap=544.51 | Ten=11.95 | FFT=2.79
2025-05-05 16:45:44,702 - INFO - Frame 0753: Sharp=False | Lap=532.31 | Ten=11.86 | FFT=2.77
2025-05-05 16:45:44,702 - INFO - Frame 0754: Sharp=False | Lap=544.12 | Ten=11.90 | FFT=2.77
2025-05-05 16:45:44,702 - INFO - Frame 0755: Sharp=False | Lap=543.85 | Ten=11.90 | FFT=2.78
2025-05-05 16:45:44,702 - INFO - Frame 0756: Sharp=False | Lap=533.11 | Ten=11.89 | FFT=2.80
2025-05-05 16:45:44,702 - INFO - Frame 0757: Sharp=False | Lap=535.76 | Ten=11.92 | FFT=2.80
2025-05-05 16:45:44,702 - INFO - Frame 0758: Sharp=False | Lap=534.71 | Ten=11.88 | FFT=2.79
2025-05-05 16:45:44,702 - INFO - Frame 0759: Sharp=False | Lap=530.30 | Ten=11.86 | FFT=2.78
2025-05-05 16:45:44,702 - INFO - Frame 0760: Sharp=False | Lap=539.73 | Ten=11.90 | FFT=2.80
2025-05-05 16:45:44,702 - INFO - Frame 0761: Sharp=False | Lap=534.00 | Ten=11.85 | FFT=2.79
2025-05-05 16:45:44,702 - INFO - Frame 0762: Sharp=False | Lap=548.32 | Ten=11.89 | FFT=2.80
2025-05-05 16:45:44,702 - INFO - Frame 0763: Sharp=False | Lap=535.80 | Ten=11.81 | FFT=2.78
2025-05-05 16:45:44,702 - INFO - Frame 0764: Sharp=False | Lap=548.31 | Ten=11.86 | FFT=2.79
2025-05-05 16:45:44,702 - INFO - Frame 0765: Sharp=False | Lap=548.27 | Ten=11.87 | FFT=2.79
2025-05-05 16:45:44,702 - INFO - Frame 0766: Sharp=False | Lap=547.49 | Ten=11.89 | FFT=2.81
2025-05-05 16:45:44,702 - INFO - Frame 0767: Sharp=False | Lap=534.51 | Ten=11.94 | FFT=2.81
2025-05-05 16:45:44,702 - INFO - Frame 0768: Sharp=False | Lap=547.94 | Ten=12.16 | FFT=2.84
2025-05-05 16:45:44,702 - INFO - Frame 0769: Sharp=False | Lap=549.25 | Ten=12.37 | FFT=2.87
2025-05-05 16:45:44,702 - INFO - Frame 0770: Sharp=False | Lap=548.58 | Ten=12.54 | FFT=2.90
2025-05-05 16:45:44,702 - INFO - Frame 0771: Sharp=False | Lap=556.35 | Ten=12.75 | FFT=2.92
2025-05-05 16:45:44,702 - INFO - Frame 0772: Sharp=False | Lap=557.68 | Ten=12.89 | FFT=2.94
2025-05-05 16:45:44,702 - INFO - Frame 0773: Sharp=False | Lap=552.73 | Ten=12.87 | FFT=2.93
2025-05-05 16:45:44,702 - INFO - Frame 0774: Sharp=False | Lap=555.78 | Ten=12.44 | FFT=2.90
2025-05-05 16:45:44,703 - INFO - Frame 0775: Sharp=False | Lap=549.62 | Ten=12.41 | FFT=2.89
2025-05-05 16:45:44,703 - INFO - Frame 0776: Sharp=False | Lap=536.98 | Ten=12.39 | FFT=2.88
2025-05-05 16:45:44,703 - INFO - Frame 0777: Sharp=False | Lap=524.56 | Ten=12.29 | FFT=2.86
2025-05-05 16:45:44,703 - INFO - Frame 0778: Sharp=False | Lap=536.22 | Ten=12.32 | FFT=2.86
2025-05-05 16:45:44,703 - INFO - Frame 0779: Sharp=False | Lap=535.67 | Ten=12.32 | FFT=2.86
2025-05-05 16:45:44,703 - INFO - Frame 0780: Sharp=False | Lap=530.84 | Ten=12.30 | FFT=2.87
2025-05-05 16:45:44,703 - INFO - Frame 0781: Sharp=False | Lap=534.75 | Ten=12.38 | FFT=2.87
2025-05-05 16:45:44,703 - INFO - Frame 0782: Sharp=False | Lap=535.13 | Ten=12.49 | FFT=2.89
2025-05-05 16:45:44,703 - INFO - Frame 0783: Sharp=False | Lap=531.88 | Ten=12.65 | FFT=2.90
2025-05-05 16:45:44,703 - INFO - Frame 0784: Sharp=False | Lap=544.96 | Ten=12.89 | FFT=2.94
2025-05-05 16:45:44,703 - INFO - Frame 0785: Sharp=False | Lap=543.13 | Ten=13.00 | FFT=2.95
2025-05-05 16:45:44,703 - INFO - Frame 0786: Sharp=False | Lap=557.75 | Ten=13.06 | FFT=2.96
2025-05-05 16:45:44,703 - INFO - Frame 0787: Sharp=False | Lap=543.90 | Ten=12.94 | FFT=2.94
2025-05-05 16:45:44,703 - INFO - Frame 0788: Sharp=False | Lap=556.52 | Ten=12.98 | FFT=2.93
2025-05-05 16:45:44,703 - INFO - Frame 0789: Sharp=False | Lap=555.39 | Ten=12.95 | FFT=2.93
2025-05-05 16:45:44,703 - INFO - Frame 0790: Sharp=False | Lap=576.50 | Ten=13.57 | FFT=3.05
2025-05-05 16:45:44,703 - INFO - Frame 0791: Sharp=False | Lap=561.43 | Ten=13.86 | FFT=3.11
2025-05-05 16:45:44,703 - INFO - Frame 0792: Sharp=False | Lap=564.48 | Ten=14.40 | FFT=3.22
2025-05-05 16:45:44,703 - INFO - Frame 0793: Sharp=False | Lap=564.74 | Ten=14.75 | FFT=3.31
2025-05-05 16:45:44,703 - INFO - Frame 0794: Sharp=False | Lap=582.11 | Ten=15.38 | FFT=3.44
2025-05-05 16:45:44,703 - INFO - Frame 0795: Sharp=False | Lap=585.78 | Ten=15.54 | FFT=3.46
2025-05-05 16:45:44,703 - INFO - Frame 0796: Sharp=False | Lap=585.18 | Ten=15.63 | FFT=3.48
2025-05-05 16:45:44,703 - INFO - Frame 0797: Sharp=False | Lap=580.82 | Ten=15.73 | FFT=3.49
2025-05-05 16:45:44,703 - INFO - Frame 0798: Sharp=False | Lap=591.67 | Ten=15.74 | FFT=3.51
2025-05-05 16:45:44,703 - INFO - Frame 0799: Sharp=False | Lap=585.80 | Ten=15.70 | FFT=3.49
2025-05-05 16:45:44,703 - INFO - Frame 0800: Sharp=False | Lap=574.21 | Ten=15.74 | FFT=3.47
2025-05-05 16:45:44,704 - INFO - Frame 0801: Sharp=False | Lap=562.80 | Ten=15.67 | FFT=3.44
2025-05-05 16:45:44,704 - INFO - Frame 0802: Sharp=False | Lap=575.18 | Ten=15.70 | FFT=3.44
2025-05-05 16:45:44,704 - INFO - Frame 0803: Sharp=False | Lap=574.92 | Ten=15.66 | FFT=3.43
2025-05-05 16:45:44,704 - INFO - Frame 0804: Sharp=False | Lap=570.24 | Ten=15.54 | FFT=3.41
2025-05-05 16:45:44,704 - INFO - Frame 0805: Sharp=False | Lap=573.15 | Ten=15.47 | FFT=3.38
2025-05-05 16:45:44,704 - INFO - Frame 0806: Sharp=False | Lap=571.52 | Ten=15.31 | FFT=3.34
2025-05-05 16:45:44,704 - INFO - Frame 0807: Sharp=False | Lap=567.28 | Ten=15.17 | FFT=3.31
2025-05-05 16:45:44,704 - INFO - Frame 0808: Sharp=False | Lap=577.25 | Ten=15.12 | FFT=3.30
2025-05-05 16:45:44,704 - INFO - Frame 0809: Sharp=False | Lap=571.20 | Ten=14.95 | FFT=3.26
2025-05-05 16:45:44,704 - INFO - Frame 0810: Sharp=False | Lap=558.96 | Ten=13.90 | FFT=3.12
2025-05-05 16:45:44,704 - INFO - Frame 0811: Sharp=False | Lap=546.29 | Ten=13.81 | FFT=3.10
2025-05-05 16:45:44,704 - INFO - Frame 0812: Sharp=False | Lap=559.10 | Ten=13.88 | FFT=3.11
2025-05-05 16:45:44,704 - INFO - Frame 0813: Sharp=False | Lap=558.73 | Ten=13.88 | FFT=3.10
2025-05-05 16:45:44,704 - INFO - Frame 0814: Sharp=False | Lap=560.37 | Ten=13.87 | FFT=3.12
2025-05-05 16:45:44,704 - INFO - Frame 0815: Sharp=False | Lap=546.26 | Ten=13.78 | FFT=3.09
2025-05-05 16:45:44,704 - INFO - Frame 0816: Sharp=False | Lap=558.71 | Ten=13.83 | FFT=3.09
2025-05-05 16:45:44,704 - INFO - Frame 0817: Sharp=False | Lap=558.52 | Ten=13.83 | FFT=3.09
2025-05-05 16:45:44,704 - INFO - Frame 0818: Sharp=False | Lap=553.91 | Ten=13.81 | FFT=3.09
2025-05-05 16:45:44,704 - INFO - Frame 0819: Sharp=False | Lap=558.22 | Ten=13.84 | FFT=3.09
2025-05-05 16:45:44,704 - INFO - Frame 0820: Sharp=False | Lap=557.16 | Ten=13.81 | FFT=3.09
2025-05-05 16:45:44,704 - INFO - Frame 0821: Sharp=False | Lap=552.49 | Ten=13.79 | FFT=3.07
2025-05-05 16:45:44,704 - INFO - Frame 0822: Sharp=False | Lap=563.38 | Ten=13.81 | FFT=3.08
2025-05-05 16:45:44,704 - INFO - Frame 0823: Sharp=False | Lap=557.49 | Ten=13.77 | FFT=3.07
2025-05-05 16:45:44,705 - INFO - Frame 0824: Sharp=False | Lap=545.27 | Ten=13.74 | FFT=3.06
2025-05-05 16:45:44,705 - INFO - Frame 0825: Sharp=False | Lap=533.18 | Ten=13.64 | FFT=3.03
2025-05-05 16:45:44,705 - INFO - Frame 0826: Sharp=False | Lap=545.09 | Ten=13.68 | FFT=3.04
2025-05-05 16:45:44,705 - INFO - Frame 0827: Sharp=False | Lap=545.20 | Ten=13.64 | FFT=3.03
2025-05-05 16:45:44,705 - INFO - Frame 0828: Sharp=False | Lap=538.25 | Ten=13.00 | FFT=2.94
2025-05-05 16:45:44,705 - INFO - Frame 0829: Sharp=False | Lap=541.20 | Ten=13.03 | FFT=2.94
2025-05-05 16:45:44,705 - INFO - Frame 0830: Sharp=False | Lap=540.75 | Ten=13.00 | FFT=2.94
2025-05-05 16:45:44,705 - INFO - Frame 0831: Sharp=False | Lap=536.69 | Ten=12.98 | FFT=2.94
2025-05-05 16:45:44,705 - INFO - Frame 0832: Sharp=False | Lap=546.79 | Ten=13.06 | FFT=2.96
2025-05-05 16:45:44,705 - INFO - Frame 0833: Sharp=False | Lap=541.32 | Ten=13.02 | FFT=2.95
2025-05-05 16:45:44,705 - INFO - Frame 0834: Sharp=False | Lap=556.52 | Ten=13.10 | FFT=2.96
2025-05-05 16:45:44,705 - INFO - Frame 0835: Sharp=False | Lap=543.95 | Ten=13.05 | FFT=2.94
2025-05-05 16:45:44,705 - INFO - Frame 0836: Sharp=False | Lap=556.78 | Ten=13.12 | FFT=2.95
2025-05-05 16:45:44,705 - INFO - Frame 0837: Sharp=False | Lap=557.15 | Ten=13.14 | FFT=2.95
2025-05-05 16:45:44,705 - INFO - Frame 0838: Sharp=False | Lap=554.37 | Ten=13.15 | FFT=2.95
2025-05-05 16:45:44,705 - INFO - Frame 0839: Sharp=False | Lap=540.73 | Ten=13.09 | FFT=2.93
2025-05-05 16:45:44,705 - INFO - Frame 0840: Sharp=False | Lap=553.25 | Ten=13.13 | FFT=2.94
2025-05-05 16:45:44,705 - INFO - Frame 0841: Sharp=False | Lap=553.86 | Ten=13.13 | FFT=2.94
2025-05-05 16:45:44,705 - INFO - Frame 0842: Sharp=False | Lap=549.23 | Ten=13.09 | FFT=2.94
2025-05-05 16:45:44,705 - INFO - Frame 0843: Sharp=False | Lap=553.35 | Ten=13.13 | FFT=2.94
2025-05-05 16:45:44,705 - INFO - Frame 0844: Sharp=False | Lap=552.31 | Ten=13.10 | FFT=2.94
2025-05-05 16:45:44,705 - INFO - Frame 0845: Sharp=False | Lap=547.58 | Ten=13.09 | FFT=2.93
2025-05-05 16:45:44,706 - INFO - Frame 0846: Sharp=False | Lap=556.78 | Ten=12.75 | FFT=2.90
2025-05-05 16:45:44,706 - INFO - Frame 0847: Sharp=False | Lap=550.65 | Ten=12.71 | FFT=2.89
2025-05-05 16:45:44,706 - INFO - Video analysis completed in 44.87 seconds
2025-05-05 16:45:44,706 - INFO - Average time per frame: 0.0529 seconds
2025-05-05 16:45:44,706 - INFO - Found 848 blurry frames out of 848 (100.0%)
2025-05-05 16:45:44,706 - INFO - Generating blur metrics plot
2025-05-05 16:45:44,851 - INFO - Plot saved to blur_results/blur_plot_20250505_164459.png
2025-05-05 16:45:44,853 - INFO - Results saved to blur_results/blur_data_20250505_164459.csv
2025-05-05 16:45:44,853 - INFO - ========================================
2025-05-05 16:45:44,853 - INFO - Blur Detection Script finished
2025-05-05 16:45:44,853 - INFO - ========================================
