2025-04-18 16:35:14,843 - INFO - Logging initialized. Log file: ./comparison_results/logs/comparison_20250418_163514.log
2025-04-18 16:35:14,843 - INFO - Python version: 3.12.9 | packaged by Anaconda, Inc. | (main, Feb  6 2025, 18:56:27) [GCC 11.2.0]
2025-04-18 16:35:14,843 - INFO - PyTorch version: 2.6.0+cu124
2025-04-18 16:35:14,843 - INFO - OpenCV version: 4.11.0
2025-04-18 16:35:14,843 - INFO - Arguments: {'data_dir': '../data/davis-2017/DAVIS/', 'splits_dir': './dataset_splits', 'pretrained_checkpoint': '../checkpoints/sam2.1_hiera_large.pt', 'finetuned_checkpoint': './model.torch', 'model_cfg': '../configs/sam2.1/sam2.1_hiera_l.yaml', 'output_dir': './comparison_results', 'num_samples': -1, 'debug': False}
2025-04-18 16:35:14,887 - INFO - Using CUDA device: Tesla V100-SXM2-16GB
2025-04-18 16:35:14,888 - INFO - CUDA memory allocated: 0.00 GB
2025-04-18 16:35:14,888 - INFO - Loaded 17 samples from ./dataset_splits/val.json
2025-04-18 16:35:14,888 - INFO - 
Evaluating pre-trained model...
2025-04-18 16:35:14,889 - INFO - Loading model from ../checkpoints/sam2.1_hiera_large.pt
2025-04-18 16:35:18,300 - INFO - Loaded checkpoint sucessfully
2025-04-18 16:35:18,762 - INFO - Model loaded successfully
2025-04-18 16:35:18,789 - INFO - For numpy array image, we assume (HxWxC) format
2025-04-18 16:35:18,896 - INFO - Computing image embeddings for the provided image...
2025-04-18 16:35:19,205 - INFO - Image embeddings computed.
2025-04-18 16:35:19,308 - INFO - For numpy array image, we assume (HxWxC) format
2025-04-18 16:35:19,344 - INFO - Computing image embeddings for the provided image...
2025-04-18 16:35:19,381 - INFO - Image embeddings computed.
2025-04-18 16:35:19,563 - INFO - For numpy array image, we assume (HxWxC) format
2025-04-18 16:35:19,572 - INFO - Computing image embeddings for the provided image...
2025-04-18 16:35:19,608 - INFO - Image embeddings computed.
2025-04-18 16:35:19,789 - INFO - For numpy array image, we assume (HxWxC) format
2025-04-18 16:35:19,798 - INFO - Computing image embeddings for the provided image...
2025-04-18 16:35:19,835 - INFO - Image embeddings computed.
2025-04-18 16:35:20,016 - INFO - For numpy array image, we assume (HxWxC) format
2025-04-18 16:35:20,025 - INFO - Computing image embeddings for the provided image...
2025-04-18 16:35:20,062 - INFO - Image embeddings computed.
2025-04-18 16:35:20,243 - INFO - For numpy array image, we assume (HxWxC) format
2025-04-18 16:35:20,254 - INFO - Computing image embeddings for the provided image...
2025-04-18 16:35:20,292 - INFO - Image embeddings computed.
2025-04-18 16:35:20,472 - INFO - For numpy array image, we assume (HxWxC) format
2025-04-18 16:35:20,481 - INFO - Computing image embeddings for the provided image...
2025-04-18 16:35:20,518 - INFO - Image embeddings computed.
2025-04-18 16:35:20,699 - INFO - For numpy array image, we assume (HxWxC) format
2025-04-18 16:35:20,708 - INFO - Computing image embeddings for the provided image...
2025-04-18 16:35:20,745 - INFO - Image embeddings computed.
2025-04-18 16:35:20,925 - INFO - For numpy array image, we assume (HxWxC) format
2025-04-18 16:35:20,935 - INFO - Computing image embeddings for the provided image...
2025-04-18 16:35:20,972 - INFO - Image embeddings computed.
2025-04-18 16:35:21,152 - INFO - For numpy array image, we assume (HxWxC) format
2025-04-18 16:35:21,161 - INFO - Computing image embeddings for the provided image...
2025-04-18 16:35:21,198 - INFO - Image embeddings computed.
2025-04-18 16:35:21,379 - INFO - For numpy array image, we assume (HxWxC) format
2025-04-18 16:35:21,388 - INFO - Computing image embeddings for the provided image...
2025-04-18 16:35:21,424 - INFO - Image embeddings computed.
2025-04-18 16:35:21,605 - INFO - For numpy array image, we assume (HxWxC) format
2025-04-18 16:35:21,614 - INFO - Computing image embeddings for the provided image...
2025-04-18 16:35:21,651 - INFO - Image embeddings computed.
2025-04-18 16:35:21,832 - INFO - For numpy array image, we assume (HxWxC) format
2025-04-18 16:35:21,841 - INFO - Computing image embeddings for the provided image...
2025-04-18 16:35:21,877 - INFO - Image embeddings computed.
2025-04-18 16:35:22,059 - INFO - For numpy array image, we assume (HxWxC) format
2025-04-18 16:35:22,068 - INFO - Computing image embeddings for the provided image...
2025-04-18 16:35:22,104 - INFO - Image embeddings computed.
2025-04-18 16:35:22,285 - INFO - For numpy array image, we assume (HxWxC) format
2025-04-18 16:35:22,295 - INFO - Computing image embeddings for the provided image...
2025-04-18 16:35:22,331 - INFO - Image embeddings computed.
2025-04-18 16:35:22,512 - INFO - For numpy array image, we assume (HxWxC) format
2025-04-18 16:35:22,523 - INFO - Computing image embeddings for the provided image...
2025-04-18 16:35:22,560 - INFO - Image embeddings computed.
2025-04-18 16:35:22,741 - INFO - For numpy array image, we assume (HxWxC) format
2025-04-18 16:35:22,750 - INFO - Computing image embeddings for the provided image...
2025-04-18 16:35:22,786 - INFO - Image embeddings computed.
2025-04-18 16:35:22,944 - INFO - Evaluation completed. Processed 17 samples successfully.
2025-04-18 16:35:22,944 - INFO - 
Evaluating fine-tuned model...
2025-04-18 16:35:22,944 - INFO - Loading model from ./model.torch
2025-04-18 16:35:26,052 - ERROR - Error loading model: 'model'
2025-04-18 16:35:26,053 - ERROR - Traceback (most recent call last):
  File "/home/ubuntu/code/drew/experiments/e2e_sam2/train_sam2/compare_models.py", line 100, in load_model
    model = build_sam2(model_cfg, checkpoint_path, device=device)
            ^^^^^^^^^^^^^^^^^^^^^^^^^^^^^^^^^^^^^^^^^^^^^^^^^^^^^
  File "/home/ubuntu/code/drew/sam2/sam2/build_sam.py", line 93, in build_sam2
    _load_checkpoint(model, ckpt_path)
  File "/home/ubuntu/code/drew/sam2/sam2/build_sam.py", line 166, in _load_checkpoint
    sd = torch.load(ckpt_path, map_location="cpu", weights_only=True)["model"]
         ~~~~~~~~~~~~~~~~~~~~~~~~~~~~~~~~~~~~~~~~~~~~~~~~~~~~~~~~~~~~^^^^^^^^^
KeyError: 'model'

2025-04-18 16:35:26,053 - ERROR - Fatal error in main execution:
2025-04-18 16:35:26,053 - ERROR - 'model'
2025-04-18 16:35:26,054 - ERROR - Traceback (most recent call last):
  File "/home/ubuntu/code/drew/experiments/e2e_sam2/train_sam2/compare_models.py", line 318, in main
    finetuned_predictor = load_model(args.finetuned_checkpoint, args.model_cfg, device)
                          ^^^^^^^^^^^^^^^^^^^^^^^^^^^^^^^^^^^^^^^^^^^^^^^^^^^^^^^^^^^^^
  File "/home/ubuntu/code/drew/experiments/e2e_sam2/train_sam2/compare_models.py", line 100, in load_model
    model = build_sam2(model_cfg, checkpoint_path, device=device)
            ^^^^^^^^^^^^^^^^^^^^^^^^^^^^^^^^^^^^^^^^^^^^^^^^^^^^^
  File "/home/ubuntu/code/drew/sam2/sam2/build_sam.py", line 93, in build_sam2
    _load_checkpoint(model, ckpt_path)
  File "/home/ubuntu/code/drew/sam2/sam2/build_sam.py", line 166, in _load_checkpoint
    sd = torch.load(ckpt_path, map_location="cpu", weights_only=True)["model"]
         ~~~~~~~~~~~~~~~~~~~~~~~~~~~~~~~~~~~~~~~~~~~~~~~~~~~~~~~~~~~~^^^^^^^^^
KeyError: 'model'

