2025-04-18 18:40:27,660 - INFO - Logging initialized. Log file: ./comparison_results/logs/comparison_20250418_184027.log
2025-04-18 18:40:27,661 - INFO - Python version: 3.12.9 | packaged by Anaconda, Inc. | (main, Feb  6 2025, 18:56:27) [GCC 11.2.0]
2025-04-18 18:40:27,661 - INFO - PyTorch version: 2.6.0+cu124
2025-04-18 18:40:27,661 - INFO - OpenCV version: 4.11.0
2025-04-18 18:40:27,661 - INFO - Arguments: {'data_dir': '../data/davis-2017/DAVIS/', 'splits_dir': './dataset_splits', 'pretrained_checkpoint': '../checkpoints/sam2.1_hiera_large.pt', 'finetuned_checkpoint': './model_best_val_0.9630.torch', 'model_cfg': '../configs/sam2.1/sam2.1_hiera_l.yaml', 'output_dir': './comparison_results', 'num_samples': -1, 'debug': False}
2025-04-18 18:40:27,703 - INFO - Using CUDA device: Tesla V100-SXM2-16GB
2025-04-18 18:40:27,703 - INFO - CUDA memory allocated: 0.00 GB
2025-04-18 18:40:27,704 - INFO - Loaded 17 samples from ./dataset_splits/val.json
2025-04-18 18:40:27,704 - INFO - 
Evaluating pre-trained model...
2025-04-18 18:40:27,704 - INFO - Loading model from ../checkpoints/sam2.1_hiera_large.pt
2025-04-18 18:40:27,704 - INFO - Loading as state dict: ../checkpoints/sam2.1_hiera_large.pt
2025-04-18 18:40:31,291 - INFO - Model loaded successfully
2025-04-18 18:40:31,320 - INFO - For numpy array image, we assume (HxWxC) format
2025-04-18 18:40:31,425 - INFO - Computing image embeddings for the provided image...
2025-04-18 18:40:31,740 - INFO - Image embeddings computed.
2025-04-18 18:40:31,931 - INFO - For numpy array image, we assume (HxWxC) format
2025-04-18 18:40:31,970 - INFO - Computing image embeddings for the provided image...
2025-04-18 18:40:32,007 - INFO - Image embeddings computed.
2025-04-18 18:40:32,188 - INFO - For numpy array image, we assume (HxWxC) format
2025-04-18 18:40:32,198 - INFO - Computing image embeddings for the provided image...
2025-04-18 18:40:32,234 - INFO - Image embeddings computed.
2025-04-18 18:40:32,415 - INFO - For numpy array image, we assume (HxWxC) format
2025-04-18 18:40:32,425 - INFO - Computing image embeddings for the provided image...
2025-04-18 18:40:32,461 - INFO - Image embeddings computed.
2025-04-18 18:40:32,643 - INFO - For numpy array image, we assume (HxWxC) format
2025-04-18 18:40:32,653 - INFO - Computing image embeddings for the provided image...
2025-04-18 18:40:32,690 - INFO - Image embeddings computed.
2025-04-18 18:40:32,879 - INFO - For numpy array image, we assume (HxWxC) format
2025-04-18 18:40:32,896 - INFO - Computing image embeddings for the provided image...
2025-04-18 18:40:32,933 - INFO - Image embeddings computed.
2025-04-18 18:40:33,115 - INFO - For numpy array image, we assume (HxWxC) format
2025-04-18 18:40:33,124 - INFO - Computing image embeddings for the provided image...
2025-04-18 18:40:33,160 - INFO - Image embeddings computed.
2025-04-18 18:40:33,342 - INFO - For numpy array image, we assume (HxWxC) format
2025-04-18 18:40:33,352 - INFO - Computing image embeddings for the provided image...
2025-04-18 18:40:33,389 - INFO - Image embeddings computed.
2025-04-18 18:40:33,569 - INFO - For numpy array image, we assume (HxWxC) format
2025-04-18 18:40:33,579 - INFO - Computing image embeddings for the provided image...
2025-04-18 18:40:33,615 - INFO - Image embeddings computed.
2025-04-18 18:40:33,799 - INFO - For numpy array image, we assume (HxWxC) format
2025-04-18 18:40:33,816 - INFO - Computing image embeddings for the provided image...
2025-04-18 18:40:33,853 - INFO - Image embeddings computed.
2025-04-18 18:40:34,033 - INFO - For numpy array image, we assume (HxWxC) format
2025-04-18 18:40:34,043 - INFO - Computing image embeddings for the provided image...
2025-04-18 18:40:34,080 - INFO - Image embeddings computed.
2025-04-18 18:40:34,261 - INFO - For numpy array image, we assume (HxWxC) format
2025-04-18 18:40:34,273 - INFO - Computing image embeddings for the provided image...
2025-04-18 18:40:34,310 - INFO - Image embeddings computed.
2025-04-18 18:40:34,494 - INFO - For numpy array image, we assume (HxWxC) format
2025-04-18 18:40:34,511 - INFO - Computing image embeddings for the provided image...
2025-04-18 18:40:34,548 - INFO - Image embeddings computed.
2025-04-18 18:40:34,729 - INFO - For numpy array image, we assume (HxWxC) format
2025-04-18 18:40:34,738 - INFO - Computing image embeddings for the provided image...
2025-04-18 18:40:34,776 - INFO - Image embeddings computed.
2025-04-18 18:40:34,956 - INFO - For numpy array image, we assume (HxWxC) format
2025-04-18 18:40:34,962 - INFO - Computing image embeddings for the provided image...
2025-04-18 18:40:34,999 - INFO - Image embeddings computed.
2025-04-18 18:40:35,180 - INFO - For numpy array image, we assume (HxWxC) format
2025-04-18 18:40:35,190 - INFO - Computing image embeddings for the provided image...
2025-04-18 18:40:35,227 - INFO - Image embeddings computed.
2025-04-18 18:40:35,413 - INFO - For numpy array image, we assume (HxWxC) format
2025-04-18 18:40:35,431 - INFO - Computing image embeddings for the provided image...
2025-04-18 18:40:35,468 - INFO - Image embeddings computed.
2025-04-18 18:40:35,625 - INFO - Evaluation completed. Processed 17 samples successfully.
2025-04-18 18:40:35,629 - INFO - 
Evaluating fine-tuned model...
2025-04-18 18:40:35,629 - INFO - Loading model from ./model_best_val_0.9630.torch
2025-04-18 18:40:35,629 - INFO - Loading as state dict: ./model_best_val_0.9630.torch
2025-04-18 18:40:38,801 - INFO - Model loaded successfully
2025-04-18 18:40:38,828 - INFO - For numpy array image, we assume (HxWxC) format
2025-04-18 18:40:38,837 - INFO - Computing image embeddings for the provided image...
2025-04-18 18:40:38,874 - INFO - Image embeddings computed.
2025-04-18 18:40:39,055 - INFO - For numpy array image, we assume (HxWxC) format
2025-04-18 18:40:39,064 - INFO - Computing image embeddings for the provided image...
2025-04-18 18:40:39,101 - INFO - Image embeddings computed.
2025-04-18 18:40:39,282 - INFO - For numpy array image, we assume (HxWxC) format
2025-04-18 18:40:39,291 - INFO - Computing image embeddings for the provided image...
2025-04-18 18:40:39,328 - INFO - Image embeddings computed.
2025-04-18 18:40:39,512 - INFO - For numpy array image, we assume (HxWxC) format
2025-04-18 18:40:39,521 - INFO - Computing image embeddings for the provided image...
2025-04-18 18:40:39,558 - INFO - Image embeddings computed.
2025-04-18 18:40:39,739 - INFO - For numpy array image, we assume (HxWxC) format
2025-04-18 18:40:39,749 - INFO - Computing image embeddings for the provided image...
2025-04-18 18:40:39,786 - INFO - Image embeddings computed.
2025-04-18 18:40:39,966 - INFO - For numpy array image, we assume (HxWxC) format
2025-04-18 18:40:39,976 - INFO - Computing image embeddings for the provided image...
2025-04-18 18:40:40,012 - INFO - Image embeddings computed.
2025-04-18 18:40:40,194 - INFO - For numpy array image, we assume (HxWxC) format
2025-04-18 18:40:40,203 - INFO - Computing image embeddings for the provided image...
2025-04-18 18:40:40,240 - INFO - Image embeddings computed.
2025-04-18 18:40:40,421 - INFO - For numpy array image, we assume (HxWxC) format
2025-04-18 18:40:40,431 - INFO - Computing image embeddings for the provided image...
2025-04-18 18:40:40,468 - INFO - Image embeddings computed.
2025-04-18 18:40:40,649 - INFO - For numpy array image, we assume (HxWxC) format
2025-04-18 18:40:40,658 - INFO - Computing image embeddings for the provided image...
2025-04-18 18:40:40,695 - INFO - Image embeddings computed.
2025-04-18 18:40:40,876 - INFO - For numpy array image, we assume (HxWxC) format
2025-04-18 18:40:40,885 - INFO - Computing image embeddings for the provided image...
2025-04-18 18:40:40,922 - INFO - Image embeddings computed.
2025-04-18 18:40:41,103 - INFO - For numpy array image, we assume (HxWxC) format
2025-04-18 18:40:41,112 - INFO - Computing image embeddings for the provided image...
2025-04-18 18:40:41,149 - INFO - Image embeddings computed.
2025-04-18 18:40:41,330 - INFO - For numpy array image, we assume (HxWxC) format
2025-04-18 18:40:41,340 - INFO - Computing image embeddings for the provided image...
2025-04-18 18:40:41,376 - INFO - Image embeddings computed.
2025-04-18 18:40:41,557 - INFO - For numpy array image, we assume (HxWxC) format
2025-04-18 18:40:41,566 - INFO - Computing image embeddings for the provided image...
2025-04-18 18:40:41,603 - INFO - Image embeddings computed.
2025-04-18 18:40:41,784 - INFO - For numpy array image, we assume (HxWxC) format
2025-04-18 18:40:41,793 - INFO - Computing image embeddings for the provided image...
2025-04-18 18:40:41,830 - INFO - Image embeddings computed.
2025-04-18 18:40:42,011 - INFO - For numpy array image, we assume (HxWxC) format
2025-04-18 18:40:42,021 - INFO - Computing image embeddings for the provided image...
2025-04-18 18:40:42,057 - INFO - Image embeddings computed.
2025-04-18 18:40:42,238 - INFO - For numpy array image, we assume (HxWxC) format
2025-04-18 18:40:42,247 - INFO - Computing image embeddings for the provided image...
2025-04-18 18:40:42,284 - INFO - Image embeddings computed.
2025-04-18 18:40:42,466 - INFO - For numpy array image, we assume (HxWxC) format
2025-04-18 18:40:42,475 - INFO - Computing image embeddings for the provided image...
2025-04-18 18:40:42,512 - INFO - Image embeddings computed.
2025-04-18 18:40:42,669 - INFO - Evaluation completed. Processed 17 samples successfully.
2025-04-18 18:40:42,670 - INFO - 
Model Comparison Results:
2025-04-18 18:40:42,671 - INFO - ================================================================================
2025-04-18 18:40:42,671 - INFO - Metric           Pre-trained   Fine-tuned  Improvement
2025-04-18 18:40:42,671 - INFO - --------------------------------------------------------------------------------
2025-04-18 18:40:42,671 - INFO - iou                   0.9618       0.9627         0.1%
2025-04-18 18:40:42,671 - INFO - dice                  0.9805       0.9810         0.0%
2025-04-18 18:40:42,671 - INFO - precision             0.9843       0.9842        -0.0%
2025-04-18 18:40:42,671 - INFO - recall                0.9768       0.9779         0.1%
2025-04-18 18:40:42,671 - INFO - 
Detailed results saved to: ./comparison_results/comparison_results.json
2025-04-18 18:40:42,671 - INFO - Log file: ./comparison_results/logs/comparison_20250418_184027.log
