2025-04-17 21:44:08,549 - INFO - Logging initialized. Log file: ./comparison_results/logs/comparison_20250417_214408.log
2025-04-17 21:44:08,550 - INFO - Python version: 3.12.9 | packaged by Anaconda, Inc. | (main, Feb  6 2025, 18:56:27) [GCC 11.2.0]
2025-04-17 21:44:08,550 - INFO - PyTorch version: 2.6.0+cu124
2025-04-17 21:44:08,550 - INFO - OpenCV version: 4.11.0
2025-04-17 21:44:08,550 - INFO - Arguments: {'data_dir': '../data/davis-2017/DAVIS/', 'splits_dir': './dataset_splits', 'pretrained_checkpoint': '../checkpoints/sam2.1_hiera_large.pt', 'finetuned_checkpoint': './models_best.torch', 'model_cfg': '../configs/sam2.1/sam2.1_hiera_l.yaml', 'output_dir': './comparison_results', 'num_samples': -1, 'debug': False}
2025-04-17 21:44:08,592 - INFO - Using CUDA device: Tesla V100-SXM2-16GB
2025-04-17 21:44:08,593 - INFO - CUDA memory allocated: 0.00 GB
2025-04-17 21:44:08,593 - INFO - Loaded 17 samples from ./dataset_splits/val.json
2025-04-17 21:44:08,593 - INFO - 
Evaluating pre-trained model...
2025-04-17 21:44:08,593 - INFO - Loading model from ../checkpoints/sam2.1_hiera_large.pt
2025-04-17 21:44:12,004 - INFO - Loaded checkpoint sucessfully
2025-04-17 21:44:12,453 - INFO - Model loaded successfully
2025-04-17 21:44:12,481 - INFO - For numpy array image, we assume (HxWxC) format
2025-04-17 21:44:12,584 - INFO - Computing image embeddings for the provided image...
2025-04-17 21:44:12,901 - INFO - Image embeddings computed.
2025-04-17 21:44:13,003 - INFO - For numpy array image, we assume (HxWxC) format
2025-04-17 21:44:13,038 - INFO - Computing image embeddings for the provided image...
2025-04-17 21:44:13,072 - INFO - Image embeddings computed.
2025-04-17 21:44:13,264 - INFO - For numpy array image, we assume (HxWxC) format
2025-04-17 21:44:13,273 - INFO - Computing image embeddings for the provided image...
2025-04-17 21:44:13,308 - INFO - Image embeddings computed.
2025-04-17 21:44:13,490 - INFO - For numpy array image, we assume (HxWxC) format
2025-04-17 21:44:13,499 - INFO - Computing image embeddings for the provided image...
2025-04-17 21:44:13,534 - INFO - Image embeddings computed.
2025-04-17 21:44:13,717 - INFO - For numpy array image, we assume (HxWxC) format
2025-04-17 21:44:13,722 - INFO - Computing image embeddings for the provided image...
2025-04-17 21:44:13,756 - INFO - Image embeddings computed.
2025-04-17 21:44:13,939 - INFO - For numpy array image, we assume (HxWxC) format
2025-04-17 21:44:13,946 - INFO - Computing image embeddings for the provided image...
2025-04-17 21:44:13,980 - INFO - Image embeddings computed.
2025-04-17 21:44:14,163 - INFO - For numpy array image, we assume (HxWxC) format
2025-04-17 21:44:14,169 - INFO - Computing image embeddings for the provided image...
2025-04-17 21:44:14,203 - INFO - Image embeddings computed.
2025-04-17 21:44:14,386 - INFO - For numpy array image, we assume (HxWxC) format
2025-04-17 21:44:14,391 - INFO - Computing image embeddings for the provided image...
2025-04-17 21:44:14,425 - INFO - Image embeddings computed.
2025-04-17 21:44:14,608 - INFO - For numpy array image, we assume (HxWxC) format
2025-04-17 21:44:14,614 - INFO - Computing image embeddings for the provided image...
2025-04-17 21:44:14,648 - INFO - Image embeddings computed.
2025-04-17 21:44:14,830 - INFO - For numpy array image, we assume (HxWxC) format
2025-04-17 21:44:14,836 - INFO - Computing image embeddings for the provided image...
2025-04-17 21:44:14,870 - INFO - Image embeddings computed.
2025-04-17 21:44:15,053 - INFO - For numpy array image, we assume (HxWxC) format
2025-04-17 21:44:15,062 - INFO - Computing image embeddings for the provided image...
2025-04-17 21:44:15,096 - INFO - Image embeddings computed.
2025-04-17 21:44:15,279 - INFO - For numpy array image, we assume (HxWxC) format
2025-04-17 21:44:15,288 - INFO - Computing image embeddings for the provided image...
2025-04-17 21:44:15,322 - INFO - Image embeddings computed.
2025-04-17 21:44:15,505 - INFO - For numpy array image, we assume (HxWxC) format
2025-04-17 21:44:15,514 - INFO - Computing image embeddings for the provided image...
2025-04-17 21:44:15,548 - INFO - Image embeddings computed.
2025-04-17 21:44:15,731 - INFO - For numpy array image, we assume (HxWxC) format
2025-04-17 21:44:15,740 - INFO - Computing image embeddings for the provided image...
2025-04-17 21:44:15,774 - INFO - Image embeddings computed.
2025-04-17 21:44:15,957 - INFO - For numpy array image, we assume (HxWxC) format
2025-04-17 21:44:15,966 - INFO - Computing image embeddings for the provided image...
2025-04-17 21:44:16,000 - INFO - Image embeddings computed.
2025-04-17 21:44:16,183 - INFO - For numpy array image, we assume (HxWxC) format
2025-04-17 21:44:16,192 - INFO - Computing image embeddings for the provided image...
2025-04-17 21:44:16,226 - INFO - Image embeddings computed.
2025-04-17 21:44:16,409 - INFO - For numpy array image, we assume (HxWxC) format
2025-04-17 21:44:16,418 - INFO - Computing image embeddings for the provided image...
2025-04-17 21:44:16,452 - INFO - Image embeddings computed.
2025-04-17 21:44:16,612 - INFO - Evaluation completed. Processed 17 samples successfully.
2025-04-17 21:44:16,612 - INFO - 
Evaluating fine-tuned model...
2025-04-17 21:44:16,612 - INFO - Loading model from ./models_best.torch
2025-04-17 21:44:16,612 - ERROR - Error loading model: Checkpoint not found: ./models_best.torch
2025-04-17 21:44:16,613 - ERROR - Traceback (most recent call last):
  File "/home/ubuntu/code/drew/experiments/e2e_sam2/train_sam2/compare_models.py", line 92, in load_model
    raise FileNotFoundError(f"Checkpoint not found: {checkpoint_path}")
FileNotFoundError: Checkpoint not found: ./models_best.torch

2025-04-17 21:44:16,613 - ERROR - Fatal error in main execution:
2025-04-17 21:44:16,613 - ERROR - Checkpoint not found: ./models_best.torch
2025-04-17 21:44:16,614 - ERROR - Traceback (most recent call last):
  File "/home/ubuntu/code/drew/experiments/e2e_sam2/train_sam2/compare_models.py", line 314, in main
    finetuned_predictor = load_model(args.finetuned_checkpoint, args.model_cfg, device)
                          ^^^^^^^^^^^^^^^^^^^^^^^^^^^^^^^^^^^^^^^^^^^^^^^^^^^^^^^^^^^^^
  File "/home/ubuntu/code/drew/experiments/e2e_sam2/train_sam2/compare_models.py", line 92, in load_model
    raise FileNotFoundError(f"Checkpoint not found: {checkpoint_path}")
FileNotFoundError: Checkpoint not found: ./models_best.torch

