2025-04-18 16:36:50,096 - INFO - Logging initialized. Log file: ./comparison_results/logs/comparison_20250418_163650.log
2025-04-18 16:36:50,096 - INFO - Python version: 3.12.9 | packaged by Anaconda, Inc. | (main, Feb  6 2025, 18:56:27) [GCC 11.2.0]
2025-04-18 16:36:50,096 - INFO - PyTorch version: 2.6.0+cu124
2025-04-18 16:36:50,096 - INFO - OpenCV version: 4.11.0
2025-04-18 16:36:50,096 - INFO - Arguments: {'data_dir': '../data/davis-2017/DAVIS/', 'splits_dir': './dataset_splits', 'pretrained_checkpoint': '../checkpoints/sam2.1_hiera_large.pt', 'finetuned_checkpoint': './model_best.torch', 'model_cfg': '../configs/sam2.1/sam2.1_hiera_l.yaml', 'output_dir': './comparison_results', 'num_samples': -1, 'debug': False}
2025-04-18 16:36:50,138 - INFO - Using CUDA device: Tesla V100-SXM2-16GB
2025-04-18 16:36:50,139 - INFO - CUDA memory allocated: 0.00 GB
2025-04-18 16:36:50,139 - INFO - Loaded 17 samples from ./dataset_splits/val.json
2025-04-18 16:36:50,139 - INFO - 
Evaluating pre-trained model...
2025-04-18 16:36:50,139 - INFO - Loading model from ../checkpoints/sam2.1_hiera_large.pt
2025-04-18 16:36:53,546 - INFO - Loaded checkpoint sucessfully
2025-04-18 16:36:54,005 - INFO - Model loaded successfully
2025-04-18 16:36:54,032 - INFO - For numpy array image, we assume (HxWxC) format
2025-04-18 16:36:54,137 - INFO - Computing image embeddings for the provided image...
2025-04-18 16:36:54,459 - INFO - Image embeddings computed.
2025-04-18 16:36:54,563 - INFO - For numpy array image, we assume (HxWxC) format
2025-04-18 16:36:54,598 - INFO - Computing image embeddings for the provided image...
2025-04-18 16:36:54,635 - INFO - Image embeddings computed.
2025-04-18 16:36:54,825 - INFO - For numpy array image, we assume (HxWxC) format
2025-04-18 16:36:54,835 - INFO - Computing image embeddings for the provided image...
2025-04-18 16:36:54,871 - INFO - Image embeddings computed.
2025-04-18 16:36:55,052 - INFO - For numpy array image, we assume (HxWxC) format
2025-04-18 16:36:55,063 - INFO - Computing image embeddings for the provided image...
2025-04-18 16:36:55,099 - INFO - Image embeddings computed.
2025-04-18 16:36:55,280 - INFO - For numpy array image, we assume (HxWxC) format
2025-04-18 16:36:55,289 - INFO - Computing image embeddings for the provided image...
2025-04-18 16:36:55,325 - INFO - Image embeddings computed.
2025-04-18 16:36:55,507 - INFO - For numpy array image, we assume (HxWxC) format
2025-04-18 16:36:55,516 - INFO - Computing image embeddings for the provided image...
2025-04-18 16:36:55,552 - INFO - Image embeddings computed.
2025-04-18 16:36:55,734 - INFO - For numpy array image, we assume (HxWxC) format
2025-04-18 16:36:55,743 - INFO - Computing image embeddings for the provided image...
2025-04-18 16:36:55,779 - INFO - Image embeddings computed.
2025-04-18 16:36:55,960 - INFO - For numpy array image, we assume (HxWxC) format
2025-04-18 16:36:55,970 - INFO - Computing image embeddings for the provided image...
2025-04-18 16:36:56,006 - INFO - Image embeddings computed.
2025-04-18 16:36:56,187 - INFO - For numpy array image, we assume (HxWxC) format
2025-04-18 16:36:56,196 - INFO - Computing image embeddings for the provided image...
2025-04-18 16:36:56,232 - INFO - Image embeddings computed.
2025-04-18 16:36:56,414 - INFO - For numpy array image, we assume (HxWxC) format
2025-04-18 16:36:56,423 - INFO - Computing image embeddings for the provided image...
2025-04-18 16:36:56,459 - INFO - Image embeddings computed.
2025-04-18 16:36:56,641 - INFO - For numpy array image, we assume (HxWxC) format
2025-04-18 16:36:56,650 - INFO - Computing image embeddings for the provided image...
2025-04-18 16:36:56,686 - INFO - Image embeddings computed.
2025-04-18 16:36:56,867 - INFO - For numpy array image, we assume (HxWxC) format
2025-04-18 16:36:56,877 - INFO - Computing image embeddings for the provided image...
2025-04-18 16:36:56,913 - INFO - Image embeddings computed.
2025-04-18 16:36:57,094 - INFO - For numpy array image, we assume (HxWxC) format
2025-04-18 16:36:57,103 - INFO - Computing image embeddings for the provided image...
2025-04-18 16:36:57,140 - INFO - Image embeddings computed.
2025-04-18 16:36:57,321 - INFO - For numpy array image, we assume (HxWxC) format
2025-04-18 16:36:57,330 - INFO - Computing image embeddings for the provided image...
2025-04-18 16:36:57,367 - INFO - Image embeddings computed.
2025-04-18 16:36:57,548 - INFO - For numpy array image, we assume (HxWxC) format
2025-04-18 16:36:57,558 - INFO - Computing image embeddings for the provided image...
2025-04-18 16:36:57,595 - INFO - Image embeddings computed.
2025-04-18 16:36:57,779 - INFO - For numpy array image, we assume (HxWxC) format
2025-04-18 16:36:57,794 - INFO - Computing image embeddings for the provided image...
2025-04-18 16:36:57,831 - INFO - Image embeddings computed.
2025-04-18 16:36:58,012 - INFO - For numpy array image, we assume (HxWxC) format
2025-04-18 16:36:58,021 - INFO - Computing image embeddings for the provided image...
2025-04-18 16:36:58,057 - INFO - Image embeddings computed.
2025-04-18 16:36:58,216 - INFO - Evaluation completed. Processed 17 samples successfully.
2025-04-18 16:36:58,216 - INFO - 
Evaluating fine-tuned model...
2025-04-18 16:36:58,216 - INFO - Loading model from ./model_best.torch
2025-04-18 16:37:01,327 - ERROR - Error loading model: 'model'
2025-04-18 16:37:01,328 - ERROR - Traceback (most recent call last):
  File "/home/ubuntu/code/drew/experiments/e2e_sam2/train_sam2/compare_models.py", line 100, in load_model
    model = build_sam2(model_cfg, checkpoint_path, device=device)
            ^^^^^^^^^^^^^^^^^^^^^^^^^^^^^^^^^^^^^^^^^^^^^^^^^^^^^
  File "/home/ubuntu/code/drew/sam2/sam2/build_sam.py", line 93, in build_sam2
    _load_checkpoint(model, ckpt_path)
  File "/home/ubuntu/code/drew/sam2/sam2/build_sam.py", line 166, in _load_checkpoint
    sd = torch.load(ckpt_path, map_location="cpu", weights_only=True)["model"]
         ~~~~~~~~~~~~~~~~~~~~~~~~~~~~~~~~~~~~~~~~~~~~~~~~~~~~~~~~~~~~^^^^^^^^^
KeyError: 'model'

2025-04-18 16:37:01,329 - ERROR - Fatal error in main execution:
2025-04-18 16:37:01,329 - ERROR - 'model'
2025-04-18 16:37:01,330 - ERROR - Traceback (most recent call last):
  File "/home/ubuntu/code/drew/experiments/e2e_sam2/train_sam2/compare_models.py", line 318, in main
    finetuned_predictor = load_model(args.finetuned_checkpoint, args.model_cfg, device)
                          ^^^^^^^^^^^^^^^^^^^^^^^^^^^^^^^^^^^^^^^^^^^^^^^^^^^^^^^^^^^^^
  File "/home/ubuntu/code/drew/experiments/e2e_sam2/train_sam2/compare_models.py", line 100, in load_model
    model = build_sam2(model_cfg, checkpoint_path, device=device)
            ^^^^^^^^^^^^^^^^^^^^^^^^^^^^^^^^^^^^^^^^^^^^^^^^^^^^^
  File "/home/ubuntu/code/drew/sam2/sam2/build_sam.py", line 93, in build_sam2
    _load_checkpoint(model, ckpt_path)
  File "/home/ubuntu/code/drew/sam2/sam2/build_sam.py", line 166, in _load_checkpoint
    sd = torch.load(ckpt_path, map_location="cpu", weights_only=True)["model"]
         ~~~~~~~~~~~~~~~~~~~~~~~~~~~~~~~~~~~~~~~~~~~~~~~~~~~~~~~~~~~~^^^^^^^^^
KeyError: 'model'

