2025-04-18 17:38:36,654 - INFO - Logging initialized. Log file: ./comparison_results/logs/comparison_20250418_173836.log
2025-04-18 17:38:36,654 - INFO - Python version: 3.12.9 | packaged by Anaconda, Inc. | (main, Feb  6 2025, 18:56:27) [GCC 11.2.0]
2025-04-18 17:38:36,654 - INFO - PyTorch version: 2.6.0+cu124
2025-04-18 17:38:36,654 - INFO - OpenCV version: 4.11.0
2025-04-18 17:38:36,654 - INFO - Arguments: {'data_dir': '../data/davis-2017/DAVIS/', 'splits_dir': './dataset_splits', 'pretrained_checkpoint': '../checkpoints/sam2.1_hiera_large.pt', 'finetuned_checkpoint': './model_best.torch', 'model_cfg': '../configs/sam2.1/sam2.1_hiera_l.yaml', 'output_dir': './comparison_results', 'num_samples': -1, 'debug': False}
2025-04-18 17:38:36,697 - INFO - Using CUDA device: Tesla V100-SXM2-16GB
2025-04-18 17:38:36,698 - INFO - CUDA memory allocated: 0.00 GB
2025-04-18 17:38:36,698 - INFO - Loaded 17 samples from ./dataset_splits/val.json
2025-04-18 17:38:36,699 - INFO - 
Evaluating pre-trained model...
2025-04-18 17:38:36,699 - INFO - Loading model from ../checkpoints/sam2.1_hiera_large.pt
2025-04-18 17:38:36,699 - INFO - Loading as state dict: ../checkpoints/sam2.1_hiera_large.pt
2025-04-18 17:38:40,299 - INFO - Model loaded successfully
2025-04-18 17:38:40,328 - INFO - For numpy array image, we assume (HxWxC) format
2025-04-18 17:38:40,437 - INFO - Computing image embeddings for the provided image...
2025-04-18 17:38:40,771 - INFO - Image embeddings computed.
2025-04-18 17:38:40,964 - INFO - For numpy array image, we assume (HxWxC) format
2025-04-18 17:38:41,001 - INFO - Computing image embeddings for the provided image...
2025-04-18 17:38:41,038 - INFO - Image embeddings computed.
2025-04-18 17:38:41,219 - INFO - For numpy array image, we assume (HxWxC) format
2025-04-18 17:38:41,229 - INFO - Computing image embeddings for the provided image...
2025-04-18 17:38:41,265 - INFO - Image embeddings computed.
2025-04-18 17:38:41,446 - INFO - For numpy array image, we assume (HxWxC) format
2025-04-18 17:38:41,452 - INFO - Computing image embeddings for the provided image...
2025-04-18 17:38:41,490 - INFO - Image embeddings computed.
2025-04-18 17:38:41,670 - INFO - For numpy array image, we assume (HxWxC) format
2025-04-18 17:38:41,679 - INFO - Computing image embeddings for the provided image...
2025-04-18 17:38:41,716 - INFO - Image embeddings computed.
2025-04-18 17:38:41,900 - INFO - For numpy array image, we assume (HxWxC) format
2025-04-18 17:38:41,912 - INFO - Computing image embeddings for the provided image...
2025-04-18 17:38:41,949 - INFO - Image embeddings computed.
2025-04-18 17:38:42,130 - INFO - For numpy array image, we assume (HxWxC) format
2025-04-18 17:38:42,139 - INFO - Computing image embeddings for the provided image...
2025-04-18 17:38:42,176 - INFO - Image embeddings computed.
2025-04-18 17:38:42,357 - INFO - For numpy array image, we assume (HxWxC) format
2025-04-18 17:38:42,366 - INFO - Computing image embeddings for the provided image...
2025-04-18 17:38:42,403 - INFO - Image embeddings computed.
2025-04-18 17:38:42,584 - INFO - For numpy array image, we assume (HxWxC) format
2025-04-18 17:38:42,593 - INFO - Computing image embeddings for the provided image...
2025-04-18 17:38:42,629 - INFO - Image embeddings computed.
2025-04-18 17:38:42,810 - INFO - For numpy array image, we assume (HxWxC) format
2025-04-18 17:38:42,819 - INFO - Computing image embeddings for the provided image...
2025-04-18 17:38:42,856 - INFO - Image embeddings computed.
2025-04-18 17:38:43,036 - INFO - For numpy array image, we assume (HxWxC) format
2025-04-18 17:38:43,045 - INFO - Computing image embeddings for the provided image...
2025-04-18 17:38:43,082 - INFO - Image embeddings computed.
2025-04-18 17:38:43,263 - INFO - For numpy array image, we assume (HxWxC) format
2025-04-18 17:38:43,272 - INFO - Computing image embeddings for the provided image...
2025-04-18 17:38:43,308 - INFO - Image embeddings computed.
2025-04-18 17:38:43,489 - INFO - For numpy array image, we assume (HxWxC) format
2025-04-18 17:38:43,495 - INFO - Computing image embeddings for the provided image...
2025-04-18 17:38:43,532 - INFO - Image embeddings computed.
2025-04-18 17:38:43,712 - INFO - For numpy array image, we assume (HxWxC) format
2025-04-18 17:38:43,718 - INFO - Computing image embeddings for the provided image...
2025-04-18 17:38:43,755 - INFO - Image embeddings computed.
2025-04-18 17:38:43,936 - INFO - For numpy array image, we assume (HxWxC) format
2025-04-18 17:38:43,942 - INFO - Computing image embeddings for the provided image...
2025-04-18 17:38:43,978 - INFO - Image embeddings computed.
2025-04-18 17:38:44,159 - INFO - For numpy array image, we assume (HxWxC) format
2025-04-18 17:38:44,165 - INFO - Computing image embeddings for the provided image...
2025-04-18 17:38:44,202 - INFO - Image embeddings computed.
2025-04-18 17:38:44,382 - INFO - For numpy array image, we assume (HxWxC) format
2025-04-18 17:38:44,391 - INFO - Computing image embeddings for the provided image...
2025-04-18 17:38:44,428 - INFO - Image embeddings computed.
2025-04-18 17:38:44,585 - INFO - Evaluation completed. Processed 17 samples successfully.
2025-04-18 17:38:44,586 - INFO - 
Evaluating fine-tuned model...
2025-04-18 17:38:44,586 - INFO - Loading model from ./model_best.torch
2025-04-18 17:38:44,586 - INFO - Loading as state dict: ./model_best.torch
2025-04-18 17:38:47,701 - INFO - Model loaded successfully
2025-04-18 17:38:47,727 - INFO - For numpy array image, we assume (HxWxC) format
2025-04-18 17:38:47,736 - INFO - Computing image embeddings for the provided image...
2025-04-18 17:38:47,770 - INFO - Image embeddings computed.
2025-04-18 17:38:47,953 - INFO - For numpy array image, we assume (HxWxC) format
2025-04-18 17:38:47,962 - INFO - Computing image embeddings for the provided image...
2025-04-18 17:38:47,996 - INFO - Image embeddings computed.
2025-04-18 17:38:48,179 - INFO - For numpy array image, we assume (HxWxC) format
2025-04-18 17:38:48,188 - INFO - Computing image embeddings for the provided image...
2025-04-18 17:38:48,222 - INFO - Image embeddings computed.
2025-04-18 17:38:48,405 - INFO - For numpy array image, we assume (HxWxC) format
2025-04-18 17:38:48,414 - INFO - Computing image embeddings for the provided image...
2025-04-18 17:38:48,448 - INFO - Image embeddings computed.
2025-04-18 17:38:48,631 - INFO - For numpy array image, we assume (HxWxC) format
2025-04-18 17:38:48,640 - INFO - Computing image embeddings for the provided image...
2025-04-18 17:38:48,674 - INFO - Image embeddings computed.
2025-04-18 17:38:48,857 - INFO - For numpy array image, we assume (HxWxC) format
2025-04-18 17:38:48,866 - INFO - Computing image embeddings for the provided image...
2025-04-18 17:38:48,900 - INFO - Image embeddings computed.
2025-04-18 17:38:49,083 - INFO - For numpy array image, we assume (HxWxC) format
2025-04-18 17:38:49,093 - INFO - Computing image embeddings for the provided image...
2025-04-18 17:38:49,127 - INFO - Image embeddings computed.
2025-04-18 17:38:49,310 - INFO - For numpy array image, we assume (HxWxC) format
2025-04-18 17:38:49,319 - INFO - Computing image embeddings for the provided image...
2025-04-18 17:38:49,353 - INFO - Image embeddings computed.
2025-04-18 17:38:49,535 - INFO - For numpy array image, we assume (HxWxC) format
2025-04-18 17:38:49,545 - INFO - Computing image embeddings for the provided image...
2025-04-18 17:38:49,579 - INFO - Image embeddings computed.
2025-04-18 17:38:49,761 - INFO - For numpy array image, we assume (HxWxC) format
2025-04-18 17:38:49,771 - INFO - Computing image embeddings for the provided image...
2025-04-18 17:38:49,805 - INFO - Image embeddings computed.
2025-04-18 17:38:49,987 - INFO - For numpy array image, we assume (HxWxC) format
2025-04-18 17:38:49,996 - INFO - Computing image embeddings for the provided image...
2025-04-18 17:38:50,030 - INFO - Image embeddings computed.
2025-04-18 17:38:50,213 - INFO - For numpy array image, we assume (HxWxC) format
2025-04-18 17:38:50,219 - INFO - Computing image embeddings for the provided image...
2025-04-18 17:38:50,253 - INFO - Image embeddings computed.
2025-04-18 17:38:50,436 - INFO - For numpy array image, we assume (HxWxC) format
2025-04-18 17:38:50,445 - INFO - Computing image embeddings for the provided image...
2025-04-18 17:38:50,479 - INFO - Image embeddings computed.
2025-04-18 17:38:50,662 - INFO - For numpy array image, we assume (HxWxC) format
2025-04-18 17:38:50,671 - INFO - Computing image embeddings for the provided image...
2025-04-18 17:38:50,705 - INFO - Image embeddings computed.
2025-04-18 17:38:50,888 - INFO - For numpy array image, we assume (HxWxC) format
2025-04-18 17:38:50,897 - INFO - Computing image embeddings for the provided image...
2025-04-18 17:38:50,931 - INFO - Image embeddings computed.
2025-04-18 17:38:51,113 - INFO - For numpy array image, we assume (HxWxC) format
2025-04-18 17:38:51,123 - INFO - Computing image embeddings for the provided image...
2025-04-18 17:38:51,157 - INFO - Image embeddings computed.
2025-04-18 17:38:51,339 - INFO - For numpy array image, we assume (HxWxC) format
2025-04-18 17:38:51,349 - INFO - Computing image embeddings for the provided image...
2025-04-18 17:38:51,383 - INFO - Image embeddings computed.
2025-04-18 17:38:51,542 - INFO - Evaluation completed. Processed 17 samples successfully.
2025-04-18 17:38:51,543 - INFO - 
Model Comparison Results:
2025-04-18 17:38:51,543 - INFO - ================================================================================
2025-04-18 17:38:51,543 - INFO - Metric           Pre-trained   Fine-tuned  Improvement
2025-04-18 17:38:51,543 - INFO - --------------------------------------------------------------------------------
2025-04-18 17:38:51,543 - INFO - iou                   0.8514       0.8501        -0.1%
2025-04-18 17:38:51,543 - INFO - dice                  0.8693       0.8673        -0.2%
2025-04-18 17:38:51,544 - INFO - precision             0.9847       0.9720        -1.3%
2025-04-18 17:38:51,544 - INFO - recall                0.8645       0.8664         0.2%
2025-04-18 17:38:51,544 - INFO - 
Detailed results saved to: ./comparison_results/comparison_results.json
2025-04-18 17:38:51,544 - INFO - Log file: ./comparison_results/logs/comparison_20250418_173836.log
