2025-04-18 17:36:24,841 - INFO - Logging initialized. Log file: ./comparison_results/logs/comparison_20250418_173624.log
2025-04-18 17:36:24,841 - INFO - Python version: 3.12.9 | packaged by Anaconda, Inc. | (main, Feb  6 2025, 18:56:27) [GCC 11.2.0]
2025-04-18 17:36:24,841 - INFO - PyTorch version: 2.6.0+cu124
2025-04-18 17:36:24,841 - INFO - OpenCV version: 4.11.0
2025-04-18 17:36:24,841 - INFO - Arguments: {'data_dir': '../data/davis-2017/DAVIS/', 'splits_dir': './dataset_splits', 'pretrained_checkpoint': '../checkpoints/sam2.1_hiera_large.pt', 'finetuned_checkpoint': './model.torch', 'model_cfg': '../configs/sam2.1/sam2.1_hiera_l.yaml', 'output_dir': './comparison_results', 'num_samples': -1, 'debug': False}
2025-04-18 17:36:24,884 - INFO - Using CUDA device: Tesla V100-SXM2-16GB
2025-04-18 17:36:24,885 - INFO - CUDA memory allocated: 0.00 GB
2025-04-18 17:36:24,885 - INFO - Loaded 17 samples from ./dataset_splits/val.json
2025-04-18 17:36:24,885 - INFO - 
Evaluating pre-trained model...
2025-04-18 17:36:24,885 - INFO - Loading model from ../checkpoints/sam2.1_hiera_large.pt
2025-04-18 17:36:24,885 - INFO - Loading as state dict: ../checkpoints/sam2.1_hiera_large.pt
2025-04-18 17:36:28,535 - INFO - Model loaded successfully
2025-04-18 17:36:28,564 - INFO - For numpy array image, we assume (HxWxC) format
2025-04-18 17:36:28,669 - INFO - Computing image embeddings for the provided image...
2025-04-18 17:36:29,005 - INFO - Image embeddings computed.
2025-04-18 17:36:29,199 - INFO - For numpy array image, we assume (HxWxC) format
2025-04-18 17:36:29,238 - INFO - Computing image embeddings for the provided image...
2025-04-18 17:36:29,275 - INFO - Image embeddings computed.
2025-04-18 17:36:29,465 - INFO - For numpy array image, we assume (HxWxC) format
2025-04-18 17:36:29,475 - INFO - Computing image embeddings for the provided image...
2025-04-18 17:36:29,512 - INFO - Image embeddings computed.
2025-04-18 17:36:29,693 - INFO - For numpy array image, we assume (HxWxC) format
2025-04-18 17:36:29,702 - INFO - Computing image embeddings for the provided image...
2025-04-18 17:36:29,740 - INFO - Image embeddings computed.
2025-04-18 17:36:29,920 - INFO - For numpy array image, we assume (HxWxC) format
2025-04-18 17:36:29,931 - INFO - Computing image embeddings for the provided image...
2025-04-18 17:36:29,968 - INFO - Image embeddings computed.
2025-04-18 17:36:30,153 - INFO - For numpy array image, we assume (HxWxC) format
2025-04-18 17:36:30,171 - INFO - Computing image embeddings for the provided image...
2025-04-18 17:36:30,208 - INFO - Image embeddings computed.
2025-04-18 17:36:30,389 - INFO - For numpy array image, we assume (HxWxC) format
2025-04-18 17:36:30,398 - INFO - Computing image embeddings for the provided image...
2025-04-18 17:36:30,436 - INFO - Image embeddings computed.
2025-04-18 17:36:30,616 - INFO - For numpy array image, we assume (HxWxC) format
2025-04-18 17:36:30,626 - INFO - Computing image embeddings for the provided image...
2025-04-18 17:36:30,664 - INFO - Image embeddings computed.
2025-04-18 17:36:30,844 - INFO - For numpy array image, we assume (HxWxC) format
2025-04-18 17:36:30,853 - INFO - Computing image embeddings for the provided image...
2025-04-18 17:36:30,891 - INFO - Image embeddings computed.
2025-04-18 17:36:31,071 - INFO - For numpy array image, we assume (HxWxC) format
2025-04-18 17:36:31,081 - INFO - Computing image embeddings for the provided image...
2025-04-18 17:36:31,118 - INFO - Image embeddings computed.
2025-04-18 17:36:31,298 - INFO - For numpy array image, we assume (HxWxC) format
2025-04-18 17:36:31,308 - INFO - Computing image embeddings for the provided image...
2025-04-18 17:36:31,345 - INFO - Image embeddings computed.
2025-04-18 17:36:31,530 - INFO - For numpy array image, we assume (HxWxC) format
2025-04-18 17:36:31,547 - INFO - Computing image embeddings for the provided image...
2025-04-18 17:36:31,585 - INFO - Image embeddings computed.
2025-04-18 17:36:31,768 - INFO - For numpy array image, we assume (HxWxC) format
2025-04-18 17:36:31,781 - INFO - Computing image embeddings for the provided image...
2025-04-18 17:36:31,819 - INFO - Image embeddings computed.
2025-04-18 17:36:31,999 - INFO - For numpy array image, we assume (HxWxC) format
2025-04-18 17:36:32,008 - INFO - Computing image embeddings for the provided image...
2025-04-18 17:36:32,045 - INFO - Image embeddings computed.
2025-04-18 17:36:32,226 - INFO - For numpy array image, we assume (HxWxC) format
2025-04-18 17:36:32,236 - INFO - Computing image embeddings for the provided image...
2025-04-18 17:36:32,274 - INFO - Image embeddings computed.
2025-04-18 17:36:32,459 - INFO - For numpy array image, we assume (HxWxC) format
2025-04-18 17:36:32,476 - INFO - Computing image embeddings for the provided image...
2025-04-18 17:36:32,514 - INFO - Image embeddings computed.
2025-04-18 17:36:32,694 - INFO - For numpy array image, we assume (HxWxC) format
2025-04-18 17:36:32,705 - INFO - Computing image embeddings for the provided image...
2025-04-18 17:36:32,742 - INFO - Image embeddings computed.
2025-04-18 17:36:32,900 - INFO - Evaluation completed. Processed 17 samples successfully.
2025-04-18 17:36:32,900 - INFO - 
Evaluating fine-tuned model...
2025-04-18 17:36:32,900 - INFO - Loading model from ./model.torch
2025-04-18 17:36:32,900 - INFO - Loading as state dict: ./model.torch
2025-04-18 17:36:36,072 - INFO - Model loaded successfully
2025-04-18 17:36:36,099 - INFO - For numpy array image, we assume (HxWxC) format
2025-04-18 17:36:36,108 - INFO - Computing image embeddings for the provided image...
2025-04-18 17:36:36,146 - INFO - Image embeddings computed.
2025-04-18 17:36:36,326 - INFO - For numpy array image, we assume (HxWxC) format
2025-04-18 17:36:36,332 - INFO - Computing image embeddings for the provided image...
2025-04-18 17:36:36,368 - INFO - Image embeddings computed.
2025-04-18 17:36:36,549 - INFO - For numpy array image, we assume (HxWxC) format
2025-04-18 17:36:36,559 - INFO - Computing image embeddings for the provided image...
2025-04-18 17:36:36,594 - INFO - Image embeddings computed.
2025-04-18 17:36:36,777 - INFO - For numpy array image, we assume (HxWxC) format
2025-04-18 17:36:36,786 - INFO - Computing image embeddings for the provided image...
2025-04-18 17:36:36,821 - INFO - Image embeddings computed.
2025-04-18 17:36:37,003 - INFO - For numpy array image, we assume (HxWxC) format
2025-04-18 17:36:37,013 - INFO - Computing image embeddings for the provided image...
2025-04-18 17:36:37,048 - INFO - Image embeddings computed.
2025-04-18 17:36:37,230 - INFO - For numpy array image, we assume (HxWxC) format
2025-04-18 17:36:37,239 - INFO - Computing image embeddings for the provided image...
2025-04-18 17:36:37,275 - INFO - Image embeddings computed.
2025-04-18 17:36:37,457 - INFO - For numpy array image, we assume (HxWxC) format
2025-04-18 17:36:37,466 - INFO - Computing image embeddings for the provided image...
2025-04-18 17:36:37,502 - INFO - Image embeddings computed.
2025-04-18 17:36:37,684 - INFO - For numpy array image, we assume (HxWxC) format
2025-04-18 17:36:37,693 - INFO - Computing image embeddings for the provided image...
2025-04-18 17:36:37,729 - INFO - Image embeddings computed.
2025-04-18 17:36:37,911 - INFO - For numpy array image, we assume (HxWxC) format
2025-04-18 17:36:37,917 - INFO - Computing image embeddings for the provided image...
2025-04-18 17:36:37,953 - INFO - Image embeddings computed.
2025-04-18 17:36:38,135 - INFO - For numpy array image, we assume (HxWxC) format
2025-04-18 17:36:38,144 - INFO - Computing image embeddings for the provided image...
2025-04-18 17:36:38,179 - INFO - Image embeddings computed.
2025-04-18 17:36:38,362 - INFO - For numpy array image, we assume (HxWxC) format
2025-04-18 17:36:38,371 - INFO - Computing image embeddings for the provided image...
2025-04-18 17:36:38,407 - INFO - Image embeddings computed.
2025-04-18 17:36:38,589 - INFO - For numpy array image, we assume (HxWxC) format
2025-04-18 17:36:38,598 - INFO - Computing image embeddings for the provided image...
2025-04-18 17:36:38,634 - INFO - Image embeddings computed.
2025-04-18 17:36:38,815 - INFO - For numpy array image, we assume (HxWxC) format
2025-04-18 17:36:38,825 - INFO - Computing image embeddings for the provided image...
2025-04-18 17:36:38,860 - INFO - Image embeddings computed.
2025-04-18 17:36:39,042 - INFO - For numpy array image, we assume (HxWxC) format
2025-04-18 17:36:39,051 - INFO - Computing image embeddings for the provided image...
2025-04-18 17:36:39,087 - INFO - Image embeddings computed.
2025-04-18 17:36:39,269 - INFO - For numpy array image, we assume (HxWxC) format
2025-04-18 17:36:39,278 - INFO - Computing image embeddings for the provided image...
2025-04-18 17:36:39,314 - INFO - Image embeddings computed.
2025-04-18 17:36:39,496 - INFO - For numpy array image, we assume (HxWxC) format
2025-04-18 17:36:39,505 - INFO - Computing image embeddings for the provided image...
2025-04-18 17:36:39,541 - INFO - Image embeddings computed.
2025-04-18 17:36:39,723 - INFO - For numpy array image, we assume (HxWxC) format
2025-04-18 17:36:39,732 - INFO - Computing image embeddings for the provided image...
2025-04-18 17:36:39,768 - INFO - Image embeddings computed.
2025-04-18 17:36:39,927 - INFO - Evaluation completed. Processed 17 samples successfully.
2025-04-18 17:36:39,928 - INFO - 
Model Comparison Results:
2025-04-18 17:36:39,928 - INFO - ================================================================================
2025-04-18 17:36:39,928 - INFO - Metric           Pre-trained   Fine-tuned  Improvement
2025-04-18 17:36:39,928 - INFO - --------------------------------------------------------------------------------
2025-04-18 17:36:39,928 - INFO - iou                   0.9624       0.1123       -88.3%
2025-04-18 17:36:39,928 - INFO - dice                  0.9808       0.2019       -79.4%
2025-04-18 17:36:39,928 - INFO - precision             0.9840       0.1123       -88.6%
2025-04-18 17:36:39,929 - INFO - recall                0.9777       1.0000         2.3%
2025-04-18 17:36:39,929 - INFO - 
Detailed results saved to: ./comparison_results/comparison_results.json
2025-04-18 17:36:39,929 - INFO - Log file: ./comparison_results/logs/comparison_20250418_173624.log
