2025-04-17 21:43:12,656 - INFO - Logging initialized. Log file: ./comparison_results/logs/comparison_20250417_214312.log
2025-04-17 21:43:12,656 - INFO - Python version: 3.12.9 | packaged by Anaconda, Inc. | (main, Feb  6 2025, 18:56:27) [GCC 11.2.0]
2025-04-17 21:43:12,656 - INFO - PyTorch version: 2.6.0+cu124
2025-04-17 21:43:12,656 - INFO - OpenCV version: 4.11.0
2025-04-17 21:43:12,656 - INFO - Arguments: {'data_dir': '../data/davis-2017/DAVIS/', 'splits_dir': './dataset_splits', 'pretrained_checkpoint': '../checkpoints/sam2.1_hiera_large.pt', 'finetuned_checkpoint': './models/sam2_finetuned_best.torch', 'model_cfg': '../configs/sam2.1/sam2.1_hiera_l.yaml', 'output_dir': './comparison_results', 'num_samples': -1, 'debug': False}
2025-04-17 21:43:12,699 - INFO - Using CUDA device: Tesla V100-SXM2-16GB
2025-04-17 21:43:12,699 - INFO - CUDA memory allocated: 0.00 GB
2025-04-17 21:43:12,699 - INFO - Loaded 17 samples from ./dataset_splits/val.json
2025-04-17 21:43:12,700 - INFO - 
Evaluating pre-trained model...
2025-04-17 21:43:12,700 - INFO - Loading model from ../checkpoints/sam2.1_hiera_large.pt
2025-04-17 21:43:16,118 - INFO - Loaded checkpoint sucessfully
2025-04-17 21:43:16,582 - INFO - Model loaded successfully
2025-04-17 21:43:16,610 - INFO - For numpy array image, we assume (HxWxC) format
2025-04-17 21:43:16,713 - INFO - Computing image embeddings for the provided image...
2025-04-17 21:43:17,032 - INFO - Image embeddings computed.
2025-04-17 21:43:17,182 - INFO - For numpy array image, we assume (HxWxC) format
2025-04-17 21:43:17,213 - INFO - Computing image embeddings for the provided image...
2025-04-17 21:43:17,250 - INFO - Image embeddings computed.
2025-04-17 21:43:17,436 - INFO - For numpy array image, we assume (HxWxC) format
2025-04-17 21:43:17,442 - INFO - Computing image embeddings for the provided image...
2025-04-17 21:43:17,478 - INFO - Image embeddings computed.
2025-04-17 21:43:17,659 - INFO - For numpy array image, we assume (HxWxC) format
2025-04-17 21:43:17,667 - INFO - Computing image embeddings for the provided image...
2025-04-17 21:43:17,703 - INFO - Image embeddings computed.
2025-04-17 21:43:17,884 - INFO - For numpy array image, we assume (HxWxC) format
2025-04-17 21:43:17,890 - INFO - Computing image embeddings for the provided image...
2025-04-17 21:43:17,926 - INFO - Image embeddings computed.
2025-04-17 21:43:18,107 - INFO - For numpy array image, we assume (HxWxC) format
2025-04-17 21:43:18,116 - INFO - Computing image embeddings for the provided image...
2025-04-17 21:43:18,152 - INFO - Image embeddings computed.
2025-04-17 21:43:18,333 - INFO - For numpy array image, we assume (HxWxC) format
2025-04-17 21:43:18,339 - INFO - Computing image embeddings for the provided image...
2025-04-17 21:43:18,375 - INFO - Image embeddings computed.
2025-04-17 21:43:18,557 - INFO - For numpy array image, we assume (HxWxC) format
2025-04-17 21:43:18,562 - INFO - Computing image embeddings for the provided image...
2025-04-17 21:43:18,598 - INFO - Image embeddings computed.
2025-04-17 21:43:18,779 - INFO - For numpy array image, we assume (HxWxC) format
2025-04-17 21:43:18,785 - INFO - Computing image embeddings for the provided image...
2025-04-17 21:43:18,821 - INFO - Image embeddings computed.
2025-04-17 21:43:19,002 - INFO - For numpy array image, we assume (HxWxC) format
2025-04-17 21:43:19,008 - INFO - Computing image embeddings for the provided image...
2025-04-17 21:43:19,044 - INFO - Image embeddings computed.
2025-04-17 21:43:19,225 - INFO - For numpy array image, we assume (HxWxC) format
2025-04-17 21:43:19,230 - INFO - Computing image embeddings for the provided image...
2025-04-17 21:43:19,266 - INFO - Image embeddings computed.
2025-04-17 21:43:19,447 - INFO - For numpy array image, we assume (HxWxC) format
2025-04-17 21:43:19,454 - INFO - Computing image embeddings for the provided image...
2025-04-17 21:43:19,490 - INFO - Image embeddings computed.
2025-04-17 21:43:19,671 - INFO - For numpy array image, we assume (HxWxC) format
2025-04-17 21:43:19,677 - INFO - Computing image embeddings for the provided image...
2025-04-17 21:43:19,712 - INFO - Image embeddings computed.
2025-04-17 21:43:19,894 - INFO - For numpy array image, we assume (HxWxC) format
2025-04-17 21:43:19,899 - INFO - Computing image embeddings for the provided image...
2025-04-17 21:43:19,936 - INFO - Image embeddings computed.
2025-04-17 21:43:20,117 - INFO - For numpy array image, we assume (HxWxC) format
2025-04-17 21:43:20,123 - INFO - Computing image embeddings for the provided image...
2025-04-17 21:43:20,159 - INFO - Image embeddings computed.
2025-04-17 21:43:20,340 - INFO - For numpy array image, we assume (HxWxC) format
2025-04-17 21:43:20,346 - INFO - Computing image embeddings for the provided image...
2025-04-17 21:43:20,382 - INFO - Image embeddings computed.
2025-04-17 21:43:20,563 - INFO - For numpy array image, we assume (HxWxC) format
2025-04-17 21:43:20,570 - INFO - Computing image embeddings for the provided image...
2025-04-17 21:43:20,606 - INFO - Image embeddings computed.
2025-04-17 21:43:20,764 - INFO - Evaluation completed. Processed 17 samples successfully.
2025-04-17 21:43:20,764 - INFO - 
Evaluating fine-tuned model...
2025-04-17 21:43:20,764 - INFO - Loading model from ./models/sam2_finetuned_best.torch
2025-04-17 21:43:20,765 - ERROR - Error loading model: Checkpoint not found: ./models/sam2_finetuned_best.torch
2025-04-17 21:43:20,765 - ERROR - Traceback (most recent call last):
  File "/home/ubuntu/code/drew/experiments/e2e_sam2/train_sam2/compare_models.py", line 92, in load_model
    raise FileNotFoundError(f"Checkpoint not found: {checkpoint_path}")
FileNotFoundError: Checkpoint not found: ./models/sam2_finetuned_best.torch

2025-04-17 21:43:20,765 - ERROR - Fatal error in main execution:
2025-04-17 21:43:20,765 - ERROR - Checkpoint not found: ./models/sam2_finetuned_best.torch
2025-04-17 21:43:20,766 - ERROR - Traceback (most recent call last):
  File "/home/ubuntu/code/drew/experiments/e2e_sam2/train_sam2/compare_models.py", line 314, in main
    finetuned_predictor = load_model(args.finetuned_checkpoint, args.model_cfg, device)
                          ^^^^^^^^^^^^^^^^^^^^^^^^^^^^^^^^^^^^^^^^^^^^^^^^^^^^^^^^^^^^^
  File "/home/ubuntu/code/drew/experiments/e2e_sam2/train_sam2/compare_models.py", line 92, in load_model
    raise FileNotFoundError(f"Checkpoint not found: {checkpoint_path}")
FileNotFoundError: Checkpoint not found: ./models/sam2_finetuned_best.torch

