2025-04-18 15:02:06,985 - INFO - Logging initialized. Log file: ./comparison_results/logs/comparison_20250418_150206.log
2025-04-18 15:02:06,985 - INFO - Python version: 3.12.9 | packaged by Anaconda, Inc. | (main, Feb  6 2025, 18:56:27) [GCC 11.2.0]
2025-04-18 15:02:06,985 - INFO - PyTorch version: 2.6.0+cu124
2025-04-18 15:02:06,985 - INFO - OpenCV version: 4.11.0
2025-04-18 15:02:06,985 - INFO - Arguments: {'data_dir': '../data/davis-2017/DAVIS/', 'splits_dir': './dataset_splits', 'pretrained_checkpoint': '../checkpoints/sam2.1_hiera_large.pt', 'finetuned_checkpoint': './model_best.torch', 'model_cfg': '../configs/sam2.1/sam2.1_hiera_l.yaml', 'output_dir': './comparison_results', 'num_samples': -1, 'debug': False}
2025-04-18 15:02:07,027 - INFO - Using CUDA device: Tesla V100-SXM2-16GB
2025-04-18 15:02:07,027 - INFO - CUDA memory allocated: 0.00 GB
2025-04-18 15:02:07,027 - INFO - Loaded 17 samples from ./dataset_splits/val.json
2025-04-18 15:02:07,027 - INFO - 
Evaluating pre-trained model...
2025-04-18 15:02:07,027 - INFO - Loading model from ../checkpoints/sam2.1_hiera_large.pt
2025-04-18 15:02:10,464 - INFO - Loaded checkpoint sucessfully
2025-04-18 15:02:10,928 - INFO - Model loaded successfully
2025-04-18 15:02:10,955 - INFO - For numpy array image, we assume (HxWxC) format
2025-04-18 15:02:11,061 - INFO - Computing image embeddings for the provided image...
2025-04-18 15:02:11,378 - INFO - Image embeddings computed.
2025-04-18 15:02:11,481 - INFO - For numpy array image, we assume (HxWxC) format
2025-04-18 15:02:11,517 - INFO - Computing image embeddings for the provided image...
2025-04-18 15:02:11,554 - INFO - Image embeddings computed.
2025-04-18 15:02:11,742 - INFO - For numpy array image, we assume (HxWxC) format
2025-04-18 15:02:11,751 - INFO - Computing image embeddings for the provided image...
2025-04-18 15:02:11,788 - INFO - Image embeddings computed.
2025-04-18 15:02:11,969 - INFO - For numpy array image, we assume (HxWxC) format
2025-04-18 15:02:11,980 - INFO - Computing image embeddings for the provided image...
2025-04-18 15:02:12,016 - INFO - Image embeddings computed.
2025-04-18 15:02:12,197 - INFO - For numpy array image, we assume (HxWxC) format
2025-04-18 15:02:12,206 - INFO - Computing image embeddings for the provided image...
2025-04-18 15:02:12,243 - INFO - Image embeddings computed.
2025-04-18 15:02:12,424 - INFO - For numpy array image, we assume (HxWxC) format
2025-04-18 15:02:12,434 - INFO - Computing image embeddings for the provided image...
2025-04-18 15:02:12,470 - INFO - Image embeddings computed.
2025-04-18 15:02:12,651 - INFO - For numpy array image, we assume (HxWxC) format
2025-04-18 15:02:12,661 - INFO - Computing image embeddings for the provided image...
2025-04-18 15:02:12,697 - INFO - Image embeddings computed.
2025-04-18 15:02:12,879 - INFO - For numpy array image, we assume (HxWxC) format
2025-04-18 15:02:12,888 - INFO - Computing image embeddings for the provided image...
2025-04-18 15:02:12,924 - INFO - Image embeddings computed.
2025-04-18 15:02:13,105 - INFO - For numpy array image, we assume (HxWxC) format
2025-04-18 15:02:13,115 - INFO - Computing image embeddings for the provided image...
2025-04-18 15:02:13,151 - INFO - Image embeddings computed.
2025-04-18 15:02:13,332 - INFO - For numpy array image, we assume (HxWxC) format
2025-04-18 15:02:13,341 - INFO - Computing image embeddings for the provided image...
2025-04-18 15:02:13,378 - INFO - Image embeddings computed.
2025-04-18 15:02:13,559 - INFO - For numpy array image, we assume (HxWxC) format
2025-04-18 15:02:13,568 - INFO - Computing image embeddings for the provided image...
2025-04-18 15:02:13,604 - INFO - Image embeddings computed.
2025-04-18 15:02:13,785 - INFO - For numpy array image, we assume (HxWxC) format
2025-04-18 15:02:13,794 - INFO - Computing image embeddings for the provided image...
2025-04-18 15:02:13,831 - INFO - Image embeddings computed.
2025-04-18 15:02:14,011 - INFO - For numpy array image, we assume (HxWxC) format
2025-04-18 15:02:14,017 - INFO - Computing image embeddings for the provided image...
2025-04-18 15:02:14,054 - INFO - Image embeddings computed.
2025-04-18 15:02:14,234 - INFO - For numpy array image, we assume (HxWxC) format
2025-04-18 15:02:14,243 - INFO - Computing image embeddings for the provided image...
2025-04-18 15:02:14,281 - INFO - Image embeddings computed.
2025-04-18 15:02:14,461 - INFO - For numpy array image, we assume (HxWxC) format
2025-04-18 15:02:14,470 - INFO - Computing image embeddings for the provided image...
2025-04-18 15:02:14,507 - INFO - Image embeddings computed.
2025-04-18 15:02:14,687 - INFO - For numpy array image, we assume (HxWxC) format
2025-04-18 15:02:14,693 - INFO - Computing image embeddings for the provided image...
2025-04-18 15:02:14,734 - INFO - Image embeddings computed.
2025-04-18 15:02:14,911 - INFO - For numpy array image, we assume (HxWxC) format
2025-04-18 15:02:14,917 - INFO - Computing image embeddings for the provided image...
2025-04-18 15:02:14,954 - INFO - Image embeddings computed.
2025-04-18 15:02:15,111 - INFO - Evaluation completed. Processed 17 samples successfully.
2025-04-18 15:02:15,112 - INFO - 
Evaluating fine-tuned model...
2025-04-18 15:02:15,112 - INFO - Loading model from ./model_best.torch
2025-04-18 15:02:18,193 - ERROR - Error loading model: 'model'
2025-04-18 15:02:18,194 - ERROR - Traceback (most recent call last):
  File "/home/ubuntu/code/drew/experiments/e2e_sam2/train_sam2/compare_models.py", line 100, in load_model
    model = build_sam2(model_cfg, checkpoint_path, device=device)
            ^^^^^^^^^^^^^^^^^^^^^^^^^^^^^^^^^^^^^^^^^^^^^^^^^^^^^
  File "/home/ubuntu/code/drew/sam2/sam2/build_sam.py", line 93, in build_sam2
    _load_checkpoint(model, ckpt_path)
  File "/home/ubuntu/code/drew/sam2/sam2/build_sam.py", line 166, in _load_checkpoint
    sd = torch.load(ckpt_path, map_location="cpu", weights_only=True)["model"]
         ~~~~~~~~~~~~~~~~~~~~~~~~~~~~~~~~~~~~~~~~~~~~~~~~~~~~~~~~~~~~^^^^^^^^^
KeyError: 'model'

2025-04-18 15:02:18,194 - ERROR - Fatal error in main execution:
2025-04-18 15:02:18,194 - ERROR - 'model'
2025-04-18 15:02:18,195 - ERROR - Traceback (most recent call last):
  File "/home/ubuntu/code/drew/experiments/e2e_sam2/train_sam2/compare_models.py", line 318, in main
    finetuned_predictor = load_model(args.finetuned_checkpoint, args.model_cfg, device)
                          ^^^^^^^^^^^^^^^^^^^^^^^^^^^^^^^^^^^^^^^^^^^^^^^^^^^^^^^^^^^^^
  File "/home/ubuntu/code/drew/experiments/e2e_sam2/train_sam2/compare_models.py", line 100, in load_model
    model = build_sam2(model_cfg, checkpoint_path, device=device)
            ^^^^^^^^^^^^^^^^^^^^^^^^^^^^^^^^^^^^^^^^^^^^^^^^^^^^^
  File "/home/ubuntu/code/drew/sam2/sam2/build_sam.py", line 93, in build_sam2
    _load_checkpoint(model, ckpt_path)
  File "/home/ubuntu/code/drew/sam2/sam2/build_sam.py", line 166, in _load_checkpoint
    sd = torch.load(ckpt_path, map_location="cpu", weights_only=True)["model"]
         ~~~~~~~~~~~~~~~~~~~~~~~~~~~~~~~~~~~~~~~~~~~~~~~~~~~~~~~~~~~~^^^^^^^^^
KeyError: 'model'

