2025-04-18 15:02:29,589 - INFO - Logging initialized. Log file: ./comparison_results/logs/comparison_20250418_150229.log
2025-04-18 15:02:29,589 - INFO - Python version: 3.12.9 | packaged by Anaconda, Inc. | (main, Feb  6 2025, 18:56:27) [GCC 11.2.0]
2025-04-18 15:02:29,589 - INFO - PyTorch version: 2.6.0+cu124
2025-04-18 15:02:29,589 - INFO - OpenCV version: 4.11.0
2025-04-18 15:02:29,589 - INFO - Arguments: {'data_dir': '../data/davis-2017/DAVIS/', 'splits_dir': './dataset_splits', 'pretrained_checkpoint': '../checkpoints/sam2.1_hiera_large.pt', 'finetuned_checkpoint': './model.torch', 'model_cfg': '../configs/sam2.1/sam2.1_hiera_l.yaml', 'output_dir': './comparison_results', 'num_samples': -1, 'debug': False}
2025-04-18 15:02:29,631 - INFO - Using CUDA device: Tesla V100-SXM2-16GB
2025-04-18 15:02:29,631 - INFO - CUDA memory allocated: 0.00 GB
2025-04-18 15:02:29,632 - INFO - Loaded 17 samples from ./dataset_splits/val.json
2025-04-18 15:02:29,632 - INFO - 
Evaluating pre-trained model...
2025-04-18 15:02:29,632 - INFO - Loading model from ../checkpoints/sam2.1_hiera_large.pt
2025-04-18 15:02:33,023 - INFO - Loaded checkpoint sucessfully
2025-04-18 15:02:33,478 - INFO - Model loaded successfully
2025-04-18 15:02:33,505 - INFO - For numpy array image, we assume (HxWxC) format
2025-04-18 15:02:33,612 - INFO - Computing image embeddings for the provided image...
2025-04-18 15:02:33,927 - INFO - Image embeddings computed.
2025-04-18 15:02:34,030 - INFO - For numpy array image, we assume (HxWxC) format
2025-04-18 15:02:34,061 - INFO - Computing image embeddings for the provided image...
2025-04-18 15:02:34,099 - INFO - Image embeddings computed.
2025-04-18 15:02:34,283 - INFO - For numpy array image, we assume (HxWxC) format
2025-04-18 15:02:34,289 - INFO - Computing image embeddings for the provided image...
2025-04-18 15:02:34,325 - INFO - Image embeddings computed.
2025-04-18 15:02:34,508 - INFO - For numpy array image, we assume (HxWxC) format
2025-04-18 15:02:34,514 - INFO - Computing image embeddings for the provided image...
2025-04-18 15:02:34,551 - INFO - Image embeddings computed.
2025-04-18 15:02:34,732 - INFO - For numpy array image, we assume (HxWxC) format
2025-04-18 15:02:34,741 - INFO - Computing image embeddings for the provided image...
2025-04-18 15:02:34,778 - INFO - Image embeddings computed.
2025-04-18 15:02:34,958 - INFO - For numpy array image, we assume (HxWxC) format
2025-04-18 15:02:34,969 - INFO - Computing image embeddings for the provided image...
2025-04-18 15:02:35,007 - INFO - Image embeddings computed.
2025-04-18 15:02:35,187 - INFO - For numpy array image, we assume (HxWxC) format
2025-04-18 15:02:35,196 - INFO - Computing image embeddings for the provided image...
2025-04-18 15:02:35,233 - INFO - Image embeddings computed.
2025-04-18 15:02:35,413 - INFO - For numpy array image, we assume (HxWxC) format
2025-04-18 15:02:35,422 - INFO - Computing image embeddings for the provided image...
2025-04-18 15:02:35,461 - INFO - Image embeddings computed.
2025-04-18 15:02:35,640 - INFO - For numpy array image, we assume (HxWxC) format
2025-04-18 15:02:35,651 - INFO - Computing image embeddings for the provided image...
2025-04-18 15:02:35,687 - INFO - Image embeddings computed.
2025-04-18 15:02:35,868 - INFO - For numpy array image, we assume (HxWxC) format
2025-04-18 15:02:35,874 - INFO - Computing image embeddings for the provided image...
2025-04-18 15:02:35,912 - INFO - Image embeddings computed.
2025-04-18 15:02:36,096 - INFO - For numpy array image, we assume (HxWxC) format
2025-04-18 15:02:36,102 - INFO - Computing image embeddings for the provided image...
2025-04-18 15:02:36,140 - INFO - Image embeddings computed.
2025-04-18 15:02:36,320 - INFO - For numpy array image, we assume (HxWxC) format
2025-04-18 15:02:36,329 - INFO - Computing image embeddings for the provided image...
2025-04-18 15:02:36,367 - INFO - Image embeddings computed.
2025-04-18 15:02:36,547 - INFO - For numpy array image, we assume (HxWxC) format
2025-04-18 15:02:36,556 - INFO - Computing image embeddings for the provided image...
2025-04-18 15:02:36,593 - INFO - Image embeddings computed.
2025-04-18 15:02:36,774 - INFO - For numpy array image, we assume (HxWxC) format
2025-04-18 15:02:36,780 - INFO - Computing image embeddings for the provided image...
2025-04-18 15:02:36,817 - INFO - Image embeddings computed.
2025-04-18 15:02:36,997 - INFO - For numpy array image, we assume (HxWxC) format
2025-04-18 15:02:37,007 - INFO - Computing image embeddings for the provided image...
2025-04-18 15:02:37,044 - INFO - Image embeddings computed.
2025-04-18 15:02:37,224 - INFO - For numpy array image, we assume (HxWxC) format
2025-04-18 15:02:37,233 - INFO - Computing image embeddings for the provided image...
2025-04-18 15:02:37,269 - INFO - Image embeddings computed.
2025-04-18 15:02:37,450 - INFO - For numpy array image, we assume (HxWxC) format
2025-04-18 15:02:37,459 - INFO - Computing image embeddings for the provided image...
2025-04-18 15:02:37,496 - INFO - Image embeddings computed.
2025-04-18 15:02:37,653 - INFO - Evaluation completed. Processed 17 samples successfully.
2025-04-18 15:02:37,653 - INFO - 
Evaluating fine-tuned model...
2025-04-18 15:02:37,653 - INFO - Loading model from ./model.torch
2025-04-18 15:02:40,747 - ERROR - Error loading model: 'model'
2025-04-18 15:02:40,748 - ERROR - Traceback (most recent call last):
  File "/home/ubuntu/code/drew/experiments/e2e_sam2/train_sam2/compare_models.py", line 100, in load_model
    model = build_sam2(model_cfg, checkpoint_path, device=device)
            ^^^^^^^^^^^^^^^^^^^^^^^^^^^^^^^^^^^^^^^^^^^^^^^^^^^^^
  File "/home/ubuntu/code/drew/sam2/sam2/build_sam.py", line 93, in build_sam2
    _load_checkpoint(model, ckpt_path)
  File "/home/ubuntu/code/drew/sam2/sam2/build_sam.py", line 166, in _load_checkpoint
    sd = torch.load(ckpt_path, map_location="cpu", weights_only=True)["model"]
         ~~~~~~~~~~~~~~~~~~~~~~~~~~~~~~~~~~~~~~~~~~~~~~~~~~~~~~~~~~~~^^^^^^^^^
KeyError: 'model'

2025-04-18 15:02:40,748 - ERROR - Fatal error in main execution:
2025-04-18 15:02:40,749 - ERROR - 'model'
2025-04-18 15:02:40,749 - ERROR - Traceback (most recent call last):
  File "/home/ubuntu/code/drew/experiments/e2e_sam2/train_sam2/compare_models.py", line 318, in main
    finetuned_predictor = load_model(args.finetuned_checkpoint, args.model_cfg, device)
                          ^^^^^^^^^^^^^^^^^^^^^^^^^^^^^^^^^^^^^^^^^^^^^^^^^^^^^^^^^^^^^
  File "/home/ubuntu/code/drew/experiments/e2e_sam2/train_sam2/compare_models.py", line 100, in load_model
    model = build_sam2(model_cfg, checkpoint_path, device=device)
            ^^^^^^^^^^^^^^^^^^^^^^^^^^^^^^^^^^^^^^^^^^^^^^^^^^^^^
  File "/home/ubuntu/code/drew/sam2/sam2/build_sam.py", line 93, in build_sam2
    _load_checkpoint(model, ckpt_path)
  File "/home/ubuntu/code/drew/sam2/sam2/build_sam.py", line 166, in _load_checkpoint
    sd = torch.load(ckpt_path, map_location="cpu", weights_only=True)["model"]
         ~~~~~~~~~~~~~~~~~~~~~~~~~~~~~~~~~~~~~~~~~~~~~~~~~~~~~~~~~~~~^^^^^^^^^
KeyError: 'model'

