2025-04-18 17:29:10,212 - INFO - Logging initialized. Log file: ./comparison_results/logs/comparison_20250418_172910.log
2025-04-18 17:29:10,212 - INFO - Python version: 3.12.9 | packaged by Anaconda, Inc. | (main, Feb  6 2025, 18:56:27) [GCC 11.2.0]
2025-04-18 17:29:10,212 - INFO - PyTorch version: 2.6.0+cu124
2025-04-18 17:29:10,212 - INFO - OpenCV version: 4.11.0
2025-04-18 17:29:10,213 - INFO - Arguments: {'data_dir': '../data/davis-2017/DAVIS/', 'splits_dir': './dataset_splits', 'pretrained_checkpoint': '../checkpoints/sam2.1_hiera_large.pt', 'finetuned_checkpoint': './model_best.torch', 'model_cfg': '../configs/sam2.1/sam2.1_hiera_l.yaml', 'output_dir': './comparison_results', 'num_samples': -1, 'debug': False}
2025-04-18 17:29:10,254 - INFO - Using CUDA device: Tesla V100-SXM2-16GB
2025-04-18 17:29:10,255 - INFO - CUDA memory allocated: 0.00 GB
2025-04-18 17:29:10,255 - INFO - Loaded 17 samples from ./dataset_splits/val.json
2025-04-18 17:29:10,255 - INFO - 
Evaluating pre-trained model...
2025-04-18 17:29:10,255 - INFO - Loading model from ../checkpoints/sam2.1_hiera_large.pt
2025-04-18 17:29:10,255 - INFO - Loading as state dict: ../checkpoints/sam2.1_hiera_large.pt
2025-04-18 17:29:13,860 - INFO - Model loaded successfully
2025-04-18 17:29:13,889 - INFO - For numpy array image, we assume (HxWxC) format
2025-04-18 17:29:13,998 - INFO - Computing image embeddings for the provided image...
2025-04-18 17:29:14,325 - INFO - Image embeddings computed.
2025-04-18 17:29:14,512 - INFO - For numpy array image, we assume (HxWxC) format
2025-04-18 17:29:14,550 - INFO - Computing image embeddings for the provided image...
2025-04-18 17:29:14,584 - INFO - Image embeddings computed.
2025-04-18 17:29:14,767 - INFO - For numpy array image, we assume (HxWxC) format
2025-04-18 17:29:14,776 - INFO - Computing image embeddings for the provided image...
2025-04-18 17:29:14,811 - INFO - Image embeddings computed.
2025-04-18 17:29:14,996 - INFO - For numpy array image, we assume (HxWxC) format
2025-04-18 17:29:15,005 - INFO - Computing image embeddings for the provided image...
2025-04-18 17:29:15,039 - INFO - Image embeddings computed.
2025-04-18 17:29:15,223 - INFO - For numpy array image, we assume (HxWxC) format
2025-04-18 17:29:15,233 - INFO - Computing image embeddings for the provided image...
2025-04-18 17:29:15,267 - INFO - Image embeddings computed.
2025-04-18 17:29:15,453 - INFO - For numpy array image, we assume (HxWxC) format
2025-04-18 17:29:15,470 - INFO - Computing image embeddings for the provided image...
2025-04-18 17:29:15,505 - INFO - Image embeddings computed.
2025-04-18 17:29:15,688 - INFO - For numpy array image, we assume (HxWxC) format
2025-04-18 17:29:15,697 - INFO - Computing image embeddings for the provided image...
2025-04-18 17:29:15,732 - INFO - Image embeddings computed.
2025-04-18 17:29:15,918 - INFO - For numpy array image, we assume (HxWxC) format
2025-04-18 17:29:15,935 - INFO - Computing image embeddings for the provided image...
2025-04-18 17:29:15,970 - INFO - Image embeddings computed.
2025-04-18 17:29:16,153 - INFO - For numpy array image, we assume (HxWxC) format
2025-04-18 17:29:16,162 - INFO - Computing image embeddings for the provided image...
2025-04-18 17:29:16,196 - INFO - Image embeddings computed.
2025-04-18 17:29:16,379 - INFO - For numpy array image, we assume (HxWxC) format
2025-04-18 17:29:16,389 - INFO - Computing image embeddings for the provided image...
2025-04-18 17:29:16,423 - INFO - Image embeddings computed.
2025-04-18 17:29:16,606 - INFO - For numpy array image, we assume (HxWxC) format
2025-04-18 17:29:16,615 - INFO - Computing image embeddings for the provided image...
2025-04-18 17:29:16,649 - INFO - Image embeddings computed.
2025-04-18 17:29:16,835 - INFO - For numpy array image, we assume (HxWxC) format
2025-04-18 17:29:16,852 - INFO - Computing image embeddings for the provided image...
2025-04-18 17:29:16,887 - INFO - Image embeddings computed.
2025-04-18 17:29:17,069 - INFO - For numpy array image, we assume (HxWxC) format
2025-04-18 17:29:17,079 - INFO - Computing image embeddings for the provided image...
2025-04-18 17:29:17,113 - INFO - Image embeddings computed.
2025-04-18 17:29:17,296 - INFO - For numpy array image, we assume (HxWxC) format
2025-04-18 17:29:17,305 - INFO - Computing image embeddings for the provided image...
2025-04-18 17:29:17,339 - INFO - Image embeddings computed.
2025-04-18 17:29:17,522 - INFO - For numpy array image, we assume (HxWxC) format
2025-04-18 17:29:17,531 - INFO - Computing image embeddings for the provided image...
2025-04-18 17:29:17,565 - INFO - Image embeddings computed.
2025-04-18 17:29:17,748 - INFO - For numpy array image, we assume (HxWxC) format
2025-04-18 17:29:17,757 - INFO - Computing image embeddings for the provided image...
2025-04-18 17:29:17,791 - INFO - Image embeddings computed.
2025-04-18 17:29:17,974 - INFO - For numpy array image, we assume (HxWxC) format
2025-04-18 17:29:17,983 - INFO - Computing image embeddings for the provided image...
2025-04-18 17:29:18,017 - INFO - Image embeddings computed.
2025-04-18 17:29:18,179 - INFO - Evaluation completed. Processed 17 samples successfully.
2025-04-18 17:29:18,179 - INFO - 
Evaluating fine-tuned model...
2025-04-18 17:29:18,179 - INFO - Loading model from ./model_best.torch
2025-04-18 17:29:18,179 - INFO - Loading as state dict: ./model_best.torch
2025-04-18 17:29:21,269 - INFO - Model loaded successfully
2025-04-18 17:29:21,295 - INFO - For numpy array image, we assume (HxWxC) format
2025-04-18 17:29:21,304 - INFO - Computing image embeddings for the provided image...
2025-04-18 17:29:21,339 - INFO - Image embeddings computed.
2025-04-18 17:29:21,522 - INFO - For numpy array image, we assume (HxWxC) format
2025-04-18 17:29:21,531 - INFO - Computing image embeddings for the provided image...
2025-04-18 17:29:21,566 - INFO - Image embeddings computed.
2025-04-18 17:29:21,749 - INFO - For numpy array image, we assume (HxWxC) format
2025-04-18 17:29:21,758 - INFO - Computing image embeddings for the provided image...
2025-04-18 17:29:21,793 - INFO - Image embeddings computed.
2025-04-18 17:29:21,975 - INFO - For numpy array image, we assume (HxWxC) format
2025-04-18 17:29:21,985 - INFO - Computing image embeddings for the provided image...
2025-04-18 17:29:22,020 - INFO - Image embeddings computed.
2025-04-18 17:29:22,202 - INFO - For numpy array image, we assume (HxWxC) format
2025-04-18 17:29:22,211 - INFO - Computing image embeddings for the provided image...
2025-04-18 17:29:22,245 - INFO - Image embeddings computed.
2025-04-18 17:29:22,428 - INFO - For numpy array image, we assume (HxWxC) format
2025-04-18 17:29:22,437 - INFO - Computing image embeddings for the provided image...
2025-04-18 17:29:22,471 - INFO - Image embeddings computed.
2025-04-18 17:29:22,654 - INFO - For numpy array image, we assume (HxWxC) format
2025-04-18 17:29:22,663 - INFO - Computing image embeddings for the provided image...
2025-04-18 17:29:22,697 - INFO - Image embeddings computed.
2025-04-18 17:29:22,880 - INFO - For numpy array image, we assume (HxWxC) format
2025-04-18 17:29:22,890 - INFO - Computing image embeddings for the provided image...
2025-04-18 17:29:22,924 - INFO - Image embeddings computed.
2025-04-18 17:29:23,107 - INFO - For numpy array image, we assume (HxWxC) format
2025-04-18 17:29:23,116 - INFO - Computing image embeddings for the provided image...
2025-04-18 17:29:23,150 - INFO - Image embeddings computed.
2025-04-18 17:29:23,333 - INFO - For numpy array image, we assume (HxWxC) format
2025-04-18 17:29:23,342 - INFO - Computing image embeddings for the provided image...
2025-04-18 17:29:23,376 - INFO - Image embeddings computed.
2025-04-18 17:29:23,559 - INFO - For numpy array image, we assume (HxWxC) format
2025-04-18 17:29:23,568 - INFO - Computing image embeddings for the provided image...
2025-04-18 17:29:23,602 - INFO - Image embeddings computed.
2025-04-18 17:29:23,790 - INFO - For numpy array image, we assume (HxWxC) format
2025-04-18 17:29:23,799 - INFO - Computing image embeddings for the provided image...
2025-04-18 17:29:23,833 - INFO - Image embeddings computed.
2025-04-18 17:29:24,016 - INFO - For numpy array image, we assume (HxWxC) format
2025-04-18 17:29:24,025 - INFO - Computing image embeddings for the provided image...
2025-04-18 17:29:24,059 - INFO - Image embeddings computed.
2025-04-18 17:29:24,242 - INFO - For numpy array image, we assume (HxWxC) format
2025-04-18 17:29:24,251 - INFO - Computing image embeddings for the provided image...
2025-04-18 17:29:24,286 - INFO - Image embeddings computed.
2025-04-18 17:29:24,468 - INFO - For numpy array image, we assume (HxWxC) format
2025-04-18 17:29:24,477 - INFO - Computing image embeddings for the provided image...
2025-04-18 17:29:24,511 - INFO - Image embeddings computed.
2025-04-18 17:29:24,694 - INFO - For numpy array image, we assume (HxWxC) format
2025-04-18 17:29:24,703 - INFO - Computing image embeddings for the provided image...
2025-04-18 17:29:24,737 - INFO - Image embeddings computed.
2025-04-18 17:29:24,920 - INFO - For numpy array image, we assume (HxWxC) format
2025-04-18 17:29:24,929 - INFO - Computing image embeddings for the provided image...
2025-04-18 17:29:24,963 - INFO - Image embeddings computed.
2025-04-18 17:29:25,123 - INFO - Evaluation completed. Processed 17 samples successfully.
2025-04-18 17:29:25,124 - INFO - 
Model Comparison Results:
2025-04-18 17:29:25,124 - INFO - ================================================================================
2025-04-18 17:29:25,124 - INFO - Metric           Pre-trained   Fine-tuned  Improvement
2025-04-18 17:29:25,124 - INFO - --------------------------------------------------------------------------------
2025-04-18 17:29:25,124 - INFO - iou                   0.7404       0.9062        22.4%
2025-04-18 17:29:25,124 - INFO - dice                  0.7591       0.9247        21.8%
2025-04-18 17:29:25,124 - INFO - precision             0.9743       0.9785         0.4%
2025-04-18 17:29:25,124 - INFO - recall                0.7516       0.9229        22.8%
2025-04-18 17:29:25,124 - INFO - 
Detailed results saved to: ./comparison_results/comparison_results.json
2025-04-18 17:29:25,124 - INFO - Log file: ./comparison_results/logs/comparison_20250418_172910.log
