2025-04-18 17:35:25,101 - INFO - Logging initialized. Log file: ./comparison_results/logs/comparison_20250418_173525.log
2025-04-18 17:35:25,101 - INFO - Python version: 3.12.9 | packaged by Anaconda, Inc. | (main, Feb  6 2025, 18:56:27) [GCC 11.2.0]
2025-04-18 17:35:25,101 - INFO - PyTorch version: 2.6.0+cu124
2025-04-18 17:35:25,101 - INFO - OpenCV version: 4.11.0
2025-04-18 17:35:25,101 - INFO - Arguments: {'data_dir': '../data/davis-2017/DAVIS/', 'splits_dir': './dataset_splits', 'pretrained_checkpoint': '../checkpoints/sam2.1_hiera_large.pt', 'finetuned_checkpoint': './model_best.torch', 'model_cfg': '../configs/sam2.1/sam2.1_hiera_l.yaml', 'output_dir': './comparison_results', 'num_samples': -1, 'debug': False}
2025-04-18 17:35:25,143 - INFO - Using CUDA device: Tesla V100-SXM2-16GB
2025-04-18 17:35:25,143 - INFO - CUDA memory allocated: 0.00 GB
2025-04-18 17:35:25,144 - INFO - Loaded 17 samples from ./dataset_splits/val.json
2025-04-18 17:35:25,144 - INFO - 
Evaluating pre-trained model...
2025-04-18 17:35:25,144 - INFO - Loading model from ../checkpoints/sam2.1_hiera_large.pt
2025-04-18 17:35:25,144 - INFO - Loading as state dict: ../checkpoints/sam2.1_hiera_large.pt
2025-04-18 17:35:28,710 - INFO - Model loaded successfully
2025-04-18 17:35:28,739 - INFO - For numpy array image, we assume (HxWxC) format
2025-04-18 17:35:28,843 - INFO - Computing image embeddings for the provided image...
2025-04-18 17:35:29,181 - INFO - Image embeddings computed.
2025-04-18 17:35:29,372 - INFO - For numpy array image, we assume (HxWxC) format
2025-04-18 17:35:29,409 - INFO - Computing image embeddings for the provided image...
2025-04-18 17:35:29,447 - INFO - Image embeddings computed.
2025-04-18 17:35:29,634 - INFO - For numpy array image, we assume (HxWxC) format
2025-04-18 17:35:29,643 - INFO - Computing image embeddings for the provided image...
2025-04-18 17:35:29,681 - INFO - Image embeddings computed.
2025-04-18 17:35:29,861 - INFO - For numpy array image, we assume (HxWxC) format
2025-04-18 17:35:29,870 - INFO - Computing image embeddings for the provided image...
2025-04-18 17:35:29,908 - INFO - Image embeddings computed.
2025-04-18 17:35:30,088 - INFO - For numpy array image, we assume (HxWxC) format
2025-04-18 17:35:30,099 - INFO - Computing image embeddings for the provided image...
2025-04-18 17:35:30,136 - INFO - Image embeddings computed.
2025-04-18 17:35:30,316 - INFO - For numpy array image, we assume (HxWxC) format
2025-04-18 17:35:30,325 - INFO - Computing image embeddings for the provided image...
2025-04-18 17:35:30,366 - INFO - Image embeddings computed.
2025-04-18 17:35:30,544 - INFO - For numpy array image, we assume (HxWxC) format
2025-04-18 17:35:30,561 - INFO - Computing image embeddings for the provided image...
2025-04-18 17:35:30,598 - INFO - Image embeddings computed.
2025-04-18 17:35:30,778 - INFO - For numpy array image, we assume (HxWxC) format
2025-04-18 17:35:30,784 - INFO - Computing image embeddings for the provided image...
2025-04-18 17:35:30,822 - INFO - Image embeddings computed.
2025-04-18 17:35:31,002 - INFO - For numpy array image, we assume (HxWxC) format
2025-04-18 17:35:31,011 - INFO - Computing image embeddings for the provided image...
2025-04-18 17:35:31,049 - INFO - Image embeddings computed.
2025-04-18 17:35:31,229 - INFO - For numpy array image, we assume (HxWxC) format
2025-04-18 17:35:31,238 - INFO - Computing image embeddings for the provided image...
2025-04-18 17:35:31,275 - INFO - Image embeddings computed.
2025-04-18 17:35:31,455 - INFO - For numpy array image, we assume (HxWxC) format
2025-04-18 17:35:31,464 - INFO - Computing image embeddings for the provided image...
2025-04-18 17:35:31,502 - INFO - Image embeddings computed.
2025-04-18 17:35:31,681 - INFO - For numpy array image, we assume (HxWxC) format
2025-04-18 17:35:31,691 - INFO - Computing image embeddings for the provided image...
2025-04-18 17:35:31,728 - INFO - Image embeddings computed.
2025-04-18 17:35:31,909 - INFO - For numpy array image, we assume (HxWxC) format
2025-04-18 17:35:31,914 - INFO - Computing image embeddings for the provided image...
2025-04-18 17:35:31,952 - INFO - Image embeddings computed.
2025-04-18 17:35:32,132 - INFO - For numpy array image, we assume (HxWxC) format
2025-04-18 17:35:32,142 - INFO - Computing image embeddings for the provided image...
2025-04-18 17:35:32,180 - INFO - Image embeddings computed.
2025-04-18 17:35:32,360 - INFO - For numpy array image, we assume (HxWxC) format
2025-04-18 17:35:32,370 - INFO - Computing image embeddings for the provided image...
2025-04-18 17:35:32,407 - INFO - Image embeddings computed.
2025-04-18 17:35:32,587 - INFO - For numpy array image, we assume (HxWxC) format
2025-04-18 17:35:32,596 - INFO - Computing image embeddings for the provided image...
2025-04-18 17:35:32,634 - INFO - Image embeddings computed.
2025-04-18 17:35:32,814 - INFO - For numpy array image, we assume (HxWxC) format
2025-04-18 17:35:32,823 - INFO - Computing image embeddings for the provided image...
2025-04-18 17:35:32,861 - INFO - Image embeddings computed.
2025-04-18 17:35:33,018 - INFO - Evaluation completed. Processed 17 samples successfully.
2025-04-18 17:35:33,018 - INFO - 
Evaluating fine-tuned model...
2025-04-18 17:35:33,018 - INFO - Loading model from ./model_best.torch
2025-04-18 17:35:33,018 - INFO - Loading as state dict: ./model_best.torch
2025-04-18 17:35:36,138 - INFO - Model loaded successfully
2025-04-18 17:35:36,164 - INFO - For numpy array image, we assume (HxWxC) format
2025-04-18 17:35:36,173 - INFO - Computing image embeddings for the provided image...
2025-04-18 17:35:36,211 - INFO - Image embeddings computed.
2025-04-18 17:35:36,418 - INFO - For numpy array image, we assume (HxWxC) format
2025-04-18 17:35:36,427 - INFO - Computing image embeddings for the provided image...
2025-04-18 17:35:36,464 - INFO - Image embeddings computed.
2025-04-18 17:35:36,652 - INFO - For numpy array image, we assume (HxWxC) format
2025-04-18 17:35:36,661 - INFO - Computing image embeddings for the provided image...
2025-04-18 17:35:36,699 - INFO - Image embeddings computed.
2025-04-18 17:35:36,880 - INFO - For numpy array image, we assume (HxWxC) format
2025-04-18 17:35:36,890 - INFO - Computing image embeddings for the provided image...
2025-04-18 17:35:36,928 - INFO - Image embeddings computed.
2025-04-18 17:35:37,108 - INFO - For numpy array image, we assume (HxWxC) format
2025-04-18 17:35:37,117 - INFO - Computing image embeddings for the provided image...
2025-04-18 17:35:37,154 - INFO - Image embeddings computed.
2025-04-18 17:35:37,335 - INFO - For numpy array image, we assume (HxWxC) format
2025-04-18 17:35:37,344 - INFO - Computing image embeddings for the provided image...
2025-04-18 17:35:37,382 - INFO - Image embeddings computed.
2025-04-18 17:35:37,562 - INFO - For numpy array image, we assume (HxWxC) format
2025-04-18 17:35:37,571 - INFO - Computing image embeddings for the provided image...
2025-04-18 17:35:37,609 - INFO - Image embeddings computed.
2025-04-18 17:35:37,789 - INFO - For numpy array image, we assume (HxWxC) format
2025-04-18 17:35:37,798 - INFO - Computing image embeddings for the provided image...
2025-04-18 17:35:37,836 - INFO - Image embeddings computed.
2025-04-18 17:35:38,016 - INFO - For numpy array image, we assume (HxWxC) format
2025-04-18 17:35:38,025 - INFO - Computing image embeddings for the provided image...
2025-04-18 17:35:38,063 - INFO - Image embeddings computed.
2025-04-18 17:35:38,243 - INFO - For numpy array image, we assume (HxWxC) format
2025-04-18 17:35:38,253 - INFO - Computing image embeddings for the provided image...
2025-04-18 17:35:38,290 - INFO - Image embeddings computed.
2025-04-18 17:35:38,471 - INFO - For numpy array image, we assume (HxWxC) format
2025-04-18 17:35:38,480 - INFO - Computing image embeddings for the provided image...
2025-04-18 17:35:38,517 - INFO - Image embeddings computed.
2025-04-18 17:35:38,698 - INFO - For numpy array image, we assume (HxWxC) format
2025-04-18 17:35:38,707 - INFO - Computing image embeddings for the provided image...
2025-04-18 17:35:38,745 - INFO - Image embeddings computed.
2025-04-18 17:35:38,925 - INFO - For numpy array image, we assume (HxWxC) format
2025-04-18 17:35:38,934 - INFO - Computing image embeddings for the provided image...
2025-04-18 17:35:38,972 - INFO - Image embeddings computed.
2025-04-18 17:35:39,152 - INFO - For numpy array image, we assume (HxWxC) format
2025-04-18 17:35:39,161 - INFO - Computing image embeddings for the provided image...
2025-04-18 17:35:39,199 - INFO - Image embeddings computed.
2025-04-18 17:35:39,379 - INFO - For numpy array image, we assume (HxWxC) format
2025-04-18 17:35:39,389 - INFO - Computing image embeddings for the provided image...
2025-04-18 17:35:39,426 - INFO - Image embeddings computed.
2025-04-18 17:35:39,606 - INFO - For numpy array image, we assume (HxWxC) format
2025-04-18 17:35:39,616 - INFO - Computing image embeddings for the provided image...
2025-04-18 17:35:39,653 - INFO - Image embeddings computed.
2025-04-18 17:35:39,833 - INFO - For numpy array image, we assume (HxWxC) format
2025-04-18 17:35:39,842 - INFO - Computing image embeddings for the provided image...
2025-04-18 17:35:39,880 - INFO - Image embeddings computed.
2025-04-18 17:35:40,037 - INFO - Evaluation completed. Processed 17 samples successfully.
2025-04-18 17:35:40,038 - INFO - 
Model Comparison Results:
2025-04-18 17:35:40,038 - INFO - ================================================================================
2025-04-18 17:35:40,038 - INFO - Metric           Pre-trained   Fine-tuned  Improvement
2025-04-18 17:35:40,038 - INFO - --------------------------------------------------------------------------------
2025-04-18 17:35:40,038 - INFO - iou                   0.9609       0.9627         0.2%
2025-04-18 17:35:40,038 - INFO - dice                  0.9800       0.9810         0.1%
2025-04-18 17:35:40,038 - INFO - precision             0.9846       0.9815        -0.3%
2025-04-18 17:35:40,038 - INFO - recall                0.9756       0.9806         0.5%
2025-04-18 17:35:40,038 - INFO - 
Detailed results saved to: ./comparison_results/comparison_results.json
2025-04-18 17:35:40,038 - INFO - Log file: ./comparison_results/logs/comparison_20250418_173525.log
