2025-04-18 14:51:41,202 - INFO - Logging initialized. Log file: ./comparison_results/logs/comparison_20250418_145141.log
2025-04-18 14:51:41,202 - INFO - Python version: 3.12.9 | packaged by Anaconda, Inc. | (main, Feb  6 2025, 18:56:27) [GCC 11.2.0]
2025-04-18 14:51:41,203 - INFO - PyTorch version: 2.6.0+cu124
2025-04-18 14:51:41,203 - INFO - OpenCV version: 4.11.0
2025-04-18 14:51:41,203 - INFO - Arguments: {'data_dir': '../data/davis-2017/DAVIS/', 'splits_dir': './dataset_splits', 'pretrained_checkpoint': '../checkpoints/sam2.1_hiera_large.pt', 'finetuned_checkpoint': './model_best.torch', 'model_cfg': '../configs/sam2.1/sam2.1_hiera_l.yaml', 'output_dir': './comparison_results', 'num_samples': -1, 'debug': False}
2025-04-18 14:51:41,244 - INFO - Using CUDA device: Tesla V100-SXM2-16GB
2025-04-18 14:51:41,244 - INFO - CUDA memory allocated: 0.00 GB
2025-04-18 14:51:41,245 - INFO - Loaded 17 samples from ./dataset_splits/val.json
2025-04-18 14:51:41,245 - INFO - 
Evaluating pre-trained model...
2025-04-18 14:51:41,245 - INFO - Loading model from ../checkpoints/sam2.1_hiera_large.pt
2025-04-18 14:51:44,708 - INFO - Loaded checkpoint sucessfully
2025-04-18 14:51:45,167 - INFO - Model loaded successfully
2025-04-18 14:51:45,195 - INFO - For numpy array image, we assume (HxWxC) format
2025-04-18 14:51:45,301 - INFO - Computing image embeddings for the provided image...
2025-04-18 14:51:45,616 - INFO - Image embeddings computed.
2025-04-18 14:51:45,718 - INFO - For numpy array image, we assume (HxWxC) format
2025-04-18 14:51:45,753 - INFO - Computing image embeddings for the provided image...
2025-04-18 14:51:45,790 - INFO - Image embeddings computed.
2025-04-18 14:51:45,971 - INFO - For numpy array image, we assume (HxWxC) format
2025-04-18 14:51:45,980 - INFO - Computing image embeddings for the provided image...
2025-04-18 14:51:46,017 - INFO - Image embeddings computed.
2025-04-18 14:51:46,198 - INFO - For numpy array image, we assume (HxWxC) format
2025-04-18 14:51:46,209 - INFO - Computing image embeddings for the provided image...
2025-04-18 14:51:46,246 - INFO - Image embeddings computed.
2025-04-18 14:51:46,427 - INFO - For numpy array image, we assume (HxWxC) format
2025-04-18 14:51:46,436 - INFO - Computing image embeddings for the provided image...
2025-04-18 14:51:46,472 - INFO - Image embeddings computed.
2025-04-18 14:51:46,654 - INFO - For numpy array image, we assume (HxWxC) format
2025-04-18 14:51:46,663 - INFO - Computing image embeddings for the provided image...
2025-04-18 14:51:46,704 - INFO - Image embeddings computed.
2025-04-18 14:51:46,881 - INFO - For numpy array image, we assume (HxWxC) format
2025-04-18 14:51:46,890 - INFO - Computing image embeddings for the provided image...
2025-04-18 14:51:46,926 - INFO - Image embeddings computed.
2025-04-18 14:51:47,107 - INFO - For numpy array image, we assume (HxWxC) format
2025-04-18 14:51:47,116 - INFO - Computing image embeddings for the provided image...
2025-04-18 14:51:47,152 - INFO - Image embeddings computed.
2025-04-18 14:51:47,334 - INFO - For numpy array image, we assume (HxWxC) format
2025-04-18 14:51:47,343 - INFO - Computing image embeddings for the provided image...
2025-04-18 14:51:47,379 - INFO - Image embeddings computed.
2025-04-18 14:51:47,560 - INFO - For numpy array image, we assume (HxWxC) format
2025-04-18 14:51:47,569 - INFO - Computing image embeddings for the provided image...
2025-04-18 14:51:47,605 - INFO - Image embeddings computed.
2025-04-18 14:51:47,786 - INFO - For numpy array image, we assume (HxWxC) format
2025-04-18 14:51:47,795 - INFO - Computing image embeddings for the provided image...
2025-04-18 14:51:47,832 - INFO - Image embeddings computed.
2025-04-18 14:51:48,013 - INFO - For numpy array image, we assume (HxWxC) format
2025-04-18 14:51:48,022 - INFO - Computing image embeddings for the provided image...
2025-04-18 14:51:48,058 - INFO - Image embeddings computed.
2025-04-18 14:51:48,239 - INFO - For numpy array image, we assume (HxWxC) format
2025-04-18 14:51:48,248 - INFO - Computing image embeddings for the provided image...
2025-04-18 14:51:48,285 - INFO - Image embeddings computed.
2025-04-18 14:51:48,466 - INFO - For numpy array image, we assume (HxWxC) format
2025-04-18 14:51:48,475 - INFO - Computing image embeddings for the provided image...
2025-04-18 14:51:48,512 - INFO - Image embeddings computed.
2025-04-18 14:51:48,692 - INFO - For numpy array image, we assume (HxWxC) format
2025-04-18 14:51:48,701 - INFO - Computing image embeddings for the provided image...
2025-04-18 14:51:48,737 - INFO - Image embeddings computed.
2025-04-18 14:51:48,918 - INFO - For numpy array image, we assume (HxWxC) format
2025-04-18 14:51:48,928 - INFO - Computing image embeddings for the provided image...
2025-04-18 14:51:48,964 - INFO - Image embeddings computed.
2025-04-18 14:51:49,145 - INFO - For numpy array image, we assume (HxWxC) format
2025-04-18 14:51:49,154 - INFO - Computing image embeddings for the provided image...
2025-04-18 14:51:49,190 - INFO - Image embeddings computed.
2025-04-18 14:51:49,348 - INFO - Evaluation completed. Processed 17 samples successfully.
2025-04-18 14:51:49,349 - INFO - 
Evaluating fine-tuned model...
2025-04-18 14:51:49,349 - INFO - Loading model from ./model_best.torch
2025-04-18 14:51:52,482 - ERROR - Error loading model: 'model'
2025-04-18 14:51:52,483 - ERROR - Traceback (most recent call last):
  File "/home/ubuntu/code/drew/experiments/e2e_sam2/train_sam2/compare_models.py", line 99, in load_model
    model = build_sam2(model_cfg, checkpoint_path, device=device)
            ^^^^^^^^^^^^^^^^^^^^^^^^^^^^^^^^^^^^^^^^^^^^^^^^^^^^^
  File "/home/ubuntu/code/drew/sam2/sam2/build_sam.py", line 93, in build_sam2
    _load_checkpoint(model, ckpt_path)
  File "/home/ubuntu/code/drew/sam2/sam2/build_sam.py", line 166, in _load_checkpoint
    sd = torch.load(ckpt_path, map_location="cpu", weights_only=True)["model"]
         ~~~~~~~~~~~~~~~~~~~~~~~~~~~~~~~~~~~~~~~~~~~~~~~~~~~~~~~~~~~~^^^^^^^^^
KeyError: 'model'

2025-04-18 14:51:52,483 - ERROR - Fatal error in main execution:
2025-04-18 14:51:52,483 - ERROR - 'model'
2025-04-18 14:51:52,484 - ERROR - Traceback (most recent call last):
  File "/home/ubuntu/code/drew/experiments/e2e_sam2/train_sam2/compare_models.py", line 317, in main
    finetuned_predictor = load_model(args.finetuned_checkpoint, args.model_cfg, device)
                          ^^^^^^^^^^^^^^^^^^^^^^^^^^^^^^^^^^^^^^^^^^^^^^^^^^^^^^^^^^^^^
  File "/home/ubuntu/code/drew/experiments/e2e_sam2/train_sam2/compare_models.py", line 99, in load_model
    model = build_sam2(model_cfg, checkpoint_path, device=device)
            ^^^^^^^^^^^^^^^^^^^^^^^^^^^^^^^^^^^^^^^^^^^^^^^^^^^^^
  File "/home/ubuntu/code/drew/sam2/sam2/build_sam.py", line 93, in build_sam2
    _load_checkpoint(model, ckpt_path)
  File "/home/ubuntu/code/drew/sam2/sam2/build_sam.py", line 166, in _load_checkpoint
    sd = torch.load(ckpt_path, map_location="cpu", weights_only=True)["model"]
         ~~~~~~~~~~~~~~~~~~~~~~~~~~~~~~~~~~~~~~~~~~~~~~~~~~~~~~~~~~~~^^^^^^^^^
KeyError: 'model'

