2025-04-18 18:41:45,755 - INFO - Logging initialized. Log file: ./comparison_results/logs/comparison_20250418_184145.log
2025-04-18 18:41:45,756 - INFO - Python version: 3.12.9 | packaged by Anaconda, Inc. | (main, Feb  6 2025, 18:56:27) [GCC 11.2.0]
2025-04-18 18:41:45,756 - INFO - PyTorch version: 2.6.0+cu124
2025-04-18 18:41:45,756 - INFO - OpenCV version: 4.11.0
2025-04-18 18:41:45,756 - INFO - Arguments: {'data_dir': '../data/davis-2017/DAVIS/', 'splits_dir': './dataset_splits', 'pretrained_checkpoint': '../checkpoints/sam2.1_hiera_large.pt', 'finetuned_checkpoint': './model_best.torch', 'model_cfg': '../configs/sam2.1/sam2.1_hiera_l.yaml', 'output_dir': './comparison_results', 'num_samples': -1, 'debug': False}
2025-04-18 18:41:45,799 - INFO - Using CUDA device: Tesla V100-SXM2-16GB
2025-04-18 18:41:45,799 - INFO - CUDA memory allocated: 0.00 GB
2025-04-18 18:41:45,799 - INFO - Loaded 17 samples from ./dataset_splits/val.json
2025-04-18 18:41:45,800 - INFO - 
Evaluating pre-trained model...
2025-04-18 18:41:45,800 - INFO - Loading model from ../checkpoints/sam2.1_hiera_large.pt
2025-04-18 18:41:45,800 - INFO - Loading as state dict: ../checkpoints/sam2.1_hiera_large.pt
2025-04-18 18:41:49,422 - INFO - Model loaded successfully
2025-04-18 18:41:49,451 - INFO - For numpy array image, we assume (HxWxC) format
2025-04-18 18:41:49,562 - INFO - Computing image embeddings for the provided image...
2025-04-18 18:41:49,905 - INFO - Image embeddings computed.
2025-04-18 18:41:50,092 - INFO - For numpy array image, we assume (HxWxC) format
2025-04-18 18:41:50,129 - INFO - Computing image embeddings for the provided image...
2025-04-18 18:41:50,165 - INFO - Image embeddings computed.
2025-04-18 18:41:50,352 - INFO - For numpy array image, we assume (HxWxC) format
2025-04-18 18:41:50,361 - INFO - Computing image embeddings for the provided image...
2025-04-18 18:41:50,397 - INFO - Image embeddings computed.
2025-04-18 18:41:50,579 - INFO - For numpy array image, we assume (HxWxC) format
2025-04-18 18:41:50,588 - INFO - Computing image embeddings for the provided image...
2025-04-18 18:41:50,624 - INFO - Image embeddings computed.
2025-04-18 18:41:50,805 - INFO - For numpy array image, we assume (HxWxC) format
2025-04-18 18:41:50,815 - INFO - Computing image embeddings for the provided image...
2025-04-18 18:41:50,851 - INFO - Image embeddings computed.
2025-04-18 18:41:51,033 - INFO - For numpy array image, we assume (HxWxC) format
2025-04-18 18:41:51,042 - INFO - Computing image embeddings for the provided image...
2025-04-18 18:41:51,078 - INFO - Image embeddings computed.
2025-04-18 18:41:51,259 - INFO - For numpy array image, we assume (HxWxC) format
2025-04-18 18:41:51,269 - INFO - Computing image embeddings for the provided image...
2025-04-18 18:41:51,305 - INFO - Image embeddings computed.
2025-04-18 18:41:51,487 - INFO - For numpy array image, we assume (HxWxC) format
2025-04-18 18:41:51,498 - INFO - Computing image embeddings for the provided image...
2025-04-18 18:41:51,535 - INFO - Image embeddings computed.
2025-04-18 18:41:51,718 - INFO - For numpy array image, we assume (HxWxC) format
2025-04-18 18:41:51,735 - INFO - Computing image embeddings for the provided image...
2025-04-18 18:41:51,771 - INFO - Image embeddings computed.
2025-04-18 18:41:51,955 - INFO - For numpy array image, we assume (HxWxC) format
2025-04-18 18:41:51,972 - INFO - Computing image embeddings for the provided image...
2025-04-18 18:41:52,008 - INFO - Image embeddings computed.
2025-04-18 18:41:52,189 - INFO - For numpy array image, we assume (HxWxC) format
2025-04-18 18:41:52,200 - INFO - Computing image embeddings for the provided image...
2025-04-18 18:41:52,237 - INFO - Image embeddings computed.
2025-04-18 18:41:52,418 - INFO - For numpy array image, we assume (HxWxC) format
2025-04-18 18:41:52,427 - INFO - Computing image embeddings for the provided image...
2025-04-18 18:41:52,463 - INFO - Image embeddings computed.
2025-04-18 18:41:52,644 - INFO - For numpy array image, we assume (HxWxC) format
2025-04-18 18:41:52,653 - INFO - Computing image embeddings for the provided image...
2025-04-18 18:41:52,689 - INFO - Image embeddings computed.
2025-04-18 18:41:52,871 - INFO - For numpy array image, we assume (HxWxC) format
2025-04-18 18:41:52,880 - INFO - Computing image embeddings for the provided image...
2025-04-18 18:41:52,916 - INFO - Image embeddings computed.
2025-04-18 18:41:53,101 - INFO - For numpy array image, we assume (HxWxC) format
2025-04-18 18:41:53,118 - INFO - Computing image embeddings for the provided image...
2025-04-18 18:41:53,154 - INFO - Image embeddings computed.
2025-04-18 18:41:53,335 - INFO - For numpy array image, we assume (HxWxC) format
2025-04-18 18:41:53,346 - INFO - Computing image embeddings for the provided image...
2025-04-18 18:41:53,382 - INFO - Image embeddings computed.
2025-04-18 18:41:53,564 - INFO - For numpy array image, we assume (HxWxC) format
2025-04-18 18:41:53,575 - INFO - Computing image embeddings for the provided image...
2025-04-18 18:41:53,611 - INFO - Image embeddings computed.
2025-04-18 18:41:53,771 - INFO - Evaluation completed. Processed 17 samples successfully.
2025-04-18 18:41:53,771 - INFO - 
Evaluating fine-tuned model...
2025-04-18 18:41:53,771 - INFO - Loading model from ./model_best.torch
2025-04-18 18:41:53,771 - INFO - Loading as state dict: ./model_best.torch
2025-04-18 18:41:56,881 - INFO - Model loaded successfully
2025-04-18 18:41:56,907 - INFO - For numpy array image, we assume (HxWxC) format
2025-04-18 18:41:56,917 - INFO - Computing image embeddings for the provided image...
2025-04-18 18:41:56,953 - INFO - Image embeddings computed.
2025-04-18 18:41:57,135 - INFO - For numpy array image, we assume (HxWxC) format
2025-04-18 18:41:57,144 - INFO - Computing image embeddings for the provided image...
2025-04-18 18:41:57,180 - INFO - Image embeddings computed.
2025-04-18 18:41:57,361 - INFO - For numpy array image, we assume (HxWxC) format
2025-04-18 18:41:57,371 - INFO - Computing image embeddings for the provided image...
2025-04-18 18:41:57,407 - INFO - Image embeddings computed.
2025-04-18 18:41:57,588 - INFO - For numpy array image, we assume (HxWxC) format
2025-04-18 18:41:57,594 - INFO - Computing image embeddings for the provided image...
2025-04-18 18:41:57,630 - INFO - Image embeddings computed.
2025-04-18 18:41:57,811 - INFO - For numpy array image, we assume (HxWxC) format
2025-04-18 18:41:57,821 - INFO - Computing image embeddings for the provided image...
2025-04-18 18:41:57,857 - INFO - Image embeddings computed.
2025-04-18 18:41:58,038 - INFO - For numpy array image, we assume (HxWxC) format
2025-04-18 18:41:58,047 - INFO - Computing image embeddings for the provided image...
2025-04-18 18:41:58,083 - INFO - Image embeddings computed.
2025-04-18 18:41:58,266 - INFO - For numpy array image, we assume (HxWxC) format
2025-04-18 18:41:58,275 - INFO - Computing image embeddings for the provided image...
2025-04-18 18:41:58,311 - INFO - Image embeddings computed.
2025-04-18 18:41:58,492 - INFO - For numpy array image, we assume (HxWxC) format
2025-04-18 18:41:58,502 - INFO - Computing image embeddings for the provided image...
2025-04-18 18:41:58,537 - INFO - Image embeddings computed.
2025-04-18 18:41:58,719 - INFO - For numpy array image, we assume (HxWxC) format
2025-04-18 18:41:58,728 - INFO - Computing image embeddings for the provided image...
2025-04-18 18:41:58,764 - INFO - Image embeddings computed.
2025-04-18 18:41:58,946 - INFO - For numpy array image, we assume (HxWxC) format
2025-04-18 18:41:58,955 - INFO - Computing image embeddings for the provided image...
2025-04-18 18:41:58,991 - INFO - Image embeddings computed.
2025-04-18 18:41:59,173 - INFO - For numpy array image, we assume (HxWxC) format
2025-04-18 18:41:59,182 - INFO - Computing image embeddings for the provided image...
2025-04-18 18:41:59,218 - INFO - Image embeddings computed.
2025-04-18 18:41:59,399 - INFO - For numpy array image, we assume (HxWxC) format
2025-04-18 18:41:59,409 - INFO - Computing image embeddings for the provided image...
2025-04-18 18:41:59,445 - INFO - Image embeddings computed.
2025-04-18 18:41:59,626 - INFO - For numpy array image, we assume (HxWxC) format
2025-04-18 18:41:59,635 - INFO - Computing image embeddings for the provided image...
2025-04-18 18:41:59,671 - INFO - Image embeddings computed.
2025-04-18 18:41:59,852 - INFO - For numpy array image, we assume (HxWxC) format
2025-04-18 18:41:59,861 - INFO - Computing image embeddings for the provided image...
2025-04-18 18:41:59,897 - INFO - Image embeddings computed.
2025-04-18 18:42:00,079 - INFO - For numpy array image, we assume (HxWxC) format
2025-04-18 18:42:00,088 - INFO - Computing image embeddings for the provided image...
2025-04-18 18:42:00,124 - INFO - Image embeddings computed.
2025-04-18 18:42:00,306 - INFO - For numpy array image, we assume (HxWxC) format
2025-04-18 18:42:00,315 - INFO - Computing image embeddings for the provided image...
2025-04-18 18:42:00,351 - INFO - Image embeddings computed.
2025-04-18 18:42:00,533 - INFO - For numpy array image, we assume (HxWxC) format
2025-04-18 18:42:00,542 - INFO - Computing image embeddings for the provided image...
2025-04-18 18:42:00,578 - INFO - Image embeddings computed.
2025-04-18 18:42:00,737 - INFO - Evaluation completed. Processed 17 samples successfully.
2025-04-18 18:42:00,738 - INFO - 
Model Comparison Results:
2025-04-18 18:42:00,738 - INFO - ================================================================================
2025-04-18 18:42:00,738 - INFO - Metric           Pre-trained   Fine-tuned  Improvement
2025-04-18 18:42:00,738 - INFO - --------------------------------------------------------------------------------
2025-04-18 18:42:00,738 - INFO - iou                   0.9066       0.9627         6.2%
2025-04-18 18:42:00,738 - INFO - dice                  0.9245       0.9810         6.1%
2025-04-18 18:42:00,739 - INFO - precision             0.9824       0.9814        -0.1%
2025-04-18 18:42:00,739 - INFO - recall                0.9210       0.9806         6.5%
2025-04-18 18:42:00,739 - INFO - 
Detailed results saved to: ./comparison_results/comparison_results.json
2025-04-18 18:42:00,739 - INFO - Log file: ./comparison_results/logs/comparison_20250418_184145.log
