2025-04-18 17:48:09,562 - INFO - Logging initialized. Log file: ./comparison_results/logs/comparison_20250418_174809.log
2025-04-18 17:48:09,562 - INFO - Python version: 3.12.9 | packaged by Anaconda, Inc. | (main, Feb  6 2025, 18:56:27) [GCC 11.2.0]
2025-04-18 17:48:09,563 - INFO - PyTorch version: 2.6.0+cu124
2025-04-18 17:48:09,563 - INFO - OpenCV version: 4.11.0
2025-04-18 17:48:09,563 - INFO - Arguments: {'data_dir': '../data/davis-2017/DAVIS/', 'splits_dir': './dataset_splits', 'pretrained_checkpoint': '../checkpoints/sam2.1_hiera_large.pt', 'finetuned_checkpoint': './model_best.torch', 'model_cfg': '../configs/sam2.1/sam2.1_hiera_l.yaml', 'output_dir': './comparison_results', 'num_samples': -1, 'debug': False}
2025-04-18 17:48:09,605 - INFO - Using CUDA device: Tesla V100-SXM2-16GB
2025-04-18 17:48:09,606 - INFO - CUDA memory allocated: 0.00 GB
2025-04-18 17:48:09,606 - INFO - Loaded 17 samples from ./dataset_splits/val.json
2025-04-18 17:48:09,606 - INFO - 
Evaluating pre-trained model...
2025-04-18 17:48:09,606 - INFO - Loading model from ../checkpoints/sam2.1_hiera_large.pt
2025-04-18 17:48:09,607 - INFO - Loading as state dict: ../checkpoints/sam2.1_hiera_large.pt
2025-04-18 17:48:13,172 - INFO - Model loaded successfully
2025-04-18 17:48:13,201 - INFO - For numpy array image, we assume (HxWxC) format
2025-04-18 17:48:13,307 - INFO - Computing image embeddings for the provided image...
2025-04-18 17:48:13,640 - INFO - Image embeddings computed.
2025-04-18 17:48:13,830 - INFO - For numpy array image, we assume (HxWxC) format
2025-04-18 17:48:13,866 - INFO - Computing image embeddings for the provided image...
2025-04-18 17:48:13,902 - INFO - Image embeddings computed.
2025-04-18 17:48:14,087 - INFO - For numpy array image, we assume (HxWxC) format
2025-04-18 17:48:14,097 - INFO - Computing image embeddings for the provided image...
2025-04-18 17:48:14,131 - INFO - Image embeddings computed.
2025-04-18 17:48:14,318 - INFO - For numpy array image, we assume (HxWxC) format
2025-04-18 17:48:14,327 - INFO - Computing image embeddings for the provided image...
2025-04-18 17:48:14,362 - INFO - Image embeddings computed.
2025-04-18 17:48:14,544 - INFO - For numpy array image, we assume (HxWxC) format
2025-04-18 17:48:14,555 - INFO - Computing image embeddings for the provided image...
2025-04-18 17:48:14,589 - INFO - Image embeddings computed.
2025-04-18 17:48:14,774 - INFO - For numpy array image, we assume (HxWxC) format
2025-04-18 17:48:14,791 - INFO - Computing image embeddings for the provided image...
2025-04-18 17:48:14,826 - INFO - Image embeddings computed.
2025-04-18 17:48:15,008 - INFO - For numpy array image, we assume (HxWxC) format
2025-04-18 17:48:15,017 - INFO - Computing image embeddings for the provided image...
2025-04-18 17:48:15,051 - INFO - Image embeddings computed.
2025-04-18 17:48:15,238 - INFO - For numpy array image, we assume (HxWxC) format
2025-04-18 17:48:15,255 - INFO - Computing image embeddings for the provided image...
2025-04-18 17:48:15,289 - INFO - Image embeddings computed.
2025-04-18 17:48:15,472 - INFO - For numpy array image, we assume (HxWxC) format
2025-04-18 17:48:15,481 - INFO - Computing image embeddings for the provided image...
2025-04-18 17:48:15,515 - INFO - Image embeddings computed.
2025-04-18 17:48:15,698 - INFO - For numpy array image, we assume (HxWxC) format
2025-04-18 17:48:15,707 - INFO - Computing image embeddings for the provided image...
2025-04-18 17:48:15,741 - INFO - Image embeddings computed.
2025-04-18 17:48:15,923 - INFO - For numpy array image, we assume (HxWxC) format
2025-04-18 17:48:15,932 - INFO - Computing image embeddings for the provided image...
2025-04-18 17:48:15,967 - INFO - Image embeddings computed.
2025-04-18 17:48:16,153 - INFO - For numpy array image, we assume (HxWxC) format
2025-04-18 17:48:16,169 - INFO - Computing image embeddings for the provided image...
2025-04-18 17:48:16,205 - INFO - Image embeddings computed.
2025-04-18 17:48:16,387 - INFO - For numpy array image, we assume (HxWxC) format
2025-04-18 17:48:16,398 - INFO - Computing image embeddings for the provided image...
2025-04-18 17:48:16,435 - INFO - Image embeddings computed.
2025-04-18 17:48:16,617 - INFO - For numpy array image, we assume (HxWxC) format
2025-04-18 17:48:16,634 - INFO - Computing image embeddings for the provided image...
2025-04-18 17:48:16,670 - INFO - Image embeddings computed.
2025-04-18 17:48:16,851 - INFO - For numpy array image, we assume (HxWxC) format
2025-04-18 17:48:16,862 - INFO - Computing image embeddings for the provided image...
2025-04-18 17:48:16,899 - INFO - Image embeddings computed.
2025-04-18 17:48:17,079 - INFO - For numpy array image, we assume (HxWxC) format
2025-04-18 17:48:17,092 - INFO - Computing image embeddings for the provided image...
2025-04-18 17:48:17,128 - INFO - Image embeddings computed.
2025-04-18 17:48:17,310 - INFO - For numpy array image, we assume (HxWxC) format
2025-04-18 17:48:17,327 - INFO - Computing image embeddings for the provided image...
2025-04-18 17:48:17,364 - INFO - Image embeddings computed.
2025-04-18 17:48:17,525 - INFO - Evaluation completed. Processed 17 samples successfully.
2025-04-18 17:48:17,525 - INFO - 
Evaluating fine-tuned model...
2025-04-18 17:48:17,525 - INFO - Loading model from ./model_best.torch
2025-04-18 17:48:17,525 - INFO - Loading as state dict: ./model_best.torch
2025-04-18 17:48:20,696 - INFO - Model loaded successfully
2025-04-18 17:48:20,722 - INFO - For numpy array image, we assume (HxWxC) format
2025-04-18 17:48:20,731 - INFO - Computing image embeddings for the provided image...
2025-04-18 17:48:20,767 - INFO - Image embeddings computed.
2025-04-18 17:48:20,948 - INFO - For numpy array image, we assume (HxWxC) format
2025-04-18 17:48:20,958 - INFO - Computing image embeddings for the provided image...
2025-04-18 17:48:20,994 - INFO - Image embeddings computed.
2025-04-18 17:48:21,175 - INFO - For numpy array image, we assume (HxWxC) format
2025-04-18 17:48:21,184 - INFO - Computing image embeddings for the provided image...
2025-04-18 17:48:21,221 - INFO - Image embeddings computed.
2025-04-18 17:48:21,402 - INFO - For numpy array image, we assume (HxWxC) format
2025-04-18 17:48:21,411 - INFO - Computing image embeddings for the provided image...
2025-04-18 17:48:21,448 - INFO - Image embeddings computed.
2025-04-18 17:48:21,629 - INFO - For numpy array image, we assume (HxWxC) format
2025-04-18 17:48:21,638 - INFO - Computing image embeddings for the provided image...
2025-04-18 17:48:21,674 - INFO - Image embeddings computed.
2025-04-18 17:48:21,856 - INFO - For numpy array image, we assume (HxWxC) format
2025-04-18 17:48:21,865 - INFO - Computing image embeddings for the provided image...
2025-04-18 17:48:21,901 - INFO - Image embeddings computed.
2025-04-18 17:48:22,083 - INFO - For numpy array image, we assume (HxWxC) format
2025-04-18 17:48:22,092 - INFO - Computing image embeddings for the provided image...
2025-04-18 17:48:22,128 - INFO - Image embeddings computed.
2025-04-18 17:48:22,309 - INFO - For numpy array image, we assume (HxWxC) format
2025-04-18 17:48:22,318 - INFO - Computing image embeddings for the provided image...
2025-04-18 17:48:22,355 - INFO - Image embeddings computed.
2025-04-18 17:48:22,537 - INFO - For numpy array image, we assume (HxWxC) format
2025-04-18 17:48:22,546 - INFO - Computing image embeddings for the provided image...
2025-04-18 17:48:22,583 - INFO - Image embeddings computed.
2025-04-18 17:48:22,764 - INFO - For numpy array image, we assume (HxWxC) format
2025-04-18 17:48:22,773 - INFO - Computing image embeddings for the provided image...
2025-04-18 17:48:22,810 - INFO - Image embeddings computed.
2025-04-18 17:48:22,991 - INFO - For numpy array image, we assume (HxWxC) format
2025-04-18 17:48:23,000 - INFO - Computing image embeddings for the provided image...
2025-04-18 17:48:23,036 - INFO - Image embeddings computed.
2025-04-18 17:48:23,218 - INFO - For numpy array image, we assume (HxWxC) format
2025-04-18 17:48:23,227 - INFO - Computing image embeddings for the provided image...
2025-04-18 17:48:23,263 - INFO - Image embeddings computed.
2025-04-18 17:48:23,444 - INFO - For numpy array image, we assume (HxWxC) format
2025-04-18 17:48:23,454 - INFO - Computing image embeddings for the provided image...
2025-04-18 17:48:23,490 - INFO - Image embeddings computed.
2025-04-18 17:48:23,671 - INFO - For numpy array image, we assume (HxWxC) format
2025-04-18 17:48:23,681 - INFO - Computing image embeddings for the provided image...
2025-04-18 17:48:23,717 - INFO - Image embeddings computed.
2025-04-18 17:48:23,898 - INFO - For numpy array image, we assume (HxWxC) format
2025-04-18 17:48:23,907 - INFO - Computing image embeddings for the provided image...
2025-04-18 17:48:23,943 - INFO - Image embeddings computed.
2025-04-18 17:48:24,124 - INFO - For numpy array image, we assume (HxWxC) format
2025-04-18 17:48:24,133 - INFO - Computing image embeddings for the provided image...
2025-04-18 17:48:24,170 - INFO - Image embeddings computed.
2025-04-18 17:48:24,351 - INFO - For numpy array image, we assume (HxWxC) format
2025-04-18 17:48:24,360 - INFO - Computing image embeddings for the provided image...
2025-04-18 17:48:24,396 - INFO - Image embeddings computed.
2025-04-18 17:48:24,554 - INFO - Evaluation completed. Processed 17 samples successfully.
2025-04-18 17:48:24,555 - INFO - 
Model Comparison Results:
2025-04-18 17:48:24,555 - INFO - ================================================================================
2025-04-18 17:48:24,556 - INFO - Metric           Pre-trained   Fine-tuned  Improvement
2025-04-18 17:48:24,556 - INFO - --------------------------------------------------------------------------------
2025-04-18 17:48:24,556 - INFO - iou                   0.9619       0.9616        -0.0%
2025-04-18 17:48:24,556 - INFO - dice                  0.9806       0.9804        -0.0%
2025-04-18 17:48:24,556 - INFO - precision             0.9842       0.9813        -0.3%
2025-04-18 17:48:24,556 - INFO - recall                0.9770       0.9796         0.3%
2025-04-18 17:48:24,556 - INFO - 
Detailed results saved to: ./comparison_results/comparison_results.json
2025-04-18 17:48:24,556 - INFO - Log file: ./comparison_results/logs/comparison_20250418_174809.log
