2025-04-17 21:47:52,450 - INFO - Logging initialized. Log file: ./comparison_results/logs/comparison_20250417_214752.log
2025-04-17 21:47:52,451 - INFO - Python version: 3.12.9 | packaged by Anaconda, Inc. | (main, Feb  6 2025, 18:56:27) [GCC 11.2.0]
2025-04-17 21:47:52,451 - INFO - PyTorch version: 2.6.0+cu124
2025-04-17 21:47:52,451 - INFO - OpenCV version: 4.11.0
2025-04-17 21:47:52,451 - INFO - Arguments: {'data_dir': '../data/davis-2017/DAVIS/', 'splits_dir': './dataset_splits', 'pretrained_checkpoint': '../checkpoints/sam2.1_hiera_large.pt', 'finetuned_checkpoint': './model_best.torch', 'model_cfg': '../configs/sam2.1/sam2.1_hiera_l.yaml', 'output_dir': './comparison_results', 'num_samples': -1, 'debug': False}
2025-04-17 21:47:52,493 - INFO - Using CUDA device: Tesla V100-SXM2-16GB
2025-04-17 21:47:52,493 - INFO - CUDA memory allocated: 0.00 GB
2025-04-17 21:47:52,493 - INFO - Loaded 17 samples from ./dataset_splits/val.json
2025-04-17 21:47:52,493 - INFO - 
Evaluating pre-trained model...
2025-04-17 21:47:52,493 - INFO - Loading model from ../checkpoints/sam2.1_hiera_large.pt
2025-04-17 21:47:55,900 - INFO - Loaded checkpoint sucessfully
2025-04-17 21:47:56,365 - INFO - Model loaded successfully
2025-04-17 21:47:56,393 - INFO - For numpy array image, we assume (HxWxC) format
2025-04-17 21:47:56,495 - INFO - Computing image embeddings for the provided image...
2025-04-17 21:47:56,819 - INFO - Image embeddings computed.
2025-04-17 21:47:56,922 - INFO - For numpy array image, we assume (HxWxC) format
2025-04-17 21:47:56,953 - INFO - Computing image embeddings for the provided image...
2025-04-17 21:47:56,990 - INFO - Image embeddings computed.
2025-04-17 21:47:57,181 - INFO - For numpy array image, we assume (HxWxC) format
2025-04-17 21:47:57,187 - INFO - Computing image embeddings for the provided image...
2025-04-17 21:47:57,224 - INFO - Image embeddings computed.
2025-04-17 21:47:57,405 - INFO - For numpy array image, we assume (HxWxC) format
2025-04-17 21:47:57,413 - INFO - Computing image embeddings for the provided image...
2025-04-17 21:47:57,449 - INFO - Image embeddings computed.
2025-04-17 21:47:57,630 - INFO - For numpy array image, we assume (HxWxC) format
2025-04-17 21:47:57,636 - INFO - Computing image embeddings for the provided image...
2025-04-17 21:47:57,672 - INFO - Image embeddings computed.
2025-04-17 21:47:57,854 - INFO - For numpy array image, we assume (HxWxC) format
2025-04-17 21:47:57,863 - INFO - Computing image embeddings for the provided image...
2025-04-17 21:47:57,900 - INFO - Image embeddings computed.
2025-04-17 21:47:58,081 - INFO - For numpy array image, we assume (HxWxC) format
2025-04-17 21:47:58,087 - INFO - Computing image embeddings for the provided image...
2025-04-17 21:47:58,123 - INFO - Image embeddings computed.
2025-04-17 21:47:58,305 - INFO - For numpy array image, we assume (HxWxC) format
2025-04-17 21:47:58,310 - INFO - Computing image embeddings for the provided image...
2025-04-17 21:47:58,347 - INFO - Image embeddings computed.
2025-04-17 21:47:58,528 - INFO - For numpy array image, we assume (HxWxC) format
2025-04-17 21:47:58,537 - INFO - Computing image embeddings for the provided image...
2025-04-17 21:47:58,573 - INFO - Image embeddings computed.
2025-04-17 21:47:58,755 - INFO - For numpy array image, we assume (HxWxC) format
2025-04-17 21:47:58,764 - INFO - Computing image embeddings for the provided image...
2025-04-17 21:47:58,800 - INFO - Image embeddings computed.
2025-04-17 21:47:58,981 - INFO - For numpy array image, we assume (HxWxC) format
2025-04-17 21:47:58,990 - INFO - Computing image embeddings for the provided image...
2025-04-17 21:47:59,027 - INFO - Image embeddings computed.
2025-04-17 21:47:59,208 - INFO - For numpy array image, we assume (HxWxC) format
2025-04-17 21:47:59,217 - INFO - Computing image embeddings for the provided image...
2025-04-17 21:47:59,253 - INFO - Image embeddings computed.
2025-04-17 21:47:59,435 - INFO - For numpy array image, we assume (HxWxC) format
2025-04-17 21:47:59,444 - INFO - Computing image embeddings for the provided image...
2025-04-17 21:47:59,480 - INFO - Image embeddings computed.
2025-04-17 21:47:59,662 - INFO - For numpy array image, we assume (HxWxC) format
2025-04-17 21:47:59,671 - INFO - Computing image embeddings for the provided image...
2025-04-17 21:47:59,707 - INFO - Image embeddings computed.
2025-04-17 21:47:59,888 - INFO - For numpy array image, we assume (HxWxC) format
2025-04-17 21:47:59,898 - INFO - Computing image embeddings for the provided image...
2025-04-17 21:47:59,934 - INFO - Image embeddings computed.
2025-04-17 21:48:00,115 - INFO - For numpy array image, we assume (HxWxC) format
2025-04-17 21:48:00,125 - INFO - Computing image embeddings for the provided image...
2025-04-17 21:48:00,161 - INFO - Image embeddings computed.
2025-04-17 21:48:00,343 - INFO - For numpy array image, we assume (HxWxC) format
2025-04-17 21:48:00,352 - INFO - Computing image embeddings for the provided image...
2025-04-17 21:48:00,389 - INFO - Image embeddings computed.
2025-04-17 21:48:00,547 - INFO - Evaluation completed. Processed 17 samples successfully.
2025-04-17 21:48:00,547 - INFO - 
Evaluating fine-tuned model...
2025-04-17 21:48:00,547 - INFO - Loading model from ./model_best.torch
2025-04-17 21:48:03,904 - ERROR - Error loading model: 'model'
2025-04-17 21:48:03,905 - ERROR - Traceback (most recent call last):
  File "/home/ubuntu/code/drew/experiments/e2e_sam2/train_sam2/compare_models.py", line 99, in load_model
    model = build_sam2(model_cfg, checkpoint_path, device=device)
            ^^^^^^^^^^^^^^^^^^^^^^^^^^^^^^^^^^^^^^^^^^^^^^^^^^^^^
  File "/home/ubuntu/code/drew/sam2/sam2/build_sam.py", line 93, in build_sam2
    _load_checkpoint(model, ckpt_path)
  File "/home/ubuntu/code/drew/sam2/sam2/build_sam.py", line 166, in _load_checkpoint
    sd = torch.load(ckpt_path, map_location="cpu", weights_only=True)["model"]
         ~~~~~~~~~~~~~~~~~~~~~~~~~~~~~~~~~~~~~~~~~~~~~~~~~~~~~~~~~~~~^^^^^^^^^
KeyError: 'model'

2025-04-17 21:48:03,905 - ERROR - Fatal error in main execution:
2025-04-17 21:48:03,905 - ERROR - 'model'
2025-04-17 21:48:03,906 - ERROR - Traceback (most recent call last):
  File "/home/ubuntu/code/drew/experiments/e2e_sam2/train_sam2/compare_models.py", line 317, in main
    finetuned_predictor = load_model(args.finetuned_checkpoint, args.model_cfg, device)
                          ^^^^^^^^^^^^^^^^^^^^^^^^^^^^^^^^^^^^^^^^^^^^^^^^^^^^^^^^^^^^^
  File "/home/ubuntu/code/drew/experiments/e2e_sam2/train_sam2/compare_models.py", line 99, in load_model
    model = build_sam2(model_cfg, checkpoint_path, device=device)
            ^^^^^^^^^^^^^^^^^^^^^^^^^^^^^^^^^^^^^^^^^^^^^^^^^^^^^
  File "/home/ubuntu/code/drew/sam2/sam2/build_sam.py", line 93, in build_sam2
    _load_checkpoint(model, ckpt_path)
  File "/home/ubuntu/code/drew/sam2/sam2/build_sam.py", line 166, in _load_checkpoint
    sd = torch.load(ckpt_path, map_location="cpu", weights_only=True)["model"]
         ~~~~~~~~~~~~~~~~~~~~~~~~~~~~~~~~~~~~~~~~~~~~~~~~~~~~~~~~~~~~^^^^^^^^^
KeyError: 'model'

