2025-04-18 17:35:50,908 - INFO - Logging initialized. Log file: ./comparison_results/logs/comparison_20250418_173550.log
2025-04-18 17:35:50,908 - INFO - Python version: 3.12.9 | packaged by Anaconda, Inc. | (main, Feb  6 2025, 18:56:27) [GCC 11.2.0]
2025-04-18 17:35:50,908 - INFO - PyTorch version: 2.6.0+cu124
2025-04-18 17:35:50,908 - INFO - OpenCV version: 4.11.0
2025-04-18 17:35:50,909 - INFO - Arguments: {'data_dir': '../data/davis-2017/DAVIS/', 'splits_dir': './dataset_splits', 'pretrained_checkpoint': '../checkpoints/sam2.1_hiera_large.pt', 'finetuned_checkpoint': './model_best.torch', 'model_cfg': '../configs/sam2.1/sam2.1_hiera_l.yaml', 'output_dir': './comparison_results', 'num_samples': -1, 'debug': False}
2025-04-18 17:35:50,951 - INFO - Using CUDA device: Tesla V100-SXM2-16GB
2025-04-18 17:35:50,951 - INFO - CUDA memory allocated: 0.00 GB
2025-04-18 17:35:50,952 - INFO - Loaded 17 samples from ./dataset_splits/val.json
2025-04-18 17:35:50,952 - INFO - 
Evaluating pre-trained model...
2025-04-18 17:35:50,952 - INFO - Loading model from ../checkpoints/sam2.1_hiera_large.pt
2025-04-18 17:35:50,952 - INFO - Loading as state dict: ../checkpoints/sam2.1_hiera_large.pt
2025-04-18 17:35:54,572 - INFO - Model loaded successfully
2025-04-18 17:35:54,602 - INFO - For numpy array image, we assume (HxWxC) format
2025-04-18 17:35:54,710 - INFO - Computing image embeddings for the provided image...
2025-04-18 17:35:55,025 - INFO - Image embeddings computed.
2025-04-18 17:35:55,218 - INFO - For numpy array image, we assume (HxWxC) format
2025-04-18 17:35:55,256 - INFO - Computing image embeddings for the provided image...
2025-04-18 17:35:55,293 - INFO - Image embeddings computed.
2025-04-18 17:35:55,474 - INFO - For numpy array image, we assume (HxWxC) format
2025-04-18 17:35:55,483 - INFO - Computing image embeddings for the provided image...
2025-04-18 17:35:55,521 - INFO - Image embeddings computed.
2025-04-18 17:35:55,701 - INFO - For numpy array image, we assume (HxWxC) format
2025-04-18 17:35:55,711 - INFO - Computing image embeddings for the provided image...
2025-04-18 17:35:55,748 - INFO - Image embeddings computed.
2025-04-18 17:35:55,929 - INFO - For numpy array image, we assume (HxWxC) format
2025-04-18 17:35:55,939 - INFO - Computing image embeddings for the provided image...
2025-04-18 17:35:55,977 - INFO - Image embeddings computed.
2025-04-18 17:35:56,160 - INFO - For numpy array image, we assume (HxWxC) format
2025-04-18 17:35:56,178 - INFO - Computing image embeddings for the provided image...
2025-04-18 17:35:56,215 - INFO - Image embeddings computed.
2025-04-18 17:35:56,395 - INFO - For numpy array image, we assume (HxWxC) format
2025-04-18 17:35:56,405 - INFO - Computing image embeddings for the provided image...
2025-04-18 17:35:56,442 - INFO - Image embeddings computed.
2025-04-18 17:35:56,640 - INFO - For numpy array image, we assume (HxWxC) format
2025-04-18 17:35:56,676 - INFO - Computing image embeddings for the provided image...
2025-04-18 17:35:56,725 - INFO - Image embeddings computed.
2025-04-18 17:35:56,894 - INFO - For numpy array image, we assume (HxWxC) format
2025-04-18 17:35:56,904 - INFO - Computing image embeddings for the provided image...
2025-04-18 17:35:56,941 - INFO - Image embeddings computed.
2025-04-18 17:35:57,121 - INFO - For numpy array image, we assume (HxWxC) format
2025-04-18 17:35:57,131 - INFO - Computing image embeddings for the provided image...
2025-04-18 17:35:57,168 - INFO - Image embeddings computed.
2025-04-18 17:35:57,357 - INFO - For numpy array image, we assume (HxWxC) format
2025-04-18 17:35:57,384 - INFO - Computing image embeddings for the provided image...
2025-04-18 17:35:57,435 - INFO - Image embeddings computed.
2025-04-18 17:35:57,602 - INFO - For numpy array image, we assume (HxWxC) format
2025-04-18 17:35:57,612 - INFO - Computing image embeddings for the provided image...
2025-04-18 17:35:57,649 - INFO - Image embeddings computed.
2025-04-18 17:35:57,834 - INFO - For numpy array image, we assume (HxWxC) format
2025-04-18 17:35:57,852 - INFO - Computing image embeddings for the provided image...
2025-04-18 17:35:57,889 - INFO - Image embeddings computed.
2025-04-18 17:35:58,070 - INFO - For numpy array image, we assume (HxWxC) format
2025-04-18 17:35:58,079 - INFO - Computing image embeddings for the provided image...
2025-04-18 17:35:58,117 - INFO - Image embeddings computed.
2025-04-18 17:35:58,306 - INFO - For numpy array image, we assume (HxWxC) format
2025-04-18 17:35:58,349 - INFO - Computing image embeddings for the provided image...
2025-04-18 17:35:58,387 - INFO - Image embeddings computed.
2025-04-18 17:35:58,566 - INFO - For numpy array image, we assume (HxWxC) format
2025-04-18 17:35:58,572 - INFO - Computing image embeddings for the provided image...
2025-04-18 17:35:58,611 - INFO - Image embeddings computed.
2025-04-18 17:35:58,790 - INFO - For numpy array image, we assume (HxWxC) format
2025-04-18 17:35:58,800 - INFO - Computing image embeddings for the provided image...
2025-04-18 17:35:58,837 - INFO - Image embeddings computed.
2025-04-18 17:35:58,995 - INFO - Evaluation completed. Processed 17 samples successfully.
2025-04-18 17:35:58,998 - INFO - 
Evaluating fine-tuned model...
2025-04-18 17:35:58,998 - INFO - Loading model from ./model_best.torch
2025-04-18 17:35:58,998 - INFO - Loading as state dict: ./model_best.torch
2025-04-18 17:36:02,195 - INFO - Model loaded successfully
2025-04-18 17:36:02,221 - INFO - For numpy array image, we assume (HxWxC) format
2025-04-18 17:36:02,231 - INFO - Computing image embeddings for the provided image...
2025-04-18 17:36:02,269 - INFO - Image embeddings computed.
2025-04-18 17:36:02,450 - INFO - For numpy array image, we assume (HxWxC) format
2025-04-18 17:36:02,460 - INFO - Computing image embeddings for the provided image...
2025-04-18 17:36:02,498 - INFO - Image embeddings computed.
2025-04-18 17:36:02,678 - INFO - For numpy array image, we assume (HxWxC) format
2025-04-18 17:36:02,688 - INFO - Computing image embeddings for the provided image...
2025-04-18 17:36:02,725 - INFO - Image embeddings computed.
2025-04-18 17:36:02,906 - INFO - For numpy array image, we assume (HxWxC) format
2025-04-18 17:36:02,916 - INFO - Computing image embeddings for the provided image...
2025-04-18 17:36:02,953 - INFO - Image embeddings computed.
2025-04-18 17:36:03,134 - INFO - For numpy array image, we assume (HxWxC) format
2025-04-18 17:36:03,144 - INFO - Computing image embeddings for the provided image...
2025-04-18 17:36:03,182 - INFO - Image embeddings computed.
2025-04-18 17:36:03,362 - INFO - For numpy array image, we assume (HxWxC) format
2025-04-18 17:36:03,372 - INFO - Computing image embeddings for the provided image...
2025-04-18 17:36:03,410 - INFO - Image embeddings computed.
2025-04-18 17:36:03,590 - INFO - For numpy array image, we assume (HxWxC) format
2025-04-18 17:36:03,597 - INFO - Computing image embeddings for the provided image...
2025-04-18 17:36:03,634 - INFO - Image embeddings computed.
2025-04-18 17:36:03,815 - INFO - For numpy array image, we assume (HxWxC) format
2025-04-18 17:36:03,825 - INFO - Computing image embeddings for the provided image...
2025-04-18 17:36:03,862 - INFO - Image embeddings computed.
2025-04-18 17:36:04,043 - INFO - For numpy array image, we assume (HxWxC) format
2025-04-18 17:36:04,053 - INFO - Computing image embeddings for the provided image...
2025-04-18 17:36:04,090 - INFO - Image embeddings computed.
2025-04-18 17:36:04,271 - INFO - For numpy array image, we assume (HxWxC) format
2025-04-18 17:36:04,281 - INFO - Computing image embeddings for the provided image...
2025-04-18 17:36:04,319 - INFO - Image embeddings computed.
2025-04-18 17:36:04,499 - INFO - For numpy array image, we assume (HxWxC) format
2025-04-18 17:36:04,509 - INFO - Computing image embeddings for the provided image...
2025-04-18 17:36:04,546 - INFO - Image embeddings computed.
2025-04-18 17:36:04,727 - INFO - For numpy array image, we assume (HxWxC) format
2025-04-18 17:36:04,733 - INFO - Computing image embeddings for the provided image...
2025-04-18 17:36:04,771 - INFO - Image embeddings computed.
2025-04-18 17:36:04,951 - INFO - For numpy array image, we assume (HxWxC) format
2025-04-18 17:36:04,961 - INFO - Computing image embeddings for the provided image...
2025-04-18 17:36:04,998 - INFO - Image embeddings computed.
2025-04-18 17:36:05,179 - INFO - For numpy array image, we assume (HxWxC) format
2025-04-18 17:36:05,189 - INFO - Computing image embeddings for the provided image...
2025-04-18 17:36:05,226 - INFO - Image embeddings computed.
2025-04-18 17:36:05,407 - INFO - For numpy array image, we assume (HxWxC) format
2025-04-18 17:36:05,417 - INFO - Computing image embeddings for the provided image...
2025-04-18 17:36:05,454 - INFO - Image embeddings computed.
2025-04-18 17:36:05,635 - INFO - For numpy array image, we assume (HxWxC) format
2025-04-18 17:36:05,644 - INFO - Computing image embeddings for the provided image...
2025-04-18 17:36:05,682 - INFO - Image embeddings computed.
2025-04-18 17:36:05,862 - INFO - For numpy array image, we assume (HxWxC) format
2025-04-18 17:36:05,872 - INFO - Computing image embeddings for the provided image...
2025-04-18 17:36:05,909 - INFO - Image embeddings computed.
2025-04-18 17:36:06,067 - INFO - Evaluation completed. Processed 17 samples successfully.
2025-04-18 17:36:06,068 - INFO - 
Model Comparison Results:
2025-04-18 17:36:06,068 - INFO - ================================================================================
2025-04-18 17:36:06,068 - INFO - Metric           Pre-trained   Fine-tuned  Improvement
2025-04-18 17:36:06,068 - INFO - --------------------------------------------------------------------------------
2025-04-18 17:36:06,068 - INFO - iou                   0.9621       0.9052        -5.9%
2025-04-18 17:36:06,068 - INFO - dice                  0.9807       0.9234        -5.8%
2025-04-18 17:36:06,069 - INFO - precision             0.9827       0.9708        -1.2%
2025-04-18 17:36:06,069 - INFO - recall                0.9787       0.9217        -5.8%
2025-04-18 17:36:06,069 - INFO - 
Detailed results saved to: ./comparison_results/comparison_results.json
2025-04-18 17:36:06,069 - INFO - Log file: ./comparison_results/logs/comparison_20250418_173550.log
