2025-04-18 18:41:21,567 - INFO - Logging initialized. Log file: ./comparison_results/logs/comparison_20250418_184121.log
2025-04-18 18:41:21,567 - INFO - Python version: 3.12.9 | packaged by Anaconda, Inc. | (main, Feb  6 2025, 18:56:27) [GCC 11.2.0]
2025-04-18 18:41:21,567 - INFO - PyTorch version: 2.6.0+cu124
2025-04-18 18:41:21,567 - INFO - OpenCV version: 4.11.0
2025-04-18 18:41:21,567 - INFO - Arguments: {'data_dir': '../data/davis-2017/DAVIS/', 'splits_dir': './dataset_splits', 'pretrained_checkpoint': '../checkpoints/sam2.1_hiera_large.pt', 'finetuned_checkpoint': './model_best_val_0.9639.torch', 'model_cfg': '../configs/sam2.1/sam2.1_hiera_l.yaml', 'output_dir': './comparison_results', 'num_samples': -1, 'debug': False}
2025-04-18 18:41:21,610 - INFO - Using CUDA device: Tesla V100-SXM2-16GB
2025-04-18 18:41:21,611 - INFO - CUDA memory allocated: 0.00 GB
2025-04-18 18:41:21,611 - INFO - Loaded 17 samples from ./dataset_splits/val.json
2025-04-18 18:41:21,611 - INFO - 
Evaluating pre-trained model...
2025-04-18 18:41:21,612 - INFO - Loading model from ../checkpoints/sam2.1_hiera_large.pt
2025-04-18 18:41:21,612 - INFO - Loading as state dict: ../checkpoints/sam2.1_hiera_large.pt
2025-04-18 18:41:25,186 - INFO - Model loaded successfully
2025-04-18 18:41:25,215 - INFO - For numpy array image, we assume (HxWxC) format
2025-04-18 18:41:25,321 - INFO - Computing image embeddings for the provided image...
2025-04-18 18:41:25,656 - INFO - Image embeddings computed.
2025-04-18 18:41:25,849 - INFO - For numpy array image, we assume (HxWxC) format
2025-04-18 18:41:25,886 - INFO - Computing image embeddings for the provided image...
2025-04-18 18:41:25,921 - INFO - Image embeddings computed.
2025-04-18 18:41:26,113 - INFO - For numpy array image, we assume (HxWxC) format
2025-04-18 18:41:26,122 - INFO - Computing image embeddings for the provided image...
2025-04-18 18:41:26,157 - INFO - Image embeddings computed.
2025-04-18 18:41:26,340 - INFO - For numpy array image, we assume (HxWxC) format
2025-04-18 18:41:26,349 - INFO - Computing image embeddings for the provided image...
2025-04-18 18:41:26,384 - INFO - Image embeddings computed.
2025-04-18 18:41:26,566 - INFO - For numpy array image, we assume (HxWxC) format
2025-04-18 18:41:26,577 - INFO - Computing image embeddings for the provided image...
2025-04-18 18:41:26,612 - INFO - Image embeddings computed.
2025-04-18 18:41:26,797 - INFO - For numpy array image, we assume (HxWxC) format
2025-04-18 18:41:26,813 - INFO - Computing image embeddings for the provided image...
2025-04-18 18:41:26,848 - INFO - Image embeddings computed.
2025-04-18 18:41:27,030 - INFO - For numpy array image, we assume (HxWxC) format
2025-04-18 18:41:27,039 - INFO - Computing image embeddings for the provided image...
2025-04-18 18:41:27,074 - INFO - Image embeddings computed.
2025-04-18 18:41:27,257 - INFO - For numpy array image, we assume (HxWxC) format
2025-04-18 18:41:27,266 - INFO - Computing image embeddings for the provided image...
2025-04-18 18:41:27,300 - INFO - Image embeddings computed.
2025-04-18 18:41:27,482 - INFO - For numpy array image, we assume (HxWxC) format
2025-04-18 18:41:27,494 - INFO - Computing image embeddings for the provided image...
2025-04-18 18:41:27,528 - INFO - Image embeddings computed.
2025-04-18 18:41:27,710 - INFO - For numpy array image, we assume (HxWxC) format
2025-04-18 18:41:27,719 - INFO - Computing image embeddings for the provided image...
2025-04-18 18:41:27,754 - INFO - Image embeddings computed.
2025-04-18 18:41:27,941 - INFO - For numpy array image, we assume (HxWxC) format
2025-04-18 18:41:27,958 - INFO - Computing image embeddings for the provided image...
2025-04-18 18:41:27,993 - INFO - Image embeddings computed.
2025-04-18 18:41:28,175 - INFO - For numpy array image, we assume (HxWxC) format
2025-04-18 18:41:28,184 - INFO - Computing image embeddings for the provided image...
2025-04-18 18:41:28,220 - INFO - Image embeddings computed.
2025-04-18 18:41:28,402 - INFO - For numpy array image, we assume (HxWxC) format
2025-04-18 18:41:28,411 - INFO - Computing image embeddings for the provided image...
2025-04-18 18:41:28,446 - INFO - Image embeddings computed.
2025-04-18 18:41:28,628 - INFO - For numpy array image, we assume (HxWxC) format
2025-04-18 18:41:28,635 - INFO - Computing image embeddings for the provided image...
2025-04-18 18:41:28,670 - INFO - Image embeddings computed.
2025-04-18 18:41:28,853 - INFO - For numpy array image, we assume (HxWxC) format
2025-04-18 18:41:28,862 - INFO - Computing image embeddings for the provided image...
2025-04-18 18:41:28,896 - INFO - Image embeddings computed.
2025-04-18 18:41:29,078 - INFO - For numpy array image, we assume (HxWxC) format
2025-04-18 18:41:29,089 - INFO - Computing image embeddings for the provided image...
2025-04-18 18:41:29,126 - INFO - Image embeddings computed.
2025-04-18 18:41:29,306 - INFO - For numpy array image, we assume (HxWxC) format
2025-04-18 18:41:29,318 - INFO - Computing image embeddings for the provided image...
2025-04-18 18:41:29,353 - INFO - Image embeddings computed.
2025-04-18 18:41:29,512 - INFO - Evaluation completed. Processed 17 samples successfully.
2025-04-18 18:41:29,512 - INFO - 
Evaluating fine-tuned model...
2025-04-18 18:41:29,512 - INFO - Loading model from ./model_best_val_0.9639.torch
2025-04-18 18:41:29,512 - INFO - Loading as state dict: ./model_best_val_0.9639.torch
2025-04-18 18:41:32,627 - INFO - Model loaded successfully
2025-04-18 18:41:32,654 - INFO - For numpy array image, we assume (HxWxC) format
2025-04-18 18:41:32,663 - INFO - Computing image embeddings for the provided image...
2025-04-18 18:41:32,698 - INFO - Image embeddings computed.
2025-04-18 18:41:32,880 - INFO - For numpy array image, we assume (HxWxC) format
2025-04-18 18:41:32,889 - INFO - Computing image embeddings for the provided image...
2025-04-18 18:41:32,925 - INFO - Image embeddings computed.
2025-04-18 18:41:33,107 - INFO - For numpy array image, we assume (HxWxC) format
2025-04-18 18:41:33,116 - INFO - Computing image embeddings for the provided image...
2025-04-18 18:41:33,151 - INFO - Image embeddings computed.
2025-04-18 18:41:33,333 - INFO - For numpy array image, we assume (HxWxC) format
2025-04-18 18:41:33,343 - INFO - Computing image embeddings for the provided image...
2025-04-18 18:41:33,378 - INFO - Image embeddings computed.
2025-04-18 18:41:33,560 - INFO - For numpy array image, we assume (HxWxC) format
2025-04-18 18:41:33,569 - INFO - Computing image embeddings for the provided image...
2025-04-18 18:41:33,605 - INFO - Image embeddings computed.
2025-04-18 18:41:33,786 - INFO - For numpy array image, we assume (HxWxC) format
2025-04-18 18:41:33,795 - INFO - Computing image embeddings for the provided image...
2025-04-18 18:41:33,831 - INFO - Image embeddings computed.
2025-04-18 18:41:34,013 - INFO - For numpy array image, we assume (HxWxC) format
2025-04-18 18:41:34,022 - INFO - Computing image embeddings for the provided image...
2025-04-18 18:41:34,057 - INFO - Image embeddings computed.
2025-04-18 18:41:34,239 - INFO - For numpy array image, we assume (HxWxC) format
2025-04-18 18:41:34,248 - INFO - Computing image embeddings for the provided image...
2025-04-18 18:41:34,283 - INFO - Image embeddings computed.
2025-04-18 18:41:34,466 - INFO - For numpy array image, we assume (HxWxC) format
2025-04-18 18:41:34,475 - INFO - Computing image embeddings for the provided image...
2025-04-18 18:41:34,510 - INFO - Image embeddings computed.
2025-04-18 18:41:34,693 - INFO - For numpy array image, we assume (HxWxC) format
2025-04-18 18:41:34,702 - INFO - Computing image embeddings for the provided image...
2025-04-18 18:41:34,738 - INFO - Image embeddings computed.
2025-04-18 18:41:34,919 - INFO - For numpy array image, we assume (HxWxC) format
2025-04-18 18:41:34,929 - INFO - Computing image embeddings for the provided image...
2025-04-18 18:41:34,964 - INFO - Image embeddings computed.
2025-04-18 18:41:35,146 - INFO - For numpy array image, we assume (HxWxC) format
2025-04-18 18:41:35,155 - INFO - Computing image embeddings for the provided image...
2025-04-18 18:41:35,191 - INFO - Image embeddings computed.
2025-04-18 18:41:35,372 - INFO - For numpy array image, we assume (HxWxC) format
2025-04-18 18:41:35,381 - INFO - Computing image embeddings for the provided image...
2025-04-18 18:41:35,416 - INFO - Image embeddings computed.
2025-04-18 18:41:35,598 - INFO - For numpy array image, we assume (HxWxC) format
2025-04-18 18:41:35,604 - INFO - Computing image embeddings for the provided image...
2025-04-18 18:41:35,639 - INFO - Image embeddings computed.
2025-04-18 18:41:35,821 - INFO - For numpy array image, we assume (HxWxC) format
2025-04-18 18:41:35,827 - INFO - Computing image embeddings for the provided image...
2025-04-18 18:41:35,862 - INFO - Image embeddings computed.
2025-04-18 18:41:36,045 - INFO - For numpy array image, we assume (HxWxC) format
2025-04-18 18:41:36,054 - INFO - Computing image embeddings for the provided image...
2025-04-18 18:41:36,090 - INFO - Image embeddings computed.
2025-04-18 18:41:36,272 - INFO - For numpy array image, we assume (HxWxC) format
2025-04-18 18:41:36,281 - INFO - Computing image embeddings for the provided image...
2025-04-18 18:41:36,317 - INFO - Image embeddings computed.
2025-04-18 18:41:36,476 - INFO - Evaluation completed. Processed 17 samples successfully.
2025-04-18 18:41:36,477 - INFO - 
Model Comparison Results:
2025-04-18 18:41:36,477 - INFO - ================================================================================
2025-04-18 18:41:36,477 - INFO - Metric           Pre-trained   Fine-tuned  Improvement
2025-04-18 18:41:36,477 - INFO - --------------------------------------------------------------------------------
2025-04-18 18:41:36,477 - INFO - iou                   0.9061       0.9628         6.3%
2025-04-18 18:41:36,477 - INFO - dice                  0.9246       0.9810         6.1%
2025-04-18 18:41:36,477 - INFO - precision             0.9833       0.9828        -0.0%
2025-04-18 18:41:36,477 - INFO - recall                0.9204       0.9793         6.4%
2025-04-18 18:41:36,477 - INFO - 
Detailed results saved to: ./comparison_results/comparison_results.json
2025-04-18 18:41:36,477 - INFO - Log file: ./comparison_results/logs/comparison_20250418_184121.log
