2025-04-18 16:04:19,294 - INFO - Logging initialized. Log file: ./comparison_results/logs/comparison_20250418_160419.log
2025-04-18 16:04:19,295 - INFO - Python version: 3.12.9 | packaged by Anaconda, Inc. | (main, Feb  6 2025, 18:56:27) [GCC 11.2.0]
2025-04-18 16:04:19,295 - INFO - PyTorch version: 2.6.0+cu124
2025-04-18 16:04:19,295 - INFO - OpenCV version: 4.11.0
2025-04-18 16:04:19,295 - INFO - Arguments: {'data_dir': '../data/davis-2017/DAVIS/', 'splits_dir': './dataset_splits', 'pretrained_checkpoint': '../checkpoints/sam2.1_hiera_large.pt', 'finetuned_checkpoint': './model.torch', 'model_cfg': '../configs/sam2.1/sam2.1_hiera_l.yaml', 'output_dir': './comparison_results', 'num_samples': -1, 'debug': False}
2025-04-18 16:04:19,336 - INFO - Using CUDA device: Tesla V100-SXM2-16GB
2025-04-18 16:04:19,337 - INFO - CUDA memory allocated: 0.00 GB
2025-04-18 16:04:19,337 - INFO - Loaded 17 samples from ./dataset_splits/val.json
2025-04-18 16:04:19,337 - INFO - 
Evaluating pre-trained model...
2025-04-18 16:04:19,337 - INFO - Loading model from ../checkpoints/sam2.1_hiera_large.pt
2025-04-18 16:04:22,720 - INFO - Loaded checkpoint sucessfully
2025-04-18 16:04:23,178 - INFO - Model loaded successfully
2025-04-18 16:04:23,206 - INFO - For numpy array image, we assume (HxWxC) format
2025-04-18 16:04:23,309 - INFO - Computing image embeddings for the provided image...
2025-04-18 16:04:23,625 - INFO - Image embeddings computed.
2025-04-18 16:04:23,728 - INFO - For numpy array image, we assume (HxWxC) format
2025-04-18 16:04:23,764 - INFO - Computing image embeddings for the provided image...
2025-04-18 16:04:23,801 - INFO - Image embeddings computed.
2025-04-18 16:04:23,982 - INFO - For numpy array image, we assume (HxWxC) format
2025-04-18 16:04:23,992 - INFO - Computing image embeddings for the provided image...
2025-04-18 16:04:24,028 - INFO - Image embeddings computed.
2025-04-18 16:04:24,209 - INFO - For numpy array image, we assume (HxWxC) format
2025-04-18 16:04:24,220 - INFO - Computing image embeddings for the provided image...
2025-04-18 16:04:24,256 - INFO - Image embeddings computed.
2025-04-18 16:04:24,438 - INFO - For numpy array image, we assume (HxWxC) format
2025-04-18 16:04:24,447 - INFO - Computing image embeddings for the provided image...
2025-04-18 16:04:24,484 - INFO - Image embeddings computed.
2025-04-18 16:04:24,665 - INFO - For numpy array image, we assume (HxWxC) format
2025-04-18 16:04:24,674 - INFO - Computing image embeddings for the provided image...
2025-04-18 16:04:24,711 - INFO - Image embeddings computed.
2025-04-18 16:04:24,893 - INFO - For numpy array image, we assume (HxWxC) format
2025-04-18 16:04:24,902 - INFO - Computing image embeddings for the provided image...
2025-04-18 16:04:24,939 - INFO - Image embeddings computed.
2025-04-18 16:04:25,120 - INFO - For numpy array image, we assume (HxWxC) format
2025-04-18 16:04:25,129 - INFO - Computing image embeddings for the provided image...
2025-04-18 16:04:25,166 - INFO - Image embeddings computed.
2025-04-18 16:04:25,347 - INFO - For numpy array image, we assume (HxWxC) format
2025-04-18 16:04:25,357 - INFO - Computing image embeddings for the provided image...
2025-04-18 16:04:25,393 - INFO - Image embeddings computed.
2025-04-18 16:04:25,574 - INFO - For numpy array image, we assume (HxWxC) format
2025-04-18 16:04:25,584 - INFO - Computing image embeddings for the provided image...
2025-04-18 16:04:25,620 - INFO - Image embeddings computed.
2025-04-18 16:04:25,801 - INFO - For numpy array image, we assume (HxWxC) format
2025-04-18 16:04:25,811 - INFO - Computing image embeddings for the provided image...
2025-04-18 16:04:25,847 - INFO - Image embeddings computed.
2025-04-18 16:04:26,028 - INFO - For numpy array image, we assume (HxWxC) format
2025-04-18 16:04:26,037 - INFO - Computing image embeddings for the provided image...
2025-04-18 16:04:26,073 - INFO - Image embeddings computed.
2025-04-18 16:04:26,254 - INFO - For numpy array image, we assume (HxWxC) format
2025-04-18 16:04:26,263 - INFO - Computing image embeddings for the provided image...
2025-04-18 16:04:26,300 - INFO - Image embeddings computed.
2025-04-18 16:04:26,481 - INFO - For numpy array image, we assume (HxWxC) format
2025-04-18 16:04:26,490 - INFO - Computing image embeddings for the provided image...
2025-04-18 16:04:26,527 - INFO - Image embeddings computed.
2025-04-18 16:04:26,708 - INFO - For numpy array image, we assume (HxWxC) format
2025-04-18 16:04:26,717 - INFO - Computing image embeddings for the provided image...
2025-04-18 16:04:26,753 - INFO - Image embeddings computed.
2025-04-18 16:04:26,934 - INFO - For numpy array image, we assume (HxWxC) format
2025-04-18 16:04:26,943 - INFO - Computing image embeddings for the provided image...
2025-04-18 16:04:26,979 - INFO - Image embeddings computed.
2025-04-18 16:04:27,160 - INFO - For numpy array image, we assume (HxWxC) format
2025-04-18 16:04:27,170 - INFO - Computing image embeddings for the provided image...
2025-04-18 16:04:27,206 - INFO - Image embeddings computed.
2025-04-18 16:04:27,364 - INFO - Evaluation completed. Processed 17 samples successfully.
2025-04-18 16:04:27,364 - INFO - 
Evaluating fine-tuned model...
2025-04-18 16:04:27,364 - INFO - Loading model from ./model.torch
2025-04-18 16:04:30,445 - ERROR - Error loading model: 'model'
2025-04-18 16:04:30,445 - ERROR - Traceback (most recent call last):
  File "/home/ubuntu/code/drew/experiments/e2e_sam2/train_sam2/compare_models.py", line 100, in load_model
    model = build_sam2(model_cfg, checkpoint_path, device=device)
            ^^^^^^^^^^^^^^^^^^^^^^^^^^^^^^^^^^^^^^^^^^^^^^^^^^^^^
  File "/home/ubuntu/code/drew/sam2/sam2/build_sam.py", line 93, in build_sam2
    _load_checkpoint(model, ckpt_path)
  File "/home/ubuntu/code/drew/sam2/sam2/build_sam.py", line 166, in _load_checkpoint
    sd = torch.load(ckpt_path, map_location="cpu", weights_only=True)["model"]
         ~~~~~~~~~~~~~~~~~~~~~~~~~~~~~~~~~~~~~~~~~~~~~~~~~~~~~~~~~~~~^^^^^^^^^
KeyError: 'model'

2025-04-18 16:04:30,446 - ERROR - Fatal error in main execution:
2025-04-18 16:04:30,446 - ERROR - 'model'
2025-04-18 16:04:30,446 - ERROR - Traceback (most recent call last):
  File "/home/ubuntu/code/drew/experiments/e2e_sam2/train_sam2/compare_models.py", line 318, in main
    finetuned_predictor = load_model(args.finetuned_checkpoint, args.model_cfg, device)
                          ^^^^^^^^^^^^^^^^^^^^^^^^^^^^^^^^^^^^^^^^^^^^^^^^^^^^^^^^^^^^^
  File "/home/ubuntu/code/drew/experiments/e2e_sam2/train_sam2/compare_models.py", line 100, in load_model
    model = build_sam2(model_cfg, checkpoint_path, device=device)
            ^^^^^^^^^^^^^^^^^^^^^^^^^^^^^^^^^^^^^^^^^^^^^^^^^^^^^
  File "/home/ubuntu/code/drew/sam2/sam2/build_sam.py", line 93, in build_sam2
    _load_checkpoint(model, ckpt_path)
  File "/home/ubuntu/code/drew/sam2/sam2/build_sam.py", line 166, in _load_checkpoint
    sd = torch.load(ckpt_path, map_location="cpu", weights_only=True)["model"]
         ~~~~~~~~~~~~~~~~~~~~~~~~~~~~~~~~~~~~~~~~~~~~~~~~~~~~~~~~~~~~^^^^^^^^^
KeyError: 'model'

