2025-04-18 17:37:30,716 - INFO - Logging initialized. Log file: ./comparison_results/logs/comparison_20250418_173730.log
2025-04-18 17:37:30,717 - INFO - Python version: 3.12.9 | packaged by Anaconda, Inc. | (main, Feb  6 2025, 18:56:27) [GCC 11.2.0]
2025-04-18 17:37:30,717 - INFO - PyTorch version: 2.6.0+cu124
2025-04-18 17:37:30,717 - INFO - OpenCV version: 4.11.0
2025-04-18 17:37:30,717 - INFO - Arguments: {'data_dir': '../data/davis-2017/DAVIS/', 'splits_dir': './dataset_splits', 'pretrained_checkpoint': '../checkpoints/sam2.1_hiera_large.pt', 'finetuned_checkpoint': './model.torch', 'model_cfg': '../configs/sam2.1/sam2.1_hiera_l.yaml', 'output_dir': './comparison_results', 'num_samples': -1, 'debug': False}
2025-04-18 17:37:30,760 - INFO - Using CUDA device: Tesla V100-SXM2-16GB
2025-04-18 17:37:30,760 - INFO - CUDA memory allocated: 0.00 GB
2025-04-18 17:37:30,761 - INFO - Loaded 17 samples from ./dataset_splits/val.json
2025-04-18 17:37:30,761 - INFO - 
Evaluating pre-trained model...
2025-04-18 17:37:30,761 - INFO - Loading model from ../checkpoints/sam2.1_hiera_large.pt
2025-04-18 17:37:30,761 - INFO - Loading as state dict: ../checkpoints/sam2.1_hiera_large.pt
2025-04-18 17:37:34,392 - INFO - Model loaded successfully
2025-04-18 17:37:34,421 - INFO - For numpy array image, we assume (HxWxC) format
2025-04-18 17:37:34,533 - INFO - Computing image embeddings for the provided image...
2025-04-18 17:37:34,860 - INFO - Image embeddings computed.
2025-04-18 17:37:35,052 - INFO - For numpy array image, we assume (HxWxC) format
2025-04-18 17:37:35,090 - INFO - Computing image embeddings for the provided image...
2025-04-18 17:37:35,128 - INFO - Image embeddings computed.
2025-04-18 17:37:35,309 - INFO - For numpy array image, we assume (HxWxC) format
2025-04-18 17:37:35,319 - INFO - Computing image embeddings for the provided image...
2025-04-18 17:37:35,357 - INFO - Image embeddings computed.
2025-04-18 17:37:35,537 - INFO - For numpy array image, we assume (HxWxC) format
2025-04-18 17:37:35,547 - INFO - Computing image embeddings for the provided image...
2025-04-18 17:37:35,584 - INFO - Image embeddings computed.
2025-04-18 17:37:35,765 - INFO - For numpy array image, we assume (HxWxC) format
2025-04-18 17:37:35,775 - INFO - Computing image embeddings for the provided image...
2025-04-18 17:37:35,812 - INFO - Image embeddings computed.
2025-04-18 17:37:35,993 - INFO - For numpy array image, we assume (HxWxC) format
2025-04-18 17:37:36,002 - INFO - Computing image embeddings for the provided image...
2025-04-18 17:37:36,039 - INFO - Image embeddings computed.
2025-04-18 17:37:36,225 - INFO - For numpy array image, we assume (HxWxC) format
2025-04-18 17:37:36,232 - INFO - Computing image embeddings for the provided image...
2025-04-18 17:37:36,269 - INFO - Image embeddings computed.
2025-04-18 17:37:36,450 - INFO - For numpy array image, we assume (HxWxC) format
2025-04-18 17:37:36,460 - INFO - Computing image embeddings for the provided image...
2025-04-18 17:37:36,498 - INFO - Image embeddings computed.
2025-04-18 17:37:36,678 - INFO - For numpy array image, we assume (HxWxC) format
2025-04-18 17:37:36,688 - INFO - Computing image embeddings for the provided image...
2025-04-18 17:37:36,725 - INFO - Image embeddings computed.
2025-04-18 17:37:36,906 - INFO - For numpy array image, we assume (HxWxC) format
2025-04-18 17:37:36,915 - INFO - Computing image embeddings for the provided image...
2025-04-18 17:37:36,952 - INFO - Image embeddings computed.
2025-04-18 17:37:37,132 - INFO - For numpy array image, we assume (HxWxC) format
2025-04-18 17:37:37,142 - INFO - Computing image embeddings for the provided image...
2025-04-18 17:37:37,179 - INFO - Image embeddings computed.
2025-04-18 17:37:37,361 - INFO - For numpy array image, we assume (HxWxC) format
2025-04-18 17:37:37,370 - INFO - Computing image embeddings for the provided image...
2025-04-18 17:37:37,407 - INFO - Image embeddings computed.
2025-04-18 17:37:37,588 - INFO - For numpy array image, we assume (HxWxC) format
2025-04-18 17:37:37,598 - INFO - Computing image embeddings for the provided image...
2025-04-18 17:37:37,635 - INFO - Image embeddings computed.
2025-04-18 17:37:37,815 - INFO - For numpy array image, we assume (HxWxC) format
2025-04-18 17:37:37,825 - INFO - Computing image embeddings for the provided image...
2025-04-18 17:37:37,862 - INFO - Image embeddings computed.
2025-04-18 17:37:38,042 - INFO - For numpy array image, we assume (HxWxC) format
2025-04-18 17:37:38,055 - INFO - Computing image embeddings for the provided image...
2025-04-18 17:37:38,092 - INFO - Image embeddings computed.
2025-04-18 17:37:38,273 - INFO - For numpy array image, we assume (HxWxC) format
2025-04-18 17:37:38,290 - INFO - Computing image embeddings for the provided image...
2025-04-18 17:37:38,328 - INFO - Image embeddings computed.
2025-04-18 17:37:38,508 - INFO - For numpy array image, we assume (HxWxC) format
2025-04-18 17:37:38,519 - INFO - Computing image embeddings for the provided image...
2025-04-18 17:37:38,556 - INFO - Image embeddings computed.
2025-04-18 17:37:38,713 - INFO - Evaluation completed. Processed 17 samples successfully.
2025-04-18 17:37:38,713 - INFO - 
Evaluating fine-tuned model...
2025-04-18 17:37:38,714 - INFO - Loading model from ./model.torch
2025-04-18 17:37:38,714 - INFO - Loading as state dict: ./model.torch
2025-04-18 17:37:41,867 - INFO - Model loaded successfully
2025-04-18 17:37:41,893 - INFO - For numpy array image, we assume (HxWxC) format
2025-04-18 17:37:41,903 - INFO - Computing image embeddings for the provided image...
2025-04-18 17:37:41,941 - INFO - Image embeddings computed.
2025-04-18 17:37:42,122 - INFO - For numpy array image, we assume (HxWxC) format
2025-04-18 17:37:42,131 - INFO - Computing image embeddings for the provided image...
2025-04-18 17:37:42,169 - INFO - Image embeddings computed.
2025-04-18 17:37:42,349 - INFO - For numpy array image, we assume (HxWxC) format
2025-04-18 17:37:42,358 - INFO - Computing image embeddings for the provided image...
2025-04-18 17:37:42,396 - INFO - Image embeddings computed.
2025-04-18 17:37:42,578 - INFO - For numpy array image, we assume (HxWxC) format
2025-04-18 17:37:42,588 - INFO - Computing image embeddings for the provided image...
2025-04-18 17:37:42,625 - INFO - Image embeddings computed.
2025-04-18 17:37:42,806 - INFO - For numpy array image, we assume (HxWxC) format
2025-04-18 17:37:42,815 - INFO - Computing image embeddings for the provided image...
2025-04-18 17:37:42,852 - INFO - Image embeddings computed.
2025-04-18 17:37:43,033 - INFO - For numpy array image, we assume (HxWxC) format
2025-04-18 17:37:43,042 - INFO - Computing image embeddings for the provided image...
2025-04-18 17:37:43,079 - INFO - Image embeddings computed.
2025-04-18 17:37:43,260 - INFO - For numpy array image, we assume (HxWxC) format
2025-04-18 17:37:43,270 - INFO - Computing image embeddings for the provided image...
2025-04-18 17:37:43,307 - INFO - Image embeddings computed.
2025-04-18 17:37:43,488 - INFO - For numpy array image, we assume (HxWxC) format
2025-04-18 17:37:43,497 - INFO - Computing image embeddings for the provided image...
2025-04-18 17:37:43,535 - INFO - Image embeddings computed.
2025-04-18 17:37:43,715 - INFO - For numpy array image, we assume (HxWxC) format
2025-04-18 17:37:43,725 - INFO - Computing image embeddings for the provided image...
2025-04-18 17:37:43,762 - INFO - Image embeddings computed.
2025-04-18 17:37:43,943 - INFO - For numpy array image, we assume (HxWxC) format
2025-04-18 17:37:43,953 - INFO - Computing image embeddings for the provided image...
2025-04-18 17:37:43,990 - INFO - Image embeddings computed.
2025-04-18 17:37:44,171 - INFO - For numpy array image, we assume (HxWxC) format
2025-04-18 17:37:44,180 - INFO - Computing image embeddings for the provided image...
2025-04-18 17:37:44,217 - INFO - Image embeddings computed.
2025-04-18 17:37:44,398 - INFO - For numpy array image, we assume (HxWxC) format
2025-04-18 17:37:44,408 - INFO - Computing image embeddings for the provided image...
2025-04-18 17:37:44,446 - INFO - Image embeddings computed.
2025-04-18 17:37:44,625 - INFO - For numpy array image, we assume (HxWxC) format
2025-04-18 17:37:44,635 - INFO - Computing image embeddings for the provided image...
2025-04-18 17:37:44,672 - INFO - Image embeddings computed.
2025-04-18 17:37:44,853 - INFO - For numpy array image, we assume (HxWxC) format
2025-04-18 17:37:44,858 - INFO - Computing image embeddings for the provided image...
2025-04-18 17:37:44,896 - INFO - Image embeddings computed.
2025-04-18 17:37:45,077 - INFO - For numpy array image, we assume (HxWxC) format
2025-04-18 17:37:45,083 - INFO - Computing image embeddings for the provided image...
2025-04-18 17:37:45,120 - INFO - Image embeddings computed.
2025-04-18 17:37:45,301 - INFO - For numpy array image, we assume (HxWxC) format
2025-04-18 17:37:45,311 - INFO - Computing image embeddings for the provided image...
2025-04-18 17:37:45,347 - INFO - Image embeddings computed.
2025-04-18 17:37:45,529 - INFO - For numpy array image, we assume (HxWxC) format
2025-04-18 17:37:45,538 - INFO - Computing image embeddings for the provided image...
2025-04-18 17:37:45,575 - INFO - Image embeddings computed.
2025-04-18 17:37:45,733 - INFO - Evaluation completed. Processed 17 samples successfully.
2025-04-18 17:37:45,734 - INFO - 
Model Comparison Results:
2025-04-18 17:37:45,734 - INFO - ================================================================================
2025-04-18 17:37:45,734 - INFO - Metric           Pre-trained   Fine-tuned  Improvement
2025-04-18 17:37:45,734 - INFO - --------------------------------------------------------------------------------
2025-04-18 17:37:45,734 - INFO - iou                   0.9060       0.1123       -87.6%
2025-04-18 17:37:45,734 - INFO - dice                  0.9243       0.2019       -78.2%
2025-04-18 17:37:45,734 - INFO - precision             0.9815       0.1123       -88.6%
2025-04-18 17:37:45,735 - INFO - recall                0.9204       1.0000         8.7%
2025-04-18 17:37:45,735 - INFO - 
Detailed results saved to: ./comparison_results/comparison_results.json
2025-04-18 17:37:45,735 - INFO - Log file: ./comparison_results/logs/comparison_20250418_173730.log
