2025-04-17 21:44:38,891 - INFO - Logging initialized. Log file: ./comparison_results/logs/comparison_20250417_214438.log
2025-04-17 21:44:38,891 - INFO - Python version: 3.12.9 | packaged by Anaconda, Inc. | (main, Feb  6 2025, 18:56:27) [GCC 11.2.0]
2025-04-17 21:44:38,891 - INFO - PyTorch version: 2.6.0+cu124
2025-04-17 21:44:38,891 - INFO - OpenCV version: 4.11.0
2025-04-17 21:44:38,891 - INFO - Arguments: {'data_dir': '../data/davis-2017/DAVIS/', 'splits_dir': './dataset_splits', 'pretrained_checkpoint': '../checkpoints/sam2.1_hiera_large.pt', 'finetuned_checkpoint': './model_best.torch', 'model_cfg': '../configs/sam2.1/sam2.1_hiera_l.yaml', 'output_dir': './comparison_results', 'num_samples': -1, 'debug': False}
2025-04-17 21:44:38,934 - INFO - Using CUDA device: Tesla V100-SXM2-16GB
2025-04-17 21:44:38,934 - INFO - CUDA memory allocated: 0.00 GB
2025-04-17 21:44:38,935 - INFO - Loaded 17 samples from ./dataset_splits/val.json
2025-04-17 21:44:38,935 - INFO - 
Evaluating pre-trained model...
2025-04-17 21:44:38,935 - INFO - Loading model from ../checkpoints/sam2.1_hiera_large.pt
2025-04-17 21:44:42,348 - INFO - Loaded checkpoint sucessfully
2025-04-17 21:44:42,807 - INFO - Model loaded successfully
2025-04-17 21:44:42,834 - INFO - For numpy array image, we assume (HxWxC) format
2025-04-17 21:44:42,937 - INFO - Computing image embeddings for the provided image...
2025-04-17 21:44:43,249 - INFO - Image embeddings computed.
2025-04-17 21:44:43,352 - INFO - For numpy array image, we assume (HxWxC) format
2025-04-17 21:44:43,387 - INFO - Computing image embeddings for the provided image...
2025-04-17 21:44:43,423 - INFO - Image embeddings computed.
2025-04-17 21:44:43,605 - INFO - For numpy array image, we assume (HxWxC) format
2025-04-17 21:44:43,614 - INFO - Computing image embeddings for the provided image...
2025-04-17 21:44:43,651 - INFO - Image embeddings computed.
2025-04-17 21:44:43,832 - INFO - For numpy array image, we assume (HxWxC) format
2025-04-17 21:44:43,841 - INFO - Computing image embeddings for the provided image...
2025-04-17 21:44:43,877 - INFO - Image embeddings computed.
2025-04-17 21:44:44,059 - INFO - For numpy array image, we assume (HxWxC) format
2025-04-17 21:44:44,068 - INFO - Computing image embeddings for the provided image...
2025-04-17 21:44:44,104 - INFO - Image embeddings computed.
2025-04-17 21:44:44,286 - INFO - For numpy array image, we assume (HxWxC) format
2025-04-17 21:44:44,295 - INFO - Computing image embeddings for the provided image...
2025-04-17 21:44:44,331 - INFO - Image embeddings computed.
2025-04-17 21:44:44,512 - INFO - For numpy array image, we assume (HxWxC) format
2025-04-17 21:44:44,522 - INFO - Computing image embeddings for the provided image...
2025-04-17 21:44:44,559 - INFO - Image embeddings computed.
2025-04-17 21:44:44,740 - INFO - For numpy array image, we assume (HxWxC) format
2025-04-17 21:44:44,751 - INFO - Computing image embeddings for the provided image...
2025-04-17 21:44:44,788 - INFO - Image embeddings computed.
2025-04-17 21:44:44,969 - INFO - For numpy array image, we assume (HxWxC) format
2025-04-17 21:44:44,978 - INFO - Computing image embeddings for the provided image...
2025-04-17 21:44:45,014 - INFO - Image embeddings computed.
2025-04-17 21:44:45,196 - INFO - For numpy array image, we assume (HxWxC) format
2025-04-17 21:44:45,205 - INFO - Computing image embeddings for the provided image...
2025-04-17 21:44:45,241 - INFO - Image embeddings computed.
2025-04-17 21:44:45,422 - INFO - For numpy array image, we assume (HxWxC) format
2025-04-17 21:44:45,431 - INFO - Computing image embeddings for the provided image...
2025-04-17 21:44:45,467 - INFO - Image embeddings computed.
2025-04-17 21:44:45,649 - INFO - For numpy array image, we assume (HxWxC) format
2025-04-17 21:44:45,658 - INFO - Computing image embeddings for the provided image...
2025-04-17 21:44:45,696 - INFO - Image embeddings computed.
2025-04-17 21:44:45,875 - INFO - For numpy array image, we assume (HxWxC) format
2025-04-17 21:44:45,884 - INFO - Computing image embeddings for the provided image...
2025-04-17 21:44:45,920 - INFO - Image embeddings computed.
2025-04-17 21:44:46,103 - INFO - For numpy array image, we assume (HxWxC) format
2025-04-17 21:44:46,112 - INFO - Computing image embeddings for the provided image...
2025-04-17 21:44:46,148 - INFO - Image embeddings computed.
2025-04-17 21:44:46,329 - INFO - For numpy array image, we assume (HxWxC) format
2025-04-17 21:44:46,338 - INFO - Computing image embeddings for the provided image...
2025-04-17 21:44:46,374 - INFO - Image embeddings computed.
2025-04-17 21:44:46,555 - INFO - For numpy array image, we assume (HxWxC) format
2025-04-17 21:44:46,561 - INFO - Computing image embeddings for the provided image...
2025-04-17 21:44:46,597 - INFO - Image embeddings computed.
2025-04-17 21:44:46,779 - INFO - For numpy array image, we assume (HxWxC) format
2025-04-17 21:44:46,785 - INFO - Computing image embeddings for the provided image...
2025-04-17 21:44:46,820 - INFO - Image embeddings computed.
2025-04-17 21:44:46,978 - INFO - Evaluation completed. Processed 17 samples successfully.
2025-04-17 21:44:46,979 - INFO - 
Evaluating fine-tuned model...
2025-04-17 21:44:46,979 - INFO - Loading model from ./model_best.torch
2025-04-17 21:44:50,065 - ERROR - Error loading model: 'model'
2025-04-17 21:44:50,066 - ERROR - Traceback (most recent call last):
  File "/home/ubuntu/code/drew/experiments/e2e_sam2/train_sam2/compare_models.py", line 96, in load_model
    model = build_sam2(model_cfg, checkpoint_path, device=device)
            ^^^^^^^^^^^^^^^^^^^^^^^^^^^^^^^^^^^^^^^^^^^^^^^^^^^^^
  File "/home/ubuntu/code/drew/sam2/sam2/build_sam.py", line 93, in build_sam2
    _load_checkpoint(model, ckpt_path)
  File "/home/ubuntu/code/drew/sam2/sam2/build_sam.py", line 166, in _load_checkpoint
    sd = torch.load(ckpt_path, map_location="cpu", weights_only=True)["model"]
         ~~~~~~~~~~~~~~~~~~~~~~~~~~~~~~~~~~~~~~~~~~~~~~~~~~~~~~~~~~~~^^^^^^^^^
KeyError: 'model'

2025-04-17 21:44:50,066 - ERROR - Fatal error in main execution:
2025-04-17 21:44:50,066 - ERROR - 'model'
2025-04-17 21:44:50,067 - ERROR - Traceback (most recent call last):
  File "/home/ubuntu/code/drew/experiments/e2e_sam2/train_sam2/compare_models.py", line 314, in main
    finetuned_predictor = load_model(args.finetuned_checkpoint, args.model_cfg, device)
                          ^^^^^^^^^^^^^^^^^^^^^^^^^^^^^^^^^^^^^^^^^^^^^^^^^^^^^^^^^^^^^
  File "/home/ubuntu/code/drew/experiments/e2e_sam2/train_sam2/compare_models.py", line 96, in load_model
    model = build_sam2(model_cfg, checkpoint_path, device=device)
            ^^^^^^^^^^^^^^^^^^^^^^^^^^^^^^^^^^^^^^^^^^^^^^^^^^^^^
  File "/home/ubuntu/code/drew/sam2/sam2/build_sam.py", line 93, in build_sam2
    _load_checkpoint(model, ckpt_path)
  File "/home/ubuntu/code/drew/sam2/sam2/build_sam.py", line 166, in _load_checkpoint
    sd = torch.load(ckpt_path, map_location="cpu", weights_only=True)["model"]
         ~~~~~~~~~~~~~~~~~~~~~~~~~~~~~~~~~~~~~~~~~~~~~~~~~~~~~~~~~~~~^^^^^^^^^
KeyError: 'model'

