2025-04-18 17:49:35,037 - INFO - Logging initialized. Log file: ./comparison_results/logs/comparison_20250418_174935.log
2025-04-18 17:49:35,037 - INFO - Python version: 3.12.9 | packaged by Anaconda, Inc. | (main, Feb  6 2025, 18:56:27) [GCC 11.2.0]
2025-04-18 17:49:35,037 - INFO - PyTorch version: 2.6.0+cu124
2025-04-18 17:49:35,037 - INFO - OpenCV version: 4.11.0
2025-04-18 17:49:35,037 - INFO - Arguments: {'data_dir': '../data/davis-2017/DAVIS/', 'splits_dir': './dataset_splits', 'pretrained_checkpoint': '../checkpoints/sam2.1_hiera_large.pt', 'finetuned_checkpoint': './model_best.torch', 'model_cfg': '../configs/sam2.1/sam2.1_hiera_l.yaml', 'output_dir': './comparison_results', 'num_samples': -1, 'debug': False}
2025-04-18 17:49:35,080 - INFO - Using CUDA device: Tesla V100-SXM2-16GB
2025-04-18 17:49:35,080 - INFO - CUDA memory allocated: 0.00 GB
2025-04-18 17:49:35,080 - INFO - Loaded 17 samples from ./dataset_splits/val.json
2025-04-18 17:49:35,081 - INFO - 
Evaluating pre-trained model...
2025-04-18 17:49:35,081 - INFO - Loading model from ../checkpoints/sam2.1_hiera_large.pt
2025-04-18 17:49:35,081 - INFO - Loading as state dict: ../checkpoints/sam2.1_hiera_large.pt
2025-04-18 17:49:38,665 - INFO - Model loaded successfully
2025-04-18 17:49:38,694 - INFO - For numpy array image, we assume (HxWxC) format
2025-04-18 17:49:38,801 - INFO - Computing image embeddings for the provided image...
2025-04-18 17:49:39,136 - INFO - Image embeddings computed.
2025-04-18 17:49:39,327 - INFO - For numpy array image, we assume (HxWxC) format
2025-04-18 17:49:39,364 - INFO - Computing image embeddings for the provided image...
2025-04-18 17:49:39,401 - INFO - Image embeddings computed.
2025-04-18 17:49:39,591 - INFO - For numpy array image, we assume (HxWxC) format
2025-04-18 17:49:39,601 - INFO - Computing image embeddings for the provided image...
2025-04-18 17:49:39,638 - INFO - Image embeddings computed.
2025-04-18 17:49:39,819 - INFO - For numpy array image, we assume (HxWxC) format
2025-04-18 17:49:39,828 - INFO - Computing image embeddings for the provided image...
2025-04-18 17:49:39,866 - INFO - Image embeddings computed.
2025-04-18 17:49:40,046 - INFO - For numpy array image, we assume (HxWxC) format
2025-04-18 17:49:40,054 - INFO - Computing image embeddings for the provided image...
2025-04-18 17:49:40,092 - INFO - Image embeddings computed.
2025-04-18 17:49:40,271 - INFO - For numpy array image, we assume (HxWxC) format
2025-04-18 17:49:40,280 - INFO - Computing image embeddings for the provided image...
2025-04-18 17:49:40,318 - INFO - Image embeddings computed.
2025-04-18 17:49:40,498 - INFO - For numpy array image, we assume (HxWxC) format
2025-04-18 17:49:40,507 - INFO - Computing image embeddings for the provided image...
2025-04-18 17:49:40,544 - INFO - Image embeddings computed.
2025-04-18 17:49:40,724 - INFO - For numpy array image, we assume (HxWxC) format
2025-04-18 17:49:40,733 - INFO - Computing image embeddings for the provided image...
2025-04-18 17:49:40,770 - INFO - Image embeddings computed.
2025-04-18 17:49:40,951 - INFO - For numpy array image, we assume (HxWxC) format
2025-04-18 17:49:40,964 - INFO - Computing image embeddings for the provided image...
2025-04-18 17:49:41,001 - INFO - Image embeddings computed.
2025-04-18 17:49:41,182 - INFO - For numpy array image, we assume (HxWxC) format
2025-04-18 17:49:41,199 - INFO - Computing image embeddings for the provided image...
2025-04-18 17:49:41,236 - INFO - Image embeddings computed.
2025-04-18 17:49:41,417 - INFO - For numpy array image, we assume (HxWxC) format
2025-04-18 17:49:41,427 - INFO - Computing image embeddings for the provided image...
2025-04-18 17:49:41,464 - INFO - Image embeddings computed.
2025-04-18 17:49:41,645 - INFO - For numpy array image, we assume (HxWxC) format
2025-04-18 17:49:41,654 - INFO - Computing image embeddings for the provided image...
2025-04-18 17:49:41,691 - INFO - Image embeddings computed.
2025-04-18 17:49:41,873 - INFO - For numpy array image, we assume (HxWxC) format
2025-04-18 17:49:41,882 - INFO - Computing image embeddings for the provided image...
2025-04-18 17:49:41,920 - INFO - Image embeddings computed.
2025-04-18 17:49:42,100 - INFO - For numpy array image, we assume (HxWxC) format
2025-04-18 17:49:42,110 - INFO - Computing image embeddings for the provided image...
2025-04-18 17:49:42,147 - INFO - Image embeddings computed.
2025-04-18 17:49:42,331 - INFO - For numpy array image, we assume (HxWxC) format
2025-04-18 17:49:42,348 - INFO - Computing image embeddings for the provided image...
2025-04-18 17:49:42,386 - INFO - Image embeddings computed.
2025-04-18 17:49:42,566 - INFO - For numpy array image, we assume (HxWxC) format
2025-04-18 17:49:42,576 - INFO - Computing image embeddings for the provided image...
2025-04-18 17:49:42,613 - INFO - Image embeddings computed.
2025-04-18 17:49:42,793 - INFO - For numpy array image, we assume (HxWxC) format
2025-04-18 17:49:42,804 - INFO - Computing image embeddings for the provided image...
2025-04-18 17:49:42,841 - INFO - Image embeddings computed.
2025-04-18 17:49:42,998 - INFO - Evaluation completed. Processed 17 samples successfully.
2025-04-18 17:49:42,998 - INFO - 
Evaluating fine-tuned model...
2025-04-18 17:49:42,998 - INFO - Loading model from ./model_best.torch
2025-04-18 17:49:42,998 - INFO - Loading as state dict: ./model_best.torch
2025-04-18 17:49:46,115 - INFO - Model loaded successfully
2025-04-18 17:49:46,141 - INFO - For numpy array image, we assume (HxWxC) format
2025-04-18 17:49:46,147 - INFO - Computing image embeddings for the provided image...
2025-04-18 17:49:46,184 - INFO - Image embeddings computed.
2025-04-18 17:49:46,365 - INFO - For numpy array image, we assume (HxWxC) format
2025-04-18 17:49:46,371 - INFO - Computing image embeddings for the provided image...
2025-04-18 17:49:46,408 - INFO - Image embeddings computed.
2025-04-18 17:49:46,589 - INFO - For numpy array image, we assume (HxWxC) format
2025-04-18 17:49:46,598 - INFO - Computing image embeddings for the provided image...
2025-04-18 17:49:46,634 - INFO - Image embeddings computed.
2025-04-18 17:49:46,815 - INFO - For numpy array image, we assume (HxWxC) format
2025-04-18 17:49:46,824 - INFO - Computing image embeddings for the provided image...
2025-04-18 17:49:46,861 - INFO - Image embeddings computed.
2025-04-18 17:49:47,042 - INFO - For numpy array image, we assume (HxWxC) format
2025-04-18 17:49:47,051 - INFO - Computing image embeddings for the provided image...
2025-04-18 17:49:47,088 - INFO - Image embeddings computed.
2025-04-18 17:49:47,268 - INFO - For numpy array image, we assume (HxWxC) format
2025-04-18 17:49:47,278 - INFO - Computing image embeddings for the provided image...
2025-04-18 17:49:47,314 - INFO - Image embeddings computed.
2025-04-18 17:49:47,496 - INFO - For numpy array image, we assume (HxWxC) format
2025-04-18 17:49:47,505 - INFO - Computing image embeddings for the provided image...
2025-04-18 17:49:47,542 - INFO - Image embeddings computed.
2025-04-18 17:49:47,722 - INFO - For numpy array image, we assume (HxWxC) format
2025-04-18 17:49:47,732 - INFO - Computing image embeddings for the provided image...
2025-04-18 17:49:47,768 - INFO - Image embeddings computed.
2025-04-18 17:49:47,949 - INFO - For numpy array image, we assume (HxWxC) format
2025-04-18 17:49:47,958 - INFO - Computing image embeddings for the provided image...
2025-04-18 17:49:47,995 - INFO - Image embeddings computed.
2025-04-18 17:49:48,176 - INFO - For numpy array image, we assume (HxWxC) format
2025-04-18 17:49:48,185 - INFO - Computing image embeddings for the provided image...
2025-04-18 17:49:48,222 - INFO - Image embeddings computed.
2025-04-18 17:49:48,403 - INFO - For numpy array image, we assume (HxWxC) format
2025-04-18 17:49:48,409 - INFO - Computing image embeddings for the provided image...
2025-04-18 17:49:48,446 - INFO - Image embeddings computed.
2025-04-18 17:49:48,627 - INFO - For numpy array image, we assume (HxWxC) format
2025-04-18 17:49:48,636 - INFO - Computing image embeddings for the provided image...
2025-04-18 17:49:48,673 - INFO - Image embeddings computed.
2025-04-18 17:49:48,854 - INFO - For numpy array image, we assume (HxWxC) format
2025-04-18 17:49:48,863 - INFO - Computing image embeddings for the provided image...
2025-04-18 17:49:48,900 - INFO - Image embeddings computed.
2025-04-18 17:49:49,081 - INFO - For numpy array image, we assume (HxWxC) format
2025-04-18 17:49:49,090 - INFO - Computing image embeddings for the provided image...
2025-04-18 17:49:49,127 - INFO - Image embeddings computed.
2025-04-18 17:49:49,307 - INFO - For numpy array image, we assume (HxWxC) format
2025-04-18 17:49:49,317 - INFO - Computing image embeddings for the provided image...
2025-04-18 17:49:49,353 - INFO - Image embeddings computed.
2025-04-18 17:49:49,534 - INFO - For numpy array image, we assume (HxWxC) format
2025-04-18 17:49:49,543 - INFO - Computing image embeddings for the provided image...
2025-04-18 17:49:49,580 - INFO - Image embeddings computed.
2025-04-18 17:49:49,761 - INFO - For numpy array image, we assume (HxWxC) format
2025-04-18 17:49:49,771 - INFO - Computing image embeddings for the provided image...
2025-04-18 17:49:49,808 - INFO - Image embeddings computed.
2025-04-18 17:49:49,965 - INFO - Evaluation completed. Processed 17 samples successfully.
2025-04-18 17:49:49,966 - INFO - 
Model Comparison Results:
2025-04-18 17:49:49,967 - INFO - ================================================================================
2025-04-18 17:49:49,967 - INFO - Metric           Pre-trained   Fine-tuned  Improvement
2025-04-18 17:49:49,967 - INFO - --------------------------------------------------------------------------------
2025-04-18 17:49:49,967 - INFO - iou                   0.9612       0.9626         0.1%
2025-04-18 17:49:49,967 - INFO - dice                  0.9802       0.9810         0.1%
2025-04-18 17:49:49,967 - INFO - precision             0.9842       0.9814        -0.3%
2025-04-18 17:49:49,967 - INFO - recall                0.9763       0.9805         0.4%
2025-04-18 17:49:49,967 - INFO - 
Detailed results saved to: ./comparison_results/comparison_results.json
2025-04-18 17:49:49,968 - INFO - Log file: ./comparison_results/logs/comparison_20250418_174935.log
