2025-05-05 08:59:19,148 - INFO - ========================================
2025-05-05 08:59:19,148 - INFO - Blur Detection Script started at 20250505_085919
2025-05-05 08:59:19,148 - INFO - ========================================
2025-05-05 08:59:19,148 - ERROR - Video file not found: your_video.mp4
2025-05-05 08:59:19,148 - INFO - ========================================
2025-05-05 08:59:19,148 - INFO - Blur Detection Script finished
2025-05-05 08:59:19,148 - INFO - ========================================
2025-05-05 08:59:48,687 - INFO - ========================================
2025-05-05 08:59:48,687 - INFO - Blur Detection Script started at 20250505_085948
2025-05-05 08:59:48,687 - INFO - ========================================
2025-05-05 08:59:48,687 - ERROR - Video file not found: your_video.mp4
2025-05-05 08:59:48,687 - INFO - ========================================
2025-05-05 08:59:48,687 - INFO - Blur Detection Script finished
2025-05-05 08:59:48,688 - INFO - ========================================
2025-05-05 09:00:08,125 - INFO - ========================================
2025-05-05 09:00:08,126 - INFO - Blur Detection Script started at 20250505_090008
2025-05-05 09:00:08,126 - INFO - ========================================
2025-05-05 09:00:08,126 - INFO - Starting video analysis on: /Users/andrewdelacruz/e2e_sam2/data/Young_African_American_Woman_Headphones_1.mp4
2025-05-05 09:00:08,260 - INFO - Video dimensions: 3840x2160
2025-05-05 09:00:08,260 - INFO - FPS: 23.98
2025-05-05 09:00:08,260 - INFO - Total frames: 340
2025-05-05 09:00:08,260 - INFO - Duration: 14.18 seconds
